mode: set
github.com/jbenet/go-multiaddr-net/ip.go:29.39,33.17 2 1
github.com/jbenet/go-multiaddr-net/ip.go:37.2,37.52 1 1
github.com/jbenet/go-multiaddr-net/ip.go:42.2,42.17 1 1
github.com/jbenet/go-multiaddr-net/ip.go:46.2,46.19 1 1
github.com/jbenet/go-multiaddr-net/ip.go:33.17,35.3 1 0
github.com/jbenet/go-multiaddr-net/ip.go:37.52,39.3 1 1
github.com/jbenet/go-multiaddr-net/ip.go:42.17,44.3 1 1
github.com/jbenet/go-multiaddr-net/ip.go:47.2,48.14 1 1
github.com/jbenet/go-multiaddr-net/ip.go:49.2,50.15 1 1
github.com/jbenet/go-multiaddr-net/ip.go:57.40,61.47 2 1
github.com/jbenet/go-multiaddr-net/ip.go:66.2,66.59 1 1
github.com/jbenet/go-multiaddr-net/ip.go:70.2,70.14 1 0
github.com/jbenet/go-multiaddr-net/ip.go:61.47,63.3 1 1
github.com/jbenet/go-multiaddr-net/ip.go:66.59,68.3 1 1
github.com/jbenet/go-multiaddr-net/ip.go:77.42,79.2 1 1
github.com/jbenet/go-multiaddr-net/ip.go:83.43,85.2 1 1
github.com/jbenet/go-multiaddr-net/net.go:28.48,29.18 1 1
github.com/jbenet/go-multiaddr-net/net.go:33.2,34.16 2 1
github.com/jbenet/go-multiaddr-net/net.go:38.2,39.16 2 1
github.com/jbenet/go-multiaddr-net/net.go:43.2,47.8 1 1
github.com/jbenet/go-multiaddr-net/net.go:29.18,31.3 1 1
github.com/jbenet/go-multiaddr-net/net.go:34.16,36.3 1 0
github.com/jbenet/go-multiaddr-net/net.go:39.16,41.3 1 0
github.com/jbenet/go-multiaddr-net/net.go:60.48,62.2 1 1
github.com/jbenet/go-multiaddr-net/net.go:66.49,68.2 1 1
github.com/jbenet/go-multiaddr-net/net.go:89.58,92.24 1 1
github.com/jbenet/go-multiaddr-net/net.go:104.2,105.16 2 1
github.com/jbenet/go-multiaddr-net/net.go:110.2,111.14 2 1
github.com/jbenet/go-multiaddr-net/net.go:130.2,131.18 2 1
github.com/jbenet/go-multiaddr-net/net.go:138.2,142.8 1 1
github.com/jbenet/go-multiaddr-net/net.go:92.24,95.17 2 0
github.com/jbenet/go-multiaddr-net/net.go:100.3,100.29 1 0
github.com/jbenet/go-multiaddr-net/net.go:95.17,97.4 1 0
github.com/jbenet/go-multiaddr-net/net.go:105.16,107.3 1 0
github.com/jbenet/go-multiaddr-net/net.go:112.2,114.17 2 1
github.com/jbenet/go-multiaddr-net/net.go:117.2,124.17 3 1
github.com/jbenet/go-multiaddr-net/net.go:114.17,116.4 1 0
github.com/jbenet/go-multiaddr-net/net.go:124.17,126.4 1 0
github.com/jbenet/go-multiaddr-net/net.go:131.18,133.17 2 1
github.com/jbenet/go-multiaddr-net/net.go:133.17,135.4 1 0
github.com/jbenet/go-multiaddr-net/net.go:147.46,149.2 1 1
github.com/jbenet/go-multiaddr-net/net.go:181.49,183.2 1 0
github.com/jbenet/go-multiaddr-net/net.go:187.45,189.16 2 1
github.com/jbenet/go-multiaddr-net/net.go:193.2,194.16 2 1
github.com/jbenet/go-multiaddr-net/net.go:198.2,202.8 1 1
github.com/jbenet/go-multiaddr-net/net.go:189.16,191.3 1 0
github.com/jbenet/go-multiaddr-net/net.go:194.16,196.3 1 0
github.com/jbenet/go-multiaddr-net/net.go:206.47,208.2 1 1
github.com/jbenet/go-multiaddr-net/net.go:211.38,213.2 1 0
github.com/jbenet/go-multiaddr-net/net.go:219.51,223.16 2 1
github.com/jbenet/go-multiaddr-net/net.go:227.2,228.14 2 1
github.com/jbenet/go-multiaddr-net/net.go:234.2,234.16 1 1
github.com/jbenet/go-multiaddr-net/net.go:240.2,240.28 1 1
github.com/jbenet/go-multiaddr-net/net.go:223.16,225.3 1 0
github.com/jbenet/go-multiaddr-net/net.go:229.2,230.39 1 1
github.com/jbenet/go-multiaddr-net/net.go:231.2,232.37 1 1
github.com/jbenet/go-multiaddr-net/net.go:234.16,236.3 1 1
github.com/jbenet/go-multiaddr-net/net.go:244.57,246.16 2 1
github.com/jbenet/go-multiaddr-net/net.go:250.2,253.8 1 1
github.com/jbenet/go-multiaddr-net/net.go:246.16,248.3 1 0
github.com/jbenet/go-multiaddr-net/net.go:257.52,259.16 2 0
github.com/jbenet/go-multiaddr-net/net.go:263.2,264.26 2 0
github.com/jbenet/go-multiaddr-net/net.go:270.2,270.20 1 0
github.com/jbenet/go-multiaddr-net/net.go:259.16,261.3 1 0
github.com/jbenet/go-multiaddr-net/net.go:264.26,266.17 2 0
github.com/jbenet/go-multiaddr-net/net.go:266.17,268.4 1 0
github.com/jbenet/go-multiaddr-net/net.go:274.73,280.26 3 1
github.com/jbenet/go-multiaddr-net/net.go:297.2,297.12 1 1
github.com/jbenet/go-multiaddr-net/net.go:280.26,282.27 2 1
github.com/jbenet/go-multiaddr-net/net.go:286.3,287.26 2 1
github.com/jbenet/go-multiaddr-net/net.go:293.3,293.12 1 1
github.com/jbenet/go-multiaddr-net/net.go:282.27,283.12 1 1
github.com/jbenet/go-multiaddr-net/net.go:287.26,288.30 1 1
github.com/jbenet/go-multiaddr-net/net.go:288.30,290.10 2 1
github.com/jbenet/go-multiaddr-net/net.go:293.12,295.4 1 1
github.com/jbenet/go-multiaddr-net/registry.go:18.81,23.2 4 1
github.com/jbenet/go-multiaddr-net/registry.go:25.13,35.26 4 1
github.com/jbenet/go-multiaddr-net/registry.go:41.2,41.49 1 1
github.com/jbenet/go-multiaddr-net/registry.go:45.2,45.44 1 1
github.com/jbenet/go-multiaddr-net/registry.go:35.26,39.3 3 1
github.com/jbenet/go-multiaddr-net/registry.go:41.49,43.3 1 1
github.com/jbenet/go-multiaddr-net/registry.go:48.52,53.9 4 1
github.com/jbenet/go-multiaddr-net/registry.go:56.2,56.20 1 1
github.com/jbenet/go-multiaddr-net/registry.go:53.9,55.3 1 0
github.com/jbenet/go-multiaddr-net/registry.go:59.55,63.9 4 1
github.com/jbenet/go-multiaddr-net/registry.go:67.2,67.15 1 1
github.com/jbenet/go-multiaddr-net/registry.go:63.9,65.3 1 0
github.com/jbenet/go-multiaddr-net/convert.go:14.56,16.9 2 1
github.com/jbenet/go-multiaddr-net/convert.go:21.2,22.16 2 1
github.com/jbenet/go-multiaddr-net/convert.go:27.2,28.16 2 1
github.com/jbenet/go-multiaddr-net/convert.go:33.2,33.35 1 1
github.com/jbenet/go-multiaddr-net/convert.go:16.9,18.3 1 0
github.com/jbenet/go-multiaddr-net/convert.go:22.16,24.3 1 0
github.com/jbenet/go-multiaddr-net/convert.go:28.16,30.3 1 0
github.com/jbenet/go-multiaddr-net/convert.go:36.56,38.9 2 1
github.com/jbenet/go-multiaddr-net/convert.go:43.2,44.16 2 1
github.com/jbenet/go-multiaddr-net/convert.go:49.2,50.16 2 1
github.com/jbenet/go-multiaddr-net/convert.go:55.2,55.35 1 1
github.com/jbenet/go-multiaddr-net/convert.go:38.9,40.3 1 0
github.com/jbenet/go-multiaddr-net/convert.go:44.16,46.3 1 0
github.com/jbenet/go-multiaddr-net/convert.go:50.16,52.3 1 0
github.com/jbenet/go-multiaddr-net/convert.go:58.56,60.9 2 1
github.com/jbenet/go-multiaddr-net/convert.go:65.2,66.9 2 1
github.com/jbenet/go-multiaddr-net/convert.go:71.2,72.16 2 1
github.com/jbenet/go-multiaddr-net/convert.go:77.2,78.16 2 1
github.com/jbenet/go-multiaddr-net/convert.go:83.2,83.35 1 1
github.com/jbenet/go-multiaddr-net/convert.go:60.9,62.3 1 0
github.com/jbenet/go-multiaddr-net/convert.go:66.9,68.3 1 0
github.com/jbenet/go-multiaddr-net/convert.go:72.16,74.3 1 0
github.com/jbenet/go-multiaddr-net/convert.go:78.16,80.3 1 0
github.com/jbenet/go-multiaddr-net/convert.go:86.55,88.9 2 0
github.com/jbenet/go-multiaddr-net/convert.go:91.2,91.22 1 0
github.com/jbenet/go-multiaddr-net/convert.go:88.9,90.3 1 0
github.com/jbenet/go-multiaddr-net/convert.go:94.59,96.9 2 0
github.com/jbenet/go-multiaddr-net/convert.go:99.2,99.22 1 0
github.com/jbenet/go-multiaddr-net/convert.go:96.9,98.3 1 0
github.com/jbenet/go-multiaddr-net/convert.go:103.52,104.14 1 1
github.com/jbenet/go-multiaddr-net/convert.go:107.2,108.16 2 1
github.com/jbenet/go-multiaddr-net/convert.go:112.2,112.13 1 1
github.com/jbenet/go-multiaddr-net/convert.go:104.14,106.3 1 0
github.com/jbenet/go-multiaddr-net/convert.go:108.16,110.3 1 0
github.com/jbenet/go-multiaddr-net/convert.go:118.54,123.16 4 1
github.com/jbenet/go-multiaddr-net/convert.go:127.2,127.17 1 1
github.com/jbenet/go-multiaddr-net/convert.go:123.16,125.3 1 0
github.com/jbenet/go-multiaddr-net/convert.go:130.62,132.16 2 1
github.com/jbenet/go-multiaddr-net/convert.go:136.2,136.17 1 1
github.com/jbenet/go-multiaddr-net/convert.go:147.2,147.62 1 0
github.com/jbenet/go-multiaddr-net/convert.go:132.16,134.3 1 0
github.com/jbenet/go-multiaddr-net/convert.go:137.2,138.43 1 1
github.com/jbenet/go-multiaddr-net/convert.go:139.2,140.43 1 0
github.com/jbenet/go-multiaddr-net/convert.go:141.2,142.40 1 0
github.com/jbenet/go-multiaddr-net/convert.go:143.2,144.42 1 0
github.com/jbenet/go-multiaddr-net/convert.go:151.46,152.9 1 1
github.com/jbenet/go-multiaddr-net/convert.go:153.2,154.48 1 1
github.com/jbenet/go-multiaddr-net/convert.go:155.2,156.48 1 1
github.com/jbenet/go-multiaddr-net/convert.go:157.2,158.34 1 0
github.com/jbenet/go-multiaddr-net/convert.go:163.55,164.21 1 1
github.com/jbenet/go-multiaddr-net/convert.go:168.2,171.21 3 1
github.com/jbenet/go-multiaddr-net/convert.go:175.2,176.62 2 1
github.com/jbenet/go-multiaddr-net/convert.go:180.2,181.18 2 1
github.com/jbenet/go-multiaddr-net/convert.go:189.2,189.27 1 1
github.com/jbenet/go-multiaddr-net/convert.go:164.21,166.3 1 0
github.com/jbenet/go-multiaddr-net/convert.go:171.21,173.3 1 0
github.com/jbenet/go-multiaddr-net/convert.go:176.62,178.3 1 1
github.com/jbenet/go-multiaddr-net/convert.go:182.2,184.57 2 1
github.com/jbenet/go-multiaddr-net/convert.go:185.2,187.52 2 1
