mode: set
github.com/OpenBazaar/openbazaar-go/api/utils.go:20.142,22.20 2 0
github.com/OpenBazaar/openbazaar-go/api/utils.go:25.2,26.16 2 0
github.com/OpenBazaar/openbazaar-go/api/utils.go:29.2,31.27 3 0
github.com/OpenBazaar/openbazaar-go/api/utils.go:40.2,42.24 3 0
github.com/OpenBazaar/openbazaar-go/api/utils.go:52.2,52.73 1 0
github.com/OpenBazaar/openbazaar-go/api/utils.go:22.20,24.3 1 0
github.com/OpenBazaar/openbazaar-go/api/utils.go:26.16,28.3 1 0
github.com/OpenBazaar/openbazaar-go/api/utils.go:31.27,32.14 1 0
github.com/OpenBazaar/openbazaar-go/api/utils.go:32.14,34.18 2 0
github.com/OpenBazaar/openbazaar-go/api/utils.go:37.4,37.55 1 0
github.com/OpenBazaar/openbazaar-go/api/utils.go:34.18,36.5 1 0
github.com/OpenBazaar/openbazaar-go/api/utils.go:42.24,43.34 1 0
github.com/OpenBazaar/openbazaar-go/api/utils.go:43.34,44.33 1 0
github.com/OpenBazaar/openbazaar-go/api/utils.go:45.20,46.27 1 0
github.com/OpenBazaar/openbazaar-go/api/utils.go:47.16,48.22 1 0
github.com/OpenBazaar/openbazaar-go/api/utils.go:55.55,57.27 2 0
github.com/OpenBazaar/openbazaar-go/api/utils.go:60.2,60.20 1 0
github.com/OpenBazaar/openbazaar-go/api/utils.go:57.27,59.3 1 0
github.com/OpenBazaar/openbazaar-go/api/utils.go:63.104,65.27 2 1
github.com/OpenBazaar/openbazaar-go/api/utils.go:71.2,72.33 2 1
github.com/OpenBazaar/openbazaar-go/api/utils.go:76.2,76.33 1 1
github.com/OpenBazaar/openbazaar-go/api/utils.go:82.2,82.33 1 1
github.com/OpenBazaar/openbazaar-go/api/utils.go:88.2,88.24 1 1
github.com/OpenBazaar/openbazaar-go/api/utils.go:65.27,66.39 1 1
github.com/OpenBazaar/openbazaar-go/api/utils.go:66.39,68.4 1 1
github.com/OpenBazaar/openbazaar-go/api/utils.go:72.33,74.3 1 1
github.com/OpenBazaar/openbazaar-go/api/utils.go:76.33,77.26 1 1
github.com/OpenBazaar/openbazaar-go/api/utils.go:77.26,79.4 1 1
github.com/OpenBazaar/openbazaar-go/api/utils.go:82.33,83.22 1 1
github.com/OpenBazaar/openbazaar-go/api/utils.go:83.22,85.4 1 1
github.com/OpenBazaar/openbazaar-go/api/ws.go:27.31,28.6 1 0
github.com/OpenBazaar/openbazaar-go/api/ws.go:39.2,39.14 1 0
github.com/OpenBazaar/openbazaar-go/api/ws.go:28.6,30.17 2 0
github.com/OpenBazaar/openbazaar-go/api/ws.go:34.3,37.27 2 0
github.com/OpenBazaar/openbazaar-go/api/ws.go:30.17,32.9 2 0
github.com/OpenBazaar/openbazaar-go/api/ws.go:42.31,43.30 1 0
github.com/OpenBazaar/openbazaar-go/api/ws.go:50.2,50.14 1 0
github.com/OpenBazaar/openbazaar-go/api/ws.go:43.30,45.17 2 0
github.com/OpenBazaar/openbazaar-go/api/ws.go:45.17,47.9 2 0
github.com/OpenBazaar/openbazaar-go/api/ws.go:56.46,56.61 1 0
github.com/OpenBazaar/openbazaar-go/api/ws.go:73.109,77.39 4 1
github.com/OpenBazaar/openbazaar-go/api/ws.go:80.2,91.17 2 1
github.com/OpenBazaar/openbazaar-go/api/ws.go:77.39,79.3 1 0
github.com/OpenBazaar/openbazaar-go/api/ws.go:94.72,95.18 1 0
github.com/OpenBazaar/openbazaar-go/api/ws.go:100.2,100.29 1 0
github.com/OpenBazaar/openbazaar-go/api/ws.go:109.2,109.23 1 0
github.com/OpenBazaar/openbazaar-go/api/ws.go:137.2,138.16 2 0
github.com/OpenBazaar/openbazaar-go/api/ws.go:142.2,145.15 4 0
github.com/OpenBazaar/openbazaar-go/api/ws.go:146.2,147.12 2 0
github.com/OpenBazaar/openbazaar-go/api/ws.go:95.18,99.3 3 0
github.com/OpenBazaar/openbazaar-go/api/ws.go:100.29,102.37 2 0
github.com/OpenBazaar/openbazaar-go/api/ws.go:102.37,107.4 4 0
github.com/OpenBazaar/openbazaar-go/api/ws.go:109.23,110.47 1 0
github.com/OpenBazaar/openbazaar-go/api/ws.go:110.47,112.18 2 0
github.com/OpenBazaar/openbazaar-go/api/ws.go:118.4,118.40 1 0
github.com/OpenBazaar/openbazaar-go/api/ws.go:112.18,117.5 4 0
github.com/OpenBazaar/openbazaar-go/api/ws.go:118.40,123.5 4 0
github.com/OpenBazaar/openbazaar-go/api/ws.go:124.9,128.85 4 0
github.com/OpenBazaar/openbazaar-go/api/ws.go:128.85,133.5 4 0
github.com/OpenBazaar/openbazaar-go/api/ws.go:138.16,141.3 2 0
github.com/OpenBazaar/openbazaar-go/api/ws.go:145.15,145.38 1 0
github.com/OpenBazaar/openbazaar-go/api/endpoints.go:8.82,9.9 1 0
github.com/OpenBazaar/openbazaar-go/api/endpoints.go:10.46,11.21 1 0
github.com/OpenBazaar/openbazaar-go/api/endpoints.go:12.47,13.22 1 0
github.com/OpenBazaar/openbazaar-go/api/endpoints.go:14.48,15.23 1 0
github.com/OpenBazaar/openbazaar-go/api/endpoints.go:16.46,17.21 1 0
github.com/OpenBazaar/openbazaar-go/api/endpoints.go:18.43,19.18 1 0
github.com/OpenBazaar/openbazaar-go/api/endpoints.go:20.10,21.53 1 0
github.com/OpenBazaar/openbazaar-go/api/endpoints.go:26.83,27.9 1 0
github.com/OpenBazaar/openbazaar-go/api/endpoints.go:28.46,29.22 1 0
github.com/OpenBazaar/openbazaar-go/api/endpoints.go:30.45,31.51 1 0
github.com/OpenBazaar/openbazaar-go/api/endpoints.go:32.47,33.53 1 0
github.com/OpenBazaar/openbazaar-go/api/endpoints.go:34.46,35.22 1 0
github.com/OpenBazaar/openbazaar-go/api/endpoints.go:36.45,37.20 1 0
github.com/OpenBazaar/openbazaar-go/api/endpoints.go:38.48,39.25 1 0
github.com/OpenBazaar/openbazaar-go/api/endpoints.go:40.47,41.23 1 0
github.com/OpenBazaar/openbazaar-go/api/endpoints.go:42.48,43.24 1 0
github.com/OpenBazaar/openbazaar-go/api/endpoints.go:44.45,45.21 1 0
github.com/OpenBazaar/openbazaar-go/api/endpoints.go:46.45,47.21 1 0
github.com/OpenBazaar/openbazaar-go/api/endpoints.go:48.56,49.62 1 0
github.com/OpenBazaar/openbazaar-go/api/endpoints.go:50.50,51.56 1 0
github.com/OpenBazaar/openbazaar-go/api/endpoints.go:52.55,53.57 1 0
github.com/OpenBazaar/openbazaar-go/api/endpoints.go:54.54,55.58 1 0
github.com/OpenBazaar/openbazaar-go/api/endpoints.go:56.49,57.63 1 0
github.com/OpenBazaar/openbazaar-go/api/endpoints.go:58.45,59.51 1 0
github.com/OpenBazaar/openbazaar-go/api/endpoints.go:60.59,61.31 1 0
github.com/OpenBazaar/openbazaar-go/api/endpoints.go:62.50,63.22 1 0
github.com/OpenBazaar/openbazaar-go/api/endpoints.go:64.50,65.56 1 0
github.com/OpenBazaar/openbazaar-go/api/endpoints.go:66.51,67.57 1 0
github.com/OpenBazaar/openbazaar-go/api/endpoints.go:68.51,69.57 1 0
github.com/OpenBazaar/openbazaar-go/api/endpoints.go:70.52,71.58 1 0
github.com/OpenBazaar/openbazaar-go/api/endpoints.go:72.43,73.49 1 0
github.com/OpenBazaar/openbazaar-go/api/endpoints.go:74.50,75.26 1 0
github.com/OpenBazaar/openbazaar-go/api/endpoints.go:76.52,77.28 1 0
github.com/OpenBazaar/openbazaar-go/api/endpoints.go:78.48,79.54 1 0
github.com/OpenBazaar/openbazaar-go/api/endpoints.go:80.53,81.59 1 0
github.com/OpenBazaar/openbazaar-go/api/endpoints.go:82.61,83.37 1 0
github.com/OpenBazaar/openbazaar-go/api/endpoints.go:84.62,85.38 1 0
github.com/OpenBazaar/openbazaar-go/api/endpoints.go:86.52,87.28 1 0
github.com/OpenBazaar/openbazaar-go/api/endpoints.go:88.48,89.24 1 0
github.com/OpenBazaar/openbazaar-go/api/endpoints.go:90.47,91.23 1 0
github.com/OpenBazaar/openbazaar-go/api/endpoints.go:92.52,93.28 1 0
github.com/OpenBazaar/openbazaar-go/api/endpoints.go:94.51,95.27 1 0
github.com/OpenBazaar/openbazaar-go/api/endpoints.go:96.44,97.20 1 0
github.com/OpenBazaar/openbazaar-go/api/endpoints.go:98.48,99.24 1 0
github.com/OpenBazaar/openbazaar-go/api/endpoints.go:100.47,101.53 1 0
github.com/OpenBazaar/openbazaar-go/api/endpoints.go:102.44,103.20 1 0
github.com/OpenBazaar/openbazaar-go/api/endpoints.go:104.46,105.22 1 0
github.com/OpenBazaar/openbazaar-go/api/endpoints.go:106.53,107.29 1 0
github.com/OpenBazaar/openbazaar-go/api/endpoints.go:108.49,109.25 1 0
github.com/OpenBazaar/openbazaar-go/api/endpoints.go:110.61,111.37 1 0
github.com/OpenBazaar/openbazaar-go/api/endpoints.go:112.43,113.19 1 0
github.com/OpenBazaar/openbazaar-go/api/endpoints.go:114.57,115.33 1 0
github.com/OpenBazaar/openbazaar-go/api/endpoints.go:116.10,117.53 1 0
github.com/OpenBazaar/openbazaar-go/api/endpoints.go:122.82,123.9 1 0
github.com/OpenBazaar/openbazaar-go/api/endpoints.go:124.45,125.20 1 0
github.com/OpenBazaar/openbazaar-go/api/endpoints.go:126.44,127.19 1 0
github.com/OpenBazaar/openbazaar-go/api/endpoints.go:128.45,129.20 1 0
github.com/OpenBazaar/openbazaar-go/api/endpoints.go:130.50,131.21 1 0
github.com/OpenBazaar/openbazaar-go/api/endpoints.go:132.51,133.22 1 0
github.com/OpenBazaar/openbazaar-go/api/endpoints.go:134.50,135.21 1 0
github.com/OpenBazaar/openbazaar-go/api/endpoints.go:136.55,137.26 1 0
github.com/OpenBazaar/openbazaar-go/api/endpoints.go:138.47,139.22 1 0
github.com/OpenBazaar/openbazaar-go/api/endpoints.go:140.51,141.26 1 0
github.com/OpenBazaar/openbazaar-go/api/endpoints.go:142.51,143.26 1 0
github.com/OpenBazaar/openbazaar-go/api/endpoints.go:144.48,145.23 1 0
github.com/OpenBazaar/openbazaar-go/api/endpoints.go:146.48,147.23 1 0
github.com/OpenBazaar/openbazaar-go/api/endpoints.go:148.48,149.23 1 0
github.com/OpenBazaar/openbazaar-go/api/endpoints.go:150.46,151.21 1 0
github.com/OpenBazaar/openbazaar-go/api/endpoints.go:152.47,153.22 1 0
github.com/OpenBazaar/openbazaar-go/api/endpoints.go:154.46,155.21 1 0
github.com/OpenBazaar/openbazaar-go/api/endpoints.go:156.48,157.23 1 0
github.com/OpenBazaar/openbazaar-go/api/endpoints.go:158.50,159.25 1 0
github.com/OpenBazaar/openbazaar-go/api/endpoints.go:160.44,161.19 1 0
github.com/OpenBazaar/openbazaar-go/api/endpoints.go:162.49,163.24 1 0
github.com/OpenBazaar/openbazaar-go/api/endpoints.go:164.51,165.26 1 0
github.com/OpenBazaar/openbazaar-go/api/endpoints.go:166.56,167.31 1 0
github.com/OpenBazaar/openbazaar-go/api/endpoints.go:168.52,169.27 1 0
github.com/OpenBazaar/openbazaar-go/api/endpoints.go:170.44,171.19 1 0
github.com/OpenBazaar/openbazaar-go/api/endpoints.go:172.45,173.20 1 0
github.com/OpenBazaar/openbazaar-go/api/endpoints.go:174.45,175.20 1 0
github.com/OpenBazaar/openbazaar-go/api/endpoints.go:176.48,177.23 1 0
github.com/OpenBazaar/openbazaar-go/api/endpoints.go:178.44,179.19 1 0
github.com/OpenBazaar/openbazaar-go/api/endpoints.go:180.44,181.19 1 0
github.com/OpenBazaar/openbazaar-go/api/endpoints.go:182.43,183.18 1 0
github.com/OpenBazaar/openbazaar-go/api/endpoints.go:184.54,185.25 1 0
github.com/OpenBazaar/openbazaar-go/api/endpoints.go:186.47,187.18 1 0
github.com/OpenBazaar/openbazaar-go/api/endpoints.go:188.46,189.21 1 0
github.com/OpenBazaar/openbazaar-go/api/endpoints.go:190.45,191.20 1 0
github.com/OpenBazaar/openbazaar-go/api/endpoints.go:192.50,193.25 1 0
github.com/OpenBazaar/openbazaar-go/api/endpoints.go:194.49,195.26 1 0
github.com/OpenBazaar/openbazaar-go/api/endpoints.go:196.43,197.18 1 0
github.com/OpenBazaar/openbazaar-go/api/endpoints.go:198.50,199.25 1 0
github.com/OpenBazaar/openbazaar-go/api/endpoints.go:200.47,201.22 1 0
github.com/OpenBazaar/openbazaar-go/api/endpoints.go:202.44,203.19 1 0
github.com/OpenBazaar/openbazaar-go/api/endpoints.go:204.43,205.18 1 0
github.com/OpenBazaar/openbazaar-go/api/endpoints.go:206.10,207.53 1 0
github.com/OpenBazaar/openbazaar-go/api/endpoints.go:211.84,212.9 1 0
github.com/OpenBazaar/openbazaar-go/api/endpoints.go:213.47,214.24 1 0
github.com/OpenBazaar/openbazaar-go/api/endpoints.go:215.46,216.23 1 0
github.com/OpenBazaar/openbazaar-go/api/endpoints.go:217.10,218.53 1 0
github.com/OpenBazaar/openbazaar-go/api/endpoints.go:222.86,223.9 1 0
github.com/OpenBazaar/openbazaar-go/api/endpoints.go:224.48,225.26 1 0
github.com/OpenBazaar/openbazaar-go/api/endpoints.go:226.46,227.24 1 0
github.com/OpenBazaar/openbazaar-go/api/endpoints.go:228.50,229.28 1 0
github.com/OpenBazaar/openbazaar-go/api/endpoints.go:230.55,231.33 1 0
github.com/OpenBazaar/openbazaar-go/api/endpoints.go:232.52,233.29 1 0
github.com/OpenBazaar/openbazaar-go/api/endpoints.go:234.48,235.26 1 0
github.com/OpenBazaar/openbazaar-go/api/endpoints.go:236.43,237.21 1 0
github.com/OpenBazaar/openbazaar-go/api/endpoints.go:238.10,239.53 1 0
github.com/OpenBazaar/openbazaar-go/api/endpoints.go:243.51,246.21 3 0
github.com/OpenBazaar/openbazaar-go/api/endpoints.go:259.2,259.14 1 0
github.com/OpenBazaar/openbazaar-go/api/endpoints.go:246.21,247.33 1 0
github.com/OpenBazaar/openbazaar-go/api/endpoints.go:247.33,248.34 1 0
github.com/OpenBazaar/openbazaar-go/api/endpoints.go:248.34,250.5 1 0
github.com/OpenBazaar/openbazaar-go/api/endpoints.go:252.8,252.29 1 0
github.com/OpenBazaar/openbazaar-go/api/endpoints.go:252.29,253.34 1 0
github.com/OpenBazaar/openbazaar-go/api/endpoints.go:253.34,254.34 1 0
github.com/OpenBazaar/openbazaar-go/api/endpoints.go:254.34,256.5 1 0
github.com/OpenBazaar/openbazaar-go/api/endpoints.go:262.149,265.2 2 0
github.com/OpenBazaar/openbazaar-go/api/gateway.go:23.181,40.33 10 1
github.com/OpenBazaar/openbazaar-go/api/gateway.go:47.2,51.8 1 1
github.com/OpenBazaar/openbazaar-go/api/gateway.go:40.33,42.17 2 0
github.com/OpenBazaar/openbazaar-go/api/gateway.go:42.17,44.4 1 0
github.com/OpenBazaar/openbazaar-go/api/gateway.go:55.33,58.2 2 0
github.com/OpenBazaar/openbazaar-go/api/gateway.go:61.33,63.18 2 1
github.com/OpenBazaar/openbazaar-go/api/gateway.go:68.2,68.12 1 0
github.com/OpenBazaar/openbazaar-go/api/gateway.go:63.18,65.3 1 0
github.com/OpenBazaar/openbazaar-go/api/gateway.go:65.8,67.3 1 1
github.com/OpenBazaar/openbazaar-go/api/hub.go:17.20,24.2 1 1
github.com/OpenBazaar/openbazaar-go/api/hub.go:26.21,27.6 1 1
github.com/OpenBazaar/openbazaar-go/api/hub.go:27.6,28.10 1 1
github.com/OpenBazaar/openbazaar-go/api/hub.go:29.26,31.52 2 0
github.com/OpenBazaar/openbazaar-go/api/hub.go:32.28,33.37 1 0
github.com/OpenBazaar/openbazaar-go/api/hub.go:37.4,37.50 1 0
github.com/OpenBazaar/openbazaar-go/api/hub.go:38.27,39.33 1 0
github.com/OpenBazaar/openbazaar-go/api/hub.go:33.37,36.5 2 0
github.com/OpenBazaar/openbazaar-go/api/hub.go:39.33,40.12 1 0
github.com/OpenBazaar/openbazaar-go/api/hub.go:41.22,41.22 0 0
github.com/OpenBazaar/openbazaar-go/api/hub.go:42.13,44.19 2 0
github.com/OpenBazaar/openbazaar-go/api/jsonapi.go:69.116,71.39 2 1
github.com/OpenBazaar/openbazaar-go/api/jsonapi.go:74.2,87.10 2 1
github.com/OpenBazaar/openbazaar-go/api/jsonapi.go:71.39,73.3 1 0
github.com/OpenBazaar/openbazaar-go/api/jsonapi.go:90.76,92.16 2 0
github.com/OpenBazaar/openbazaar-go/api/jsonapi.go:96.2,96.64 1 0
github.com/OpenBazaar/openbazaar-go/api/jsonapi.go:101.2,101.34 1 0
github.com/OpenBazaar/openbazaar-go/api/jsonapi.go:110.2,110.26 1 0
github.com/OpenBazaar/openbazaar-go/api/jsonapi.go:116.2,116.37 1 0
github.com/OpenBazaar/openbazaar-go/api/jsonapi.go:120.2,120.28 1 0
github.com/OpenBazaar/openbazaar-go/api/jsonapi.go:153.2,153.27 1 0
github.com/OpenBazaar/openbazaar-go/api/jsonapi.go:156.2,159.16 4 0
github.com/OpenBazaar/openbazaar-go/api/jsonapi.go:162.2,163.15 2 0
github.com/OpenBazaar/openbazaar-go/api/jsonapi.go:171.2,172.18 2 0
github.com/OpenBazaar/openbazaar-go/api/jsonapi.go:92.16,95.3 2 0
github.com/OpenBazaar/openbazaar-go/api/jsonapi.go:96.64,100.3 3 0
github.com/OpenBazaar/openbazaar-go/api/jsonapi.go:101.34,103.42 2 0
github.com/OpenBazaar/openbazaar-go/api/jsonapi.go:103.42,107.4 3 0
github.com/OpenBazaar/openbazaar-go/api/jsonapi.go:110.26,114.3 3 0
github.com/OpenBazaar/openbazaar-go/api/jsonapi.go:116.37,118.3 1 0
github.com/OpenBazaar/openbazaar-go/api/jsonapi.go:120.28,121.57 1 0
github.com/OpenBazaar/openbazaar-go/api/jsonapi.go:121.57,123.18 2 0
github.com/OpenBazaar/openbazaar-go/api/jsonapi.go:128.4,128.45 1 0
github.com/OpenBazaar/openbazaar-go/api/jsonapi.go:123.18,127.5 3 0
github.com/OpenBazaar/openbazaar-go/api/jsonapi.go:128.45,132.5 3 0
github.com/OpenBazaar/openbazaar-go/api/jsonapi.go:133.9,135.29 1 0
github.com/OpenBazaar/openbazaar-go/api/jsonapi.go:141.4,144.95 4 0
github.com/OpenBazaar/openbazaar-go/api/jsonapi.go:135.29,139.5 3 0
github.com/OpenBazaar/openbazaar-go/api/jsonapi.go:144.95,148.5 3 0
github.com/OpenBazaar/openbazaar-go/api/jsonapi.go:153.27,155.3 1 0
github.com/OpenBazaar/openbazaar-go/api/jsonapi.go:159.16,161.3 1 0
github.com/OpenBazaar/openbazaar-go/api/jsonapi.go:163.15,164.31 1 0
github.com/OpenBazaar/openbazaar-go/api/jsonapi.go:164.31,168.4 3 0
github.com/OpenBazaar/openbazaar-go/api/jsonapi.go:173.13,174.27 1 0
github.com/OpenBazaar/openbazaar-go/api/jsonapi.go:175.14,176.28 1 0
github.com/OpenBazaar/openbazaar-go/api/jsonapi.go:177.13,178.27 1 0
github.com/OpenBazaar/openbazaar-go/api/jsonapi.go:179.16,180.31 1 0
github.com/OpenBazaar/openbazaar-go/api/jsonapi.go:181.15,182.29 1 0
github.com/OpenBazaar/openbazaar-go/api/jsonapi.go:183.14,184.27 1 0
github.com/OpenBazaar/openbazaar-go/api/jsonapi.go:188.73,198.2 6 0
github.com/OpenBazaar/openbazaar-go/api/jsonapi.go:200.73,203.2 2 0
github.com/OpenBazaar/openbazaar-go/api/jsonapi.go:205.79,208.53 3 0
github.com/OpenBazaar/openbazaar-go/api/jsonapi.go:213.2,213.58 1 0
github.com/OpenBazaar/openbazaar-go/api/jsonapi.go:208.53,211.3 2 0
github.com/OpenBazaar/openbazaar-go/api/jsonapi.go:216.64,218.16 2 0
github.com/OpenBazaar/openbazaar-go/api/jsonapi.go:222.2,222.28 1 0
github.com/OpenBazaar/openbazaar-go/api/jsonapi.go:218.16,221.3 2 0
github.com/OpenBazaar/openbazaar-go/api/jsonapi.go:225.82,227.16 2 0
github.com/OpenBazaar/openbazaar-go/api/jsonapi.go:231.2,231.28 1 0
github.com/OpenBazaar/openbazaar-go/api/jsonapi.go:227.16,230.3 2 0
github.com/OpenBazaar/openbazaar-go/api/jsonapi.go:234.40,236.2 1 0
github.com/OpenBazaar/openbazaar-go/api/jsonapi.go:238.78,243.26 3 0
github.com/OpenBazaar/openbazaar-go/api/jsonapi.go:249.2,251.16 3 0
github.com/OpenBazaar/openbazaar-go/api/jsonapi.go:257.2,258.16 2 0
github.com/OpenBazaar/openbazaar-go/api/jsonapi.go:264.2,264.23 1 0
github.com/OpenBazaar/openbazaar-go/api/jsonapi.go:272.2,273.16 2 0
github.com/OpenBazaar/openbazaar-go/api/jsonapi.go:279.2,279.42 1 0
github.com/OpenBazaar/openbazaar-go/api/jsonapi.go:285.2,292.16 3 0
github.com/OpenBazaar/openbazaar-go/api/jsonapi.go:296.2,296.45 1 0
github.com/OpenBazaar/openbazaar-go/api/jsonapi.go:243.26,246.3 2 0
github.com/OpenBazaar/openbazaar-go/api/jsonapi.go:251.16,254.3 2 0
github.com/OpenBazaar/openbazaar-go/api/jsonapi.go:258.16,261.3 2 0
github.com/OpenBazaar/openbazaar-go/api/jsonapi.go:264.23,265.74 1 0
github.com/OpenBazaar/openbazaar-go/api/jsonapi.go:265.74,268.4 2 0
github.com/OpenBazaar/openbazaar-go/api/jsonapi.go:273.16,276.3 2 0
github.com/OpenBazaar/openbazaar-go/api/jsonapi.go:279.42,282.3 2 0
github.com/OpenBazaar/openbazaar-go/api/jsonapi.go:292.16,295.3 2 0
github.com/OpenBazaar/openbazaar-go/api/jsonapi.go:299.77,303.16 2 0
github.com/OpenBazaar/openbazaar-go/api/jsonapi.go:309.2,311.16 3 0
github.com/OpenBazaar/openbazaar-go/api/jsonapi.go:317.2,318.16 2 0
github.com/OpenBazaar/openbazaar-go/api/jsonapi.go:324.2,324.72 1 0
github.com/OpenBazaar/openbazaar-go/api/jsonapi.go:337.2,338.16 2 0
github.com/OpenBazaar/openbazaar-go/api/jsonapi.go:344.2,344.42 1 0
github.com/OpenBazaar/openbazaar-go/api/jsonapi.go:350.2,357.16 3 0
github.com/OpenBazaar/openbazaar-go/api/jsonapi.go:361.2,361.45 1 0
github.com/OpenBazaar/openbazaar-go/api/jsonapi.go:303.16,306.3 2 0
github.com/OpenBazaar/openbazaar-go/api/jsonapi.go:311.16,314.3 2 0
github.com/OpenBazaar/openbazaar-go/api/jsonapi.go:318.16,321.3 2 0
github.com/OpenBazaar/openbazaar-go/api/jsonapi.go:324.72,325.56 1 0
github.com/OpenBazaar/openbazaar-go/api/jsonapi.go:325.56,328.4 2 0
github.com/OpenBazaar/openbazaar-go/api/jsonapi.go:329.8,329.80 1 0
github.com/OpenBazaar/openbazaar-go/api/jsonapi.go:329.80,330.56 1 0
github.com/OpenBazaar/openbazaar-go/api/jsonapi.go:330.56,333.4 2 0
github.com/OpenBazaar/openbazaar-go/api/jsonapi.go:338.16,341.3 2 0
github.com/OpenBazaar/openbazaar-go/api/jsonapi.go:344.42,347.3 2 0
github.com/OpenBazaar/openbazaar-go/api/jsonapi.go:357.16,360.3 2 0
github.com/OpenBazaar/openbazaar-go/api/jsonapi.go:364.79,368.25 3 0
github.com/OpenBazaar/openbazaar-go/api/jsonapi.go:374.2,379.16 5 0
github.com/OpenBazaar/openbazaar-go/api/jsonapi.go:385.2,386.16 2 0
github.com/OpenBazaar/openbazaar-go/api/jsonapi.go:392.2,393.16 2 0
github.com/OpenBazaar/openbazaar-go/api/jsonapi.go:399.2,399.42 1 0
github.com/OpenBazaar/openbazaar-go/api/jsonapi.go:404.2,404.28 1 0
github.com/OpenBazaar/openbazaar-go/api/jsonapi.go:368.25,371.3 2 0
github.com/OpenBazaar/openbazaar-go/api/jsonapi.go:379.16,382.3 2 0
github.com/OpenBazaar/openbazaar-go/api/jsonapi.go:386.16,389.3 2 0
github.com/OpenBazaar/openbazaar-go/api/jsonapi.go:393.16,396.3 2 0
github.com/OpenBazaar/openbazaar-go/api/jsonapi.go:399.42,402.3 2 0
github.com/OpenBazaar/openbazaar-go/api/jsonapi.go:407.77,414.16 5 0
github.com/OpenBazaar/openbazaar-go/api/jsonapi.go:419.2,420.16 2 0
github.com/OpenBazaar/openbazaar-go/api/jsonapi.go:426.2,427.16 2 0
github.com/OpenBazaar/openbazaar-go/api/jsonapi.go:432.2,432.42 1 0
github.com/OpenBazaar/openbazaar-go/api/jsonapi.go:436.2,437.16 2 0
github.com/OpenBazaar/openbazaar-go/api/jsonapi.go:441.2,441.42 1 0
github.com/OpenBazaar/openbazaar-go/api/jsonapi.go:414.16,417.3 2 0
github.com/OpenBazaar/openbazaar-go/api/jsonapi.go:420.16,423.3 2 0
github.com/OpenBazaar/openbazaar-go/api/jsonapi.go:427.16,430.3 2 0
github.com/OpenBazaar/openbazaar-go/api/jsonapi.go:432.42,435.3 2 0
github.com/OpenBazaar/openbazaar-go/api/jsonapi.go:437.16,440.3 2 0
github.com/OpenBazaar/openbazaar-go/api/jsonapi.go:444.77,452.16 5 0
github.com/OpenBazaar/openbazaar-go/api/jsonapi.go:456.2,457.16 2 0
github.com/OpenBazaar/openbazaar-go/api/jsonapi.go:463.2,464.16 2 0
github.com/OpenBazaar/openbazaar-go/api/jsonapi.go:469.2,469.42 1 0
github.com/OpenBazaar/openbazaar-go/api/jsonapi.go:473.2,474.16 2 0
github.com/OpenBazaar/openbazaar-go/api/jsonapi.go:478.2,478.42 1 0
github.com/OpenBazaar/openbazaar-go/api/jsonapi.go:452.16,455.3 2 0
github.com/OpenBazaar/openbazaar-go/api/jsonapi.go:457.16,460.3 2 0
github.com/OpenBazaar/openbazaar-go/api/jsonapi.go:464.16,467.3 2 0
github.com/OpenBazaar/openbazaar-go/api/jsonapi.go:469.42,472.3 2 0
github.com/OpenBazaar/openbazaar-go/api/jsonapi.go:474.16,477.3 2 0
github.com/OpenBazaar/openbazaar-go/api/jsonapi.go:481.76,489.16 5 0
github.com/OpenBazaar/openbazaar-go/api/jsonapi.go:493.2,498.29 3 0
github.com/OpenBazaar/openbazaar-go/api/jsonapi.go:507.2,508.16 2 0
github.com/OpenBazaar/openbazaar-go/api/jsonapi.go:512.2,512.42 1 0
github.com/OpenBazaar/openbazaar-go/api/jsonapi.go:489.16,492.3 2 0
github.com/OpenBazaar/openbazaar-go/api/jsonapi.go:498.29,500.17 2 0
github.com/OpenBazaar/openbazaar-go/api/jsonapi.go:504.3,505.35 2 0
github.com/OpenBazaar/openbazaar-go/api/jsonapi.go:500.17,503.4 2 0
github.com/OpenBazaar/openbazaar-go/api/jsonapi.go:508.16,511.3 2 0
github.com/OpenBazaar/openbazaar-go/api/jsonapi.go:515.78,518.16 2 0
github.com/OpenBazaar/openbazaar-go/api/jsonapi.go:528.2,528.59 1 0
github.com/OpenBazaar/openbazaar-go/api/jsonapi.go:518.16,519.42 1 0
github.com/OpenBazaar/openbazaar-go/api/jsonapi.go:524.3,525.9 2 0
github.com/OpenBazaar/openbazaar-go/api/jsonapi.go:519.42,522.4 2 0
github.com/OpenBazaar/openbazaar-go/api/jsonapi.go:531.77,533.16 2 0
github.com/OpenBazaar/openbazaar-go/api/jsonapi.go:543.2,543.28 1 0
github.com/OpenBazaar/openbazaar-go/api/jsonapi.go:533.16,534.41 1 0
github.com/OpenBazaar/openbazaar-go/api/jsonapi.go:539.3,540.9 2 0
github.com/OpenBazaar/openbazaar-go/api/jsonapi.go:534.41,537.4 2 0
github.com/OpenBazaar/openbazaar-go/api/jsonapi.go:546.80,550.25 4 0
github.com/OpenBazaar/openbazaar-go/api/jsonapi.go:554.2,555.16 2 0
github.com/OpenBazaar/openbazaar-go/api/jsonapi.go:559.2,560.16 2 0
github.com/OpenBazaar/openbazaar-go/api/jsonapi.go:564.2,564.42 1 0
github.com/OpenBazaar/openbazaar-go/api/jsonapi.go:568.2,568.28 1 0
github.com/OpenBazaar/openbazaar-go/api/jsonapi.go:550.25,553.3 2 0
github.com/OpenBazaar/openbazaar-go/api/jsonapi.go:555.16,558.3 2 0
github.com/OpenBazaar/openbazaar-go/api/jsonapi.go:560.16,563.3 2 0
github.com/OpenBazaar/openbazaar-go/api/jsonapi.go:564.42,567.3 2 0
github.com/OpenBazaar/openbazaar-go/api/jsonapi.go:571.79,575.16 4 0
github.com/OpenBazaar/openbazaar-go/api/jsonapi.go:579.2,580.16 2 0
github.com/OpenBazaar/openbazaar-go/api/jsonapi.go:584.2,592.16 4 0
github.com/OpenBazaar/openbazaar-go/api/jsonapi.go:596.2,596.33 1 0
github.com/OpenBazaar/openbazaar-go/api/jsonapi.go:575.16,578.3 2 0
github.com/OpenBazaar/openbazaar-go/api/jsonapi.go:580.16,583.3 2 0
github.com/OpenBazaar/openbazaar-go/api/jsonapi.go:592.16,595.3 2 0
github.com/OpenBazaar/openbazaar-go/api/jsonapi.go:599.76,602.16 3 0
github.com/OpenBazaar/openbazaar-go/api/jsonapi.go:606.2,606.63 1 0
github.com/OpenBazaar/openbazaar-go/api/jsonapi.go:602.16,605.3 2 0
github.com/OpenBazaar/openbazaar-go/api/jsonapi.go:609.75,612.26 3 0
github.com/OpenBazaar/openbazaar-go/api/jsonapi.go:615.2,616.16 2 0
github.com/OpenBazaar/openbazaar-go/api/jsonapi.go:620.2,620.40 1 0
github.com/OpenBazaar/openbazaar-go/api/jsonapi.go:612.26,614.3 1 0
github.com/OpenBazaar/openbazaar-go/api/jsonapi.go:616.16,619.3 2 0
github.com/OpenBazaar/openbazaar-go/api/jsonapi.go:623.77,631.16 5 0
github.com/OpenBazaar/openbazaar-go/api/jsonapi.go:635.2,635.46 1 0
github.com/OpenBazaar/openbazaar-go/api/jsonapi.go:639.2,639.28 1 0
github.com/OpenBazaar/openbazaar-go/api/jsonapi.go:631.16,634.3 2 0
github.com/OpenBazaar/openbazaar-go/api/jsonapi.go:635.46,638.3 2 0
github.com/OpenBazaar/openbazaar-go/api/jsonapi.go:642.79,649.16 5 0
github.com/OpenBazaar/openbazaar-go/api/jsonapi.go:653.2,653.48 1 0
github.com/OpenBazaar/openbazaar-go/api/jsonapi.go:657.2,657.28 1 0
github.com/OpenBazaar/openbazaar-go/api/jsonapi.go:649.16,652.3 2 0
github.com/OpenBazaar/openbazaar-go/api/jsonapi.go:653.48,656.3 2 0
github.com/OpenBazaar/openbazaar-go/api/jsonapi.go:660.77,662.27 2 0
github.com/OpenBazaar/openbazaar-go/api/jsonapi.go:675.2,676.16 2 0
github.com/OpenBazaar/openbazaar-go/api/jsonapi.go:680.2,681.71 2 0
github.com/OpenBazaar/openbazaar-go/api/jsonapi.go:662.27,664.43 2 0
github.com/OpenBazaar/openbazaar-go/api/jsonapi.go:667.3,668.17 2 0
github.com/OpenBazaar/openbazaar-go/api/jsonapi.go:672.3,673.9 2 0
github.com/OpenBazaar/openbazaar-go/api/jsonapi.go:664.43,666.4 1 0
github.com/OpenBazaar/openbazaar-go/api/jsonapi.go:668.17,671.4 2 0
github.com/OpenBazaar/openbazaar-go/api/jsonapi.go:676.16,679.3 2 0
github.com/OpenBazaar/openbazaar-go/api/jsonapi.go:684.78,686.16 2 0
github.com/OpenBazaar/openbazaar-go/api/jsonapi.go:690.2,690.61 1 0
github.com/OpenBazaar/openbazaar-go/api/jsonapi.go:686.16,689.3 2 0
github.com/OpenBazaar/openbazaar-go/api/jsonapi.go:693.77,700.27 3 0
github.com/OpenBazaar/openbazaar-go/api/jsonapi.go:720.2,721.16 2 0
github.com/OpenBazaar/openbazaar-go/api/jsonapi.go:725.2,734.16 6 0
github.com/OpenBazaar/openbazaar-go/api/jsonapi.go:738.2,738.35 1 0
github.com/OpenBazaar/openbazaar-go/api/jsonapi.go:700.27,702.43 2 0
github.com/OpenBazaar/openbazaar-go/api/jsonapi.go:712.3,713.17 2 0
github.com/OpenBazaar/openbazaar-go/api/jsonapi.go:717.3,718.9 2 0
github.com/OpenBazaar/openbazaar-go/api/jsonapi.go:702.43,711.4 4 0
github.com/OpenBazaar/openbazaar-go/api/jsonapi.go:713.17,716.4 2 0
github.com/OpenBazaar/openbazaar-go/api/jsonapi.go:721.16,724.3 2 0
github.com/OpenBazaar/openbazaar-go/api/jsonapi.go:734.16,737.3 2 0
github.com/OpenBazaar/openbazaar-go/api/jsonapi.go:741.89,745.16 4 0
github.com/OpenBazaar/openbazaar-go/api/jsonapi.go:750.2,750.29 1 0
github.com/OpenBazaar/openbazaar-go/api/jsonapi.go:755.2,757.16 3 0
github.com/OpenBazaar/openbazaar-go/api/jsonapi.go:761.2,769.16 3 0
github.com/OpenBazaar/openbazaar-go/api/jsonapi.go:773.2,774.16 2 0
github.com/OpenBazaar/openbazaar-go/api/jsonapi.go:779.2,779.35 1 0
github.com/OpenBazaar/openbazaar-go/api/jsonapi.go:745.16,748.3 2 0
github.com/OpenBazaar/openbazaar-go/api/jsonapi.go:750.29,753.3 2 0
github.com/OpenBazaar/openbazaar-go/api/jsonapi.go:757.16,760.3 2 0
github.com/OpenBazaar/openbazaar-go/api/jsonapi.go:769.16,771.3 1 0
github.com/OpenBazaar/openbazaar-go/api/jsonapi.go:774.16,777.3 2 0
github.com/OpenBazaar/openbazaar-go/api/jsonapi.go:782.81,786.16 4 0
github.com/OpenBazaar/openbazaar-go/api/jsonapi.go:791.2,792.16 2 0
github.com/OpenBazaar/openbazaar-go/api/jsonapi.go:797.2,798.16 2 0
github.com/OpenBazaar/openbazaar-go/api/jsonapi.go:802.2,802.35 1 0
github.com/OpenBazaar/openbazaar-go/api/jsonapi.go:786.16,789.3 2 0
github.com/OpenBazaar/openbazaar-go/api/jsonapi.go:792.16,795.3 2 0
github.com/OpenBazaar/openbazaar-go/api/jsonapi.go:798.16,801.3 2 0
github.com/OpenBazaar/openbazaar-go/api/jsonapi.go:805.76,807.29 2 0
github.com/OpenBazaar/openbazaar-go/api/jsonapi.go:810.2,811.43 2 0
github.com/OpenBazaar/openbazaar-go/api/jsonapi.go:814.2,826.16 3 0
github.com/OpenBazaar/openbazaar-go/api/jsonapi.go:830.2,830.35 1 0
github.com/OpenBazaar/openbazaar-go/api/jsonapi.go:807.29,809.3 1 0
github.com/OpenBazaar/openbazaar-go/api/jsonapi.go:811.43,813.3 1 0
github.com/OpenBazaar/openbazaar-go/api/jsonapi.go:826.16,829.3 2 0
github.com/OpenBazaar/openbazaar-go/api/jsonapi.go:833.79,837.16 4 0
github.com/OpenBazaar/openbazaar-go/api/jsonapi.go:841.2,841.54 1 0
github.com/OpenBazaar/openbazaar-go/api/jsonapi.go:845.2,845.82 1 0
github.com/OpenBazaar/openbazaar-go/api/jsonapi.go:849.2,850.16 2 0
github.com/OpenBazaar/openbazaar-go/api/jsonapi.go:855.2,855.38 1 0
github.com/OpenBazaar/openbazaar-go/api/jsonapi.go:859.2,859.34 1 0
github.com/OpenBazaar/openbazaar-go/api/jsonapi.go:871.2,871.37 1 0
github.com/OpenBazaar/openbazaar-go/api/jsonapi.go:881.2,882.16 2 0
github.com/OpenBazaar/openbazaar-go/api/jsonapi.go:886.2,888.16 3 0
github.com/OpenBazaar/openbazaar-go/api/jsonapi.go:892.2,892.35 1 0
github.com/OpenBazaar/openbazaar-go/api/jsonapi.go:837.16,840.3 2 0
github.com/OpenBazaar/openbazaar-go/api/jsonapi.go:841.54,844.3 2 0
github.com/OpenBazaar/openbazaar-go/api/jsonapi.go:845.82,848.3 2 0
github.com/OpenBazaar/openbazaar-go/api/jsonapi.go:850.16,853.3 2 0
github.com/OpenBazaar/openbazaar-go/api/jsonapi.go:855.38,858.3 2 0
github.com/OpenBazaar/openbazaar-go/api/jsonapi.go:859.34,861.46 2 0
github.com/OpenBazaar/openbazaar-go/api/jsonapi.go:869.3,869.46 1 0
github.com/OpenBazaar/openbazaar-go/api/jsonapi.go:861.46,863.18 2 0
github.com/OpenBazaar/openbazaar-go/api/jsonapi.go:866.4,867.41 2 0
github.com/OpenBazaar/openbazaar-go/api/jsonapi.go:863.18,864.13 1 0
github.com/OpenBazaar/openbazaar-go/api/jsonapi.go:871.37,874.83 3 0
github.com/OpenBazaar/openbazaar-go/api/jsonapi.go:877.3,877.43 1 0
github.com/OpenBazaar/openbazaar-go/api/jsonapi.go:874.83,876.4 1 0
github.com/OpenBazaar/openbazaar-go/api/jsonapi.go:877.43,879.4 1 0
github.com/OpenBazaar/openbazaar-go/api/jsonapi.go:882.16,885.3 2 0
github.com/OpenBazaar/openbazaar-go/api/jsonapi.go:888.16,891.3 2 0
github.com/OpenBazaar/openbazaar-go/api/jsonapi.go:895.78,899.16 4 0
github.com/OpenBazaar/openbazaar-go/api/jsonapi.go:903.2,903.54 1 0
github.com/OpenBazaar/openbazaar-go/api/jsonapi.go:907.2,907.82 1 0
github.com/OpenBazaar/openbazaar-go/api/jsonapi.go:911.2,912.16 2 0
github.com/OpenBazaar/openbazaar-go/api/jsonapi.go:916.2,916.34 1 0
github.com/OpenBazaar/openbazaar-go/api/jsonapi.go:928.2,928.37 1 0
github.com/OpenBazaar/openbazaar-go/api/jsonapi.go:939.2,940.16 2 0
github.com/OpenBazaar/openbazaar-go/api/jsonapi.go:944.2,944.28 1 0
github.com/OpenBazaar/openbazaar-go/api/jsonapi.go:899.16,902.3 2 0
github.com/OpenBazaar/openbazaar-go/api/jsonapi.go:903.54,906.3 2 0
github.com/OpenBazaar/openbazaar-go/api/jsonapi.go:907.82,910.3 2 0
github.com/OpenBazaar/openbazaar-go/api/jsonapi.go:912.16,915.3 2 0
github.com/OpenBazaar/openbazaar-go/api/jsonapi.go:916.34,918.46 2 0
github.com/OpenBazaar/openbazaar-go/api/jsonapi.go:926.3,926.46 1 0
github.com/OpenBazaar/openbazaar-go/api/jsonapi.go:918.46,920.18 2 0
github.com/OpenBazaar/openbazaar-go/api/jsonapi.go:923.4,924.41 2 0
github.com/OpenBazaar/openbazaar-go/api/jsonapi.go:920.18,921.13 1 0
github.com/OpenBazaar/openbazaar-go/api/jsonapi.go:928.37,931.83 3 0
github.com/OpenBazaar/openbazaar-go/api/jsonapi.go:934.3,934.43 1 0
github.com/OpenBazaar/openbazaar-go/api/jsonapi.go:931.83,933.4 1 0
github.com/OpenBazaar/openbazaar-go/api/jsonapi.go:934.43,936.4 1 0
github.com/OpenBazaar/openbazaar-go/api/jsonapi.go:940.16,943.3 2 0
github.com/OpenBazaar/openbazaar-go/api/jsonapi.go:947.78,949.16 2 0
github.com/OpenBazaar/openbazaar-go/api/jsonapi.go:953.2,955.16 3 0
github.com/OpenBazaar/openbazaar-go/api/jsonapi.go:959.2,959.44 1 0
github.com/OpenBazaar/openbazaar-go/api/jsonapi.go:949.16,952.3 2 0
github.com/OpenBazaar/openbazaar-go/api/jsonapi.go:955.16,958.3 2 0
github.com/OpenBazaar/openbazaar-go/api/jsonapi.go:962.80,966.16 4 0
github.com/OpenBazaar/openbazaar-go/api/jsonapi.go:975.2,976.16 2 0
github.com/OpenBazaar/openbazaar-go/api/jsonapi.go:980.2,980.54 1 0
github.com/OpenBazaar/openbazaar-go/api/jsonapi.go:984.2,984.82 1 0
github.com/OpenBazaar/openbazaar-go/api/jsonapi.go:988.2,988.37 1 0
github.com/OpenBazaar/openbazaar-go/api/jsonapi.go:998.2,998.34 1 0
github.com/OpenBazaar/openbazaar-go/api/jsonapi.go:1010.2,1011.16 2 0
github.com/OpenBazaar/openbazaar-go/api/jsonapi.go:1015.2,1015.28 1 0
github.com/OpenBazaar/openbazaar-go/api/jsonapi.go:966.16,967.22 1 0
github.com/OpenBazaar/openbazaar-go/api/jsonapi.go:973.3,973.9 1 0
github.com/OpenBazaar/openbazaar-go/api/jsonapi.go:968.20,969.54 1 0
github.com/OpenBazaar/openbazaar-go/api/jsonapi.go:970.11,971.56 1 0
github.com/OpenBazaar/openbazaar-go/api/jsonapi.go:976.16,979.3 2 0
github.com/OpenBazaar/openbazaar-go/api/jsonapi.go:980.54,983.3 2 0
github.com/OpenBazaar/openbazaar-go/api/jsonapi.go:984.82,987.3 2 0
github.com/OpenBazaar/openbazaar-go/api/jsonapi.go:988.37,991.83 3 0
github.com/OpenBazaar/openbazaar-go/api/jsonapi.go:994.3,994.43 1 0
github.com/OpenBazaar/openbazaar-go/api/jsonapi.go:991.83,993.4 1 0
github.com/OpenBazaar/openbazaar-go/api/jsonapi.go:994.43,996.4 1 0
github.com/OpenBazaar/openbazaar-go/api/jsonapi.go:998.34,1000.46 2 0
github.com/OpenBazaar/openbazaar-go/api/jsonapi.go:1008.3,1008.46 1 0
github.com/OpenBazaar/openbazaar-go/api/jsonapi.go:1000.46,1002.18 2 0
github.com/OpenBazaar/openbazaar-go/api/jsonapi.go:1005.4,1006.41 2 0
github.com/OpenBazaar/openbazaar-go/api/jsonapi.go:1002.18,1003.13 1 0
github.com/OpenBazaar/openbazaar-go/api/jsonapi.go:1011.16,1014.3 2 0
github.com/OpenBazaar/openbazaar-go/api/jsonapi.go:1018.82,1022.16 4 0
github.com/OpenBazaar/openbazaar-go/api/jsonapi.go:1027.2,1028.21 2 0
github.com/OpenBazaar/openbazaar-go/api/jsonapi.go:1031.2,1031.35 1 0
github.com/OpenBazaar/openbazaar-go/api/jsonapi.go:1022.16,1023.27 1 0
github.com/OpenBazaar/openbazaar-go/api/jsonapi.go:1023.27,1025.4 1 0
github.com/OpenBazaar/openbazaar-go/api/jsonapi.go:1028.21,1030.3 1 0
github.com/OpenBazaar/openbazaar-go/api/jsonapi.go:1034.82,1037.31 3 0
github.com/OpenBazaar/openbazaar-go/api/jsonapi.go:1040.2,1040.17 1 0
github.com/OpenBazaar/openbazaar-go/api/jsonapi.go:1043.2,1044.16 2 0
github.com/OpenBazaar/openbazaar-go/api/jsonapi.go:1048.2,1048.75 1 0
github.com/OpenBazaar/openbazaar-go/api/jsonapi.go:1037.31,1039.3 1 0
github.com/OpenBazaar/openbazaar-go/api/jsonapi.go:1040.17,1042.3 1 0
github.com/OpenBazaar/openbazaar-go/api/jsonapi.go:1044.16,1047.3 2 0
github.com/OpenBazaar/openbazaar-go/api/jsonapi.go:1048.75,1050.17 2 0
github.com/OpenBazaar/openbazaar-go/api/jsonapi.go:1054.3,1055.17 2 0
github.com/OpenBazaar/openbazaar-go/api/jsonapi.go:1059.3,1059.49 1 0
github.com/OpenBazaar/openbazaar-go/api/jsonapi.go:1050.17,1053.4 2 0
github.com/OpenBazaar/openbazaar-go/api/jsonapi.go:1055.17,1058.4 2 0
github.com/OpenBazaar/openbazaar-go/api/jsonapi.go:1061.8,1063.17 2 0
github.com/OpenBazaar/openbazaar-go/api/jsonapi.go:1067.3,1067.31 1 0
github.com/OpenBazaar/openbazaar-go/api/jsonapi.go:1063.17,1066.4 2 0
github.com/OpenBazaar/openbazaar-go/api/jsonapi.go:1071.79,1074.101 3 0
github.com/OpenBazaar/openbazaar-go/api/jsonapi.go:1074.101,1077.18 3 0
github.com/OpenBazaar/openbazaar-go/api/jsonapi.go:1080.3,1081.17 2 0
github.com/OpenBazaar/openbazaar-go/api/jsonapi.go:1085.3,1086.17 2 0
github.com/OpenBazaar/openbazaar-go/api/jsonapi.go:1090.3,1091.31 2 0
github.com/OpenBazaar/openbazaar-go/api/jsonapi.go:1094.3,1095.17 2 0
github.com/OpenBazaar/openbazaar-go/api/jsonapi.go:1099.3,1099.22 1 0
github.com/OpenBazaar/openbazaar-go/api/jsonapi.go:1102.3,1102.36 1 0
github.com/OpenBazaar/openbazaar-go/api/jsonapi.go:1077.18,1079.4 1 0
github.com/OpenBazaar/openbazaar-go/api/jsonapi.go:1081.17,1084.4 2 0
github.com/OpenBazaar/openbazaar-go/api/jsonapi.go:1086.17,1089.4 2 0
github.com/OpenBazaar/openbazaar-go/api/jsonapi.go:1091.31,1093.4 1 0
github.com/OpenBazaar/openbazaar-go/api/jsonapi.go:1095.17,1098.4 2 0
github.com/OpenBazaar/openbazaar-go/api/jsonapi.go:1099.22,1101.4 1 0
github.com/OpenBazaar/openbazaar-go/api/jsonapi.go:1103.8,1105.17 2 0
github.com/OpenBazaar/openbazaar-go/api/jsonapi.go:1109.3,1111.17 3 0
github.com/OpenBazaar/openbazaar-go/api/jsonapi.go:1115.3,1116.31 2 0
github.com/OpenBazaar/openbazaar-go/api/jsonapi.go:1119.3,1120.17 2 0
github.com/OpenBazaar/openbazaar-go/api/jsonapi.go:1124.3,1124.22 1 0
github.com/OpenBazaar/openbazaar-go/api/jsonapi.go:1127.3,1128.36 2 0
github.com/OpenBazaar/openbazaar-go/api/jsonapi.go:1105.17,1108.4 2 0
github.com/OpenBazaar/openbazaar-go/api/jsonapi.go:1111.17,1114.4 2 0
github.com/OpenBazaar/openbazaar-go/api/jsonapi.go:1116.31,1118.4 1 0
github.com/OpenBazaar/openbazaar-go/api/jsonapi.go:1120.17,1123.4 2 0
github.com/OpenBazaar/openbazaar-go/api/jsonapi.go:1124.22,1126.4 1 0
github.com/OpenBazaar/openbazaar-go/api/jsonapi.go:1132.79,1135.101 3 0
github.com/OpenBazaar/openbazaar-go/api/jsonapi.go:1135.101,1138.18 3 0
github.com/OpenBazaar/openbazaar-go/api/jsonapi.go:1141.3,1142.17 2 0
github.com/OpenBazaar/openbazaar-go/api/jsonapi.go:1146.3,1147.17 2 0
github.com/OpenBazaar/openbazaar-go/api/jsonapi.go:1151.3,1152.22 2 0
github.com/OpenBazaar/openbazaar-go/api/jsonapi.go:1155.3,1155.36 1 0
github.com/OpenBazaar/openbazaar-go/api/jsonapi.go:1138.18,1140.4 1 0
github.com/OpenBazaar/openbazaar-go/api/jsonapi.go:1142.17,1145.4 2 0
github.com/OpenBazaar/openbazaar-go/api/jsonapi.go:1147.17,1150.4 2 0
github.com/OpenBazaar/openbazaar-go/api/jsonapi.go:1152.22,1154.4 1 0
github.com/OpenBazaar/openbazaar-go/api/jsonapi.go:1156.8,1158.17 2 0
github.com/OpenBazaar/openbazaar-go/api/jsonapi.go:1162.3,1163.44 2 0
github.com/OpenBazaar/openbazaar-go/api/jsonapi.go:1158.17,1161.4 2 0
github.com/OpenBazaar/openbazaar-go/api/jsonapi.go:1167.79,1175.20 3 0
github.com/OpenBazaar/openbazaar-go/api/jsonapi.go:1178.2,1178.20 1 0
github.com/OpenBazaar/openbazaar-go/api/jsonapi.go:1183.2,1184.26 2 0
github.com/OpenBazaar/openbazaar-go/api/jsonapi.go:1215.2,1218.29 4 0
github.com/OpenBazaar/openbazaar-go/api/jsonapi.go:1226.2,1227.16 2 0
github.com/OpenBazaar/openbazaar-go/api/jsonapi.go:1232.2,1232.16 1 0
github.com/OpenBazaar/openbazaar-go/api/jsonapi.go:1242.2,1243.16 2 0
github.com/OpenBazaar/openbazaar-go/api/jsonapi.go:1247.2,1247.46 1 0
github.com/OpenBazaar/openbazaar-go/api/jsonapi.go:1175.20,1177.3 1 0
github.com/OpenBazaar/openbazaar-go/api/jsonapi.go:1178.20,1180.3 1 0
github.com/OpenBazaar/openbazaar-go/api/jsonapi.go:1184.26,1190.17 2 0
github.com/OpenBazaar/openbazaar-go/api/jsonapi.go:1195.3,1195.17 1 0
github.com/OpenBazaar/openbazaar-go/api/jsonapi.go:1200.3,1201.17 2 0
github.com/OpenBazaar/openbazaar-go/api/jsonapi.go:1206.3,1206.22 1 0
github.com/OpenBazaar/openbazaar-go/api/jsonapi.go:1210.3,1211.9 2 0
github.com/OpenBazaar/openbazaar-go/api/jsonapi.go:1190.17,1192.4 1 0
github.com/OpenBazaar/openbazaar-go/api/jsonapi.go:1192.9,1194.4 1 0
github.com/OpenBazaar/openbazaar-go/api/jsonapi.go:1195.17,1198.4 2 0
github.com/OpenBazaar/openbazaar-go/api/jsonapi.go:1201.17,1204.4 2 0
github.com/OpenBazaar/openbazaar-go/api/jsonapi.go:1206.22,1209.4 2 0
github.com/OpenBazaar/openbazaar-go/api/jsonapi.go:1218.29,1220.17 2 0
github.com/OpenBazaar/openbazaar-go/api/jsonapi.go:1220.17,1223.4 2 0
github.com/OpenBazaar/openbazaar-go/api/jsonapi.go:1227.16,1230.3 2 0
github.com/OpenBazaar/openbazaar-go/api/jsonapi.go:1232.16,1234.17 2 0
github.com/OpenBazaar/openbazaar-go/api/jsonapi.go:1238.3,1239.9 2 0
github.com/OpenBazaar/openbazaar-go/api/jsonapi.go:1234.17,1237.4 2 0
github.com/OpenBazaar/openbazaar-go/api/jsonapi.go:1243.16,1246.3 2 0
github.com/OpenBazaar/openbazaar-go/api/jsonapi.go:1250.80,1259.16 5 0
github.com/OpenBazaar/openbazaar-go/api/jsonapi.go:1263.2,1263.29 1 0
github.com/OpenBazaar/openbazaar-go/api/jsonapi.go:1271.2,1272.16 2 0
github.com/OpenBazaar/openbazaar-go/api/jsonapi.go:1277.2,1277.28 1 0
github.com/OpenBazaar/openbazaar-go/api/jsonapi.go:1259.16,1262.3 2 0
github.com/OpenBazaar/openbazaar-go/api/jsonapi.go:1263.29,1265.17 2 0
github.com/OpenBazaar/openbazaar-go/api/jsonapi.go:1265.17,1268.4 2 0
github.com/OpenBazaar/openbazaar-go/api/jsonapi.go:1272.16,1275.3 2 0
github.com/OpenBazaar/openbazaar-go/api/jsonapi.go:1280.79,1283.25 3 0
github.com/OpenBazaar/openbazaar-go/api/jsonapi.go:1289.2,1291.16 3 0
github.com/OpenBazaar/openbazaar-go/api/jsonapi.go:1297.2,1298.16 2 0
github.com/OpenBazaar/openbazaar-go/api/jsonapi.go:1304.2,1305.16 2 0
github.com/OpenBazaar/openbazaar-go/api/jsonapi.go:1311.2,1311.42 1 0
github.com/OpenBazaar/openbazaar-go/api/jsonapi.go:1315.2,1315.28 1 0
github.com/OpenBazaar/openbazaar-go/api/jsonapi.go:1283.25,1286.3 2 0
github.com/OpenBazaar/openbazaar-go/api/jsonapi.go:1291.16,1294.3 2 0
github.com/OpenBazaar/openbazaar-go/api/jsonapi.go:1298.16,1301.3 2 0
github.com/OpenBazaar/openbazaar-go/api/jsonapi.go:1305.16,1308.3 2 0
github.com/OpenBazaar/openbazaar-go/api/jsonapi.go:1311.42,1314.3 2 0
github.com/OpenBazaar/openbazaar-go/api/jsonapi.go:1318.82,1320.16 2 0
github.com/OpenBazaar/openbazaar-go/api/jsonapi.go:1324.2,1327.16 4 0
github.com/OpenBazaar/openbazaar-go/api/jsonapi.go:1333.2,1334.16 2 0
github.com/OpenBazaar/openbazaar-go/api/jsonapi.go:1340.2,1340.42 1 0
github.com/OpenBazaar/openbazaar-go/api/jsonapi.go:1344.2,1344.28 1 0
github.com/OpenBazaar/openbazaar-go/api/jsonapi.go:1320.16,1323.3 2 0
github.com/OpenBazaar/openbazaar-go/api/jsonapi.go:1327.16,1330.3 2 0
github.com/OpenBazaar/openbazaar-go/api/jsonapi.go:1334.16,1337.3 2 0
github.com/OpenBazaar/openbazaar-go/api/jsonapi.go:1340.42,1343.3 2 0
github.com/OpenBazaar/openbazaar-go/api/jsonapi.go:1347.78,1351.18 4 0
github.com/OpenBazaar/openbazaar-go/api/jsonapi.go:1360.2,1360.100 1 0
github.com/OpenBazaar/openbazaar-go/api/jsonapi.go:1351.18,1353.3 1 0
github.com/OpenBazaar/openbazaar-go/api/jsonapi.go:1353.8,1355.17 2 0
github.com/OpenBazaar/openbazaar-go/api/jsonapi.go:1355.17,1358.4 2 0
github.com/OpenBazaar/openbazaar-go/api/jsonapi.go:1360.100,1362.17 2 0
github.com/OpenBazaar/openbazaar-go/api/jsonapi.go:1366.3,1366.46 1 0
github.com/OpenBazaar/openbazaar-go/api/jsonapi.go:1362.17,1365.4 2 0
github.com/OpenBazaar/openbazaar-go/api/jsonapi.go:1367.8,1369.17 2 0
github.com/OpenBazaar/openbazaar-go/api/jsonapi.go:1373.3,1374.46 2 0
github.com/OpenBazaar/openbazaar-go/api/jsonapi.go:1369.17,1372.4 2 0
github.com/OpenBazaar/openbazaar-go/api/jsonapi.go:1378.77,1388.99 5 0
github.com/OpenBazaar/openbazaar-go/api/jsonapi.go:1431.2,1434.16 4 0
github.com/OpenBazaar/openbazaar-go/api/jsonapi.go:1455.2,1457.16 3 0
github.com/OpenBazaar/openbazaar-go/api/jsonapi.go:1461.2,1463.16 3 0
github.com/OpenBazaar/openbazaar-go/api/jsonapi.go:1467.2,1467.51 1 0
github.com/OpenBazaar/openbazaar-go/api/jsonapi.go:1388.99,1391.17 3 0
github.com/OpenBazaar/openbazaar-go/api/jsonapi.go:1412.3,1413.17 2 0
github.com/OpenBazaar/openbazaar-go/api/jsonapi.go:1416.3,1417.17 2 0
github.com/OpenBazaar/openbazaar-go/api/jsonapi.go:1422.3,1423.17 2 0
github.com/OpenBazaar/openbazaar-go/api/jsonapi.go:1427.3,1428.9 2 0
github.com/OpenBazaar/openbazaar-go/api/jsonapi.go:1391.17,1393.18 2 0
github.com/OpenBazaar/openbazaar-go/api/jsonapi.go:1397.4,1397.23 1 0
github.com/OpenBazaar/openbazaar-go/api/jsonapi.go:1393.18,1396.5 2 0
github.com/OpenBazaar/openbazaar-go/api/jsonapi.go:1398.9,1400.18 2 0
github.com/OpenBazaar/openbazaar-go/api/jsonapi.go:1404.4,1405.18 2 0
github.com/OpenBazaar/openbazaar-go/api/jsonapi.go:1409.4,1409.18 1 0
github.com/OpenBazaar/openbazaar-go/api/jsonapi.go:1400.18,1403.5 2 0
github.com/OpenBazaar/openbazaar-go/api/jsonapi.go:1405.18,1408.5 2 0
github.com/OpenBazaar/openbazaar-go/api/jsonapi.go:1413.17,1415.4 1 0
github.com/OpenBazaar/openbazaar-go/api/jsonapi.go:1417.17,1420.4 2 0
github.com/OpenBazaar/openbazaar-go/api/jsonapi.go:1423.17,1426.4 2 0
github.com/OpenBazaar/openbazaar-go/api/jsonapi.go:1434.16,1436.17 2 0
github.com/OpenBazaar/openbazaar-go/api/jsonapi.go:1440.3,1441.73 2 0
github.com/OpenBazaar/openbazaar-go/api/jsonapi.go:1436.17,1439.4 2 0
github.com/OpenBazaar/openbazaar-go/api/jsonapi.go:1442.8,1444.17 2 0
github.com/OpenBazaar/openbazaar-go/api/jsonapi.go:1448.3,1449.17 2 0
github.com/OpenBazaar/openbazaar-go/api/jsonapi.go:1453.3,1453.68 1 0
github.com/OpenBazaar/openbazaar-go/api/jsonapi.go:1444.17,1447.4 2 0
github.com/OpenBazaar/openbazaar-go/api/jsonapi.go:1449.17,1452.4 2 0
github.com/OpenBazaar/openbazaar-go/api/jsonapi.go:1457.16,1460.3 2 0
github.com/OpenBazaar/openbazaar-go/api/jsonapi.go:1463.16,1466.3 2 0
github.com/OpenBazaar/openbazaar-go/api/jsonapi.go:1470.77,1477.99 6 0
github.com/OpenBazaar/openbazaar-go/api/jsonapi.go:1498.2,1505.16 3 0
github.com/OpenBazaar/openbazaar-go/api/jsonapi.go:1509.2,1509.45 1 0
github.com/OpenBazaar/openbazaar-go/api/jsonapi.go:1477.99,1479.53 2 0
github.com/OpenBazaar/openbazaar-go/api/jsonapi.go:1479.53,1482.4 2 0
github.com/OpenBazaar/openbazaar-go/api/jsonapi.go:1482.9,1482.24 1 0
github.com/OpenBazaar/openbazaar-go/api/jsonapi.go:1482.24,1485.4 2 0
github.com/OpenBazaar/openbazaar-go/api/jsonapi.go:1486.8,1488.17 2 0
github.com/OpenBazaar/openbazaar-go/api/jsonapi.go:1492.3,1492.31 1 0
github.com/OpenBazaar/openbazaar-go/api/jsonapi.go:1496.3,1496.68 1 0
github.com/OpenBazaar/openbazaar-go/api/jsonapi.go:1488.17,1491.4 2 0
github.com/OpenBazaar/openbazaar-go/api/jsonapi.go:1492.31,1495.4 2 0
github.com/OpenBazaar/openbazaar-go/api/jsonapi.go:1505.16,1508.3 2 0
github.com/OpenBazaar/openbazaar-go/api/jsonapi.go:1512.79,1515.2 2 0
github.com/OpenBazaar/openbazaar-go/api/jsonapi.go:1517.81,1520.2 2 0
github.com/OpenBazaar/openbazaar-go/api/jsonapi.go:1522.88,1530.16 5 0
github.com/OpenBazaar/openbazaar-go/api/jsonapi.go:1534.2,1535.16 2 0
github.com/OpenBazaar/openbazaar-go/api/jsonapi.go:1541.2,1543.16 3 0
github.com/OpenBazaar/openbazaar-go/api/jsonapi.go:1548.2,1548.36 1 0
github.com/OpenBazaar/openbazaar-go/api/jsonapi.go:1552.2,1552.29 1 0
github.com/OpenBazaar/openbazaar-go/api/jsonapi.go:1556.2,1556.18 1 0
github.com/OpenBazaar/openbazaar-go/api/jsonapi.go:1569.2,1569.28 1 0
github.com/OpenBazaar/openbazaar-go/api/jsonapi.go:1530.16,1533.3 2 0
github.com/OpenBazaar/openbazaar-go/api/jsonapi.go:1535.16,1538.3 2 0
github.com/OpenBazaar/openbazaar-go/api/jsonapi.go:1543.16,1546.3 1 0
github.com/OpenBazaar/openbazaar-go/api/jsonapi.go:1548.36,1551.3 2 0
github.com/OpenBazaar/openbazaar-go/api/jsonapi.go:1552.29,1555.3 2 0
github.com/OpenBazaar/openbazaar-go/api/jsonapi.go:1556.18,1558.17 2 0
github.com/OpenBazaar/openbazaar-go/api/jsonapi.go:1558.17,1561.4 2 0
github.com/OpenBazaar/openbazaar-go/api/jsonapi.go:1562.8,1564.17 2 0
github.com/OpenBazaar/openbazaar-go/api/jsonapi.go:1564.17,1567.4 2 0
github.com/OpenBazaar/openbazaar-go/api/jsonapi.go:1572.82,1579.16 5 0
github.com/OpenBazaar/openbazaar-go/api/jsonapi.go:1583.2,1584.16 2 0
github.com/OpenBazaar/openbazaar-go/api/jsonapi.go:1590.2,1592.16 3 0
github.com/OpenBazaar/openbazaar-go/api/jsonapi.go:1597.2,1597.252 1 0
github.com/OpenBazaar/openbazaar-go/api/jsonapi.go:1601.2,1602.16 2 0
github.com/OpenBazaar/openbazaar-go/api/jsonapi.go:1606.2,1606.28 1 0
github.com/OpenBazaar/openbazaar-go/api/jsonapi.go:1579.16,1582.3 2 0
github.com/OpenBazaar/openbazaar-go/api/jsonapi.go:1584.16,1587.3 2 0
github.com/OpenBazaar/openbazaar-go/api/jsonapi.go:1592.16,1595.3 1 0
github.com/OpenBazaar/openbazaar-go/api/jsonapi.go:1597.252,1600.3 2 0
github.com/OpenBazaar/openbazaar-go/api/jsonapi.go:1602.16,1605.3 2 0
github.com/OpenBazaar/openbazaar-go/api/jsonapi.go:1609.87,1612.16 3 0
github.com/OpenBazaar/openbazaar-go/api/jsonapi.go:1617.2,1617.36 1 0
github.com/OpenBazaar/openbazaar-go/api/jsonapi.go:1624.2,1625.16 2 0
github.com/OpenBazaar/openbazaar-go/api/jsonapi.go:1629.2,1630.28 2 0
github.com/OpenBazaar/openbazaar-go/api/jsonapi.go:1612.16,1615.3 2 0
github.com/OpenBazaar/openbazaar-go/api/jsonapi.go:1617.36,1618.42 1 0
github.com/OpenBazaar/openbazaar-go/api/jsonapi.go:1621.3,1622.9 2 0
github.com/OpenBazaar/openbazaar-go/api/jsonapi.go:1618.42,1620.4 1 0
github.com/OpenBazaar/openbazaar-go/api/jsonapi.go:1625.16,1628.3 2 0
github.com/OpenBazaar/openbazaar-go/api/jsonapi.go:1633.75,1646.16 4 0
github.com/OpenBazaar/openbazaar-go/api/jsonapi.go:1654.2,1663.16 8 0
github.com/OpenBazaar/openbazaar-go/api/jsonapi.go:1668.2,1669.16 2 0
github.com/OpenBazaar/openbazaar-go/api/jsonapi.go:1673.2,1677.16 4 0
github.com/OpenBazaar/openbazaar-go/api/jsonapi.go:1681.2,1690.16 4 0
github.com/OpenBazaar/openbazaar-go/api/jsonapi.go:1694.2,1694.12 1 0
github.com/OpenBazaar/openbazaar-go/api/jsonapi.go:1699.2,1699.50 1 0
github.com/OpenBazaar/openbazaar-go/api/jsonapi.go:1646.16,1648.17 2 0
github.com/OpenBazaar/openbazaar-go/api/jsonapi.go:1652.3,1652.16 1 0
github.com/OpenBazaar/openbazaar-go/api/jsonapi.go:1648.17,1651.4 2 0
github.com/OpenBazaar/openbazaar-go/api/jsonapi.go:1663.16,1666.3 1 0
github.com/OpenBazaar/openbazaar-go/api/jsonapi.go:1669.16,1672.3 2 0
github.com/OpenBazaar/openbazaar-go/api/jsonapi.go:1677.16,1680.3 2 0
github.com/OpenBazaar/openbazaar-go/api/jsonapi.go:1690.16,1693.3 2 0
github.com/OpenBazaar/openbazaar-go/api/jsonapi.go:1694.12,1696.3 1 0
github.com/OpenBazaar/openbazaar-go/api/jsonapi.go:1696.8,1698.3 1 0
github.com/OpenBazaar/openbazaar-go/api/jsonapi.go:1702.79,1703.21 1 0
github.com/OpenBazaar/openbazaar-go/api/jsonapi.go:1715.2,1716.28 2 0
github.com/OpenBazaar/openbazaar-go/api/jsonapi.go:1703.21,1706.23 3 0
github.com/OpenBazaar/openbazaar-go/api/jsonapi.go:1713.3,1713.13 1 0
github.com/OpenBazaar/openbazaar-go/api/jsonapi.go:1706.23,1712.4 5 0
github.com/OpenBazaar/openbazaar-go/api/jsonapi.go:1719.77,1726.16 5 0
github.com/OpenBazaar/openbazaar-go/api/jsonapi.go:1730.2,1731.16 2 0
github.com/OpenBazaar/openbazaar-go/api/jsonapi.go:1735.2,1735.95 1 0
github.com/OpenBazaar/openbazaar-go/api/jsonapi.go:1741.2,1743.16 3 0
github.com/OpenBazaar/openbazaar-go/api/jsonapi.go:1748.2,1749.16 2 0
github.com/OpenBazaar/openbazaar-go/api/jsonapi.go:1753.2,1753.28 1 0
github.com/OpenBazaar/openbazaar-go/api/jsonapi.go:1726.16,1729.3 2 0
github.com/OpenBazaar/openbazaar-go/api/jsonapi.go:1731.16,1734.3 2 0
github.com/OpenBazaar/openbazaar-go/api/jsonapi.go:1735.95,1738.3 2 0
github.com/OpenBazaar/openbazaar-go/api/jsonapi.go:1743.16,1746.3 1 0
github.com/OpenBazaar/openbazaar-go/api/jsonapi.go:1749.16,1752.3 2 0
github.com/OpenBazaar/openbazaar-go/api/jsonapi.go:1756.80,1762.12 5 0
github.com/OpenBazaar/openbazaar-go/api/jsonapi.go:1762.12,1763.50 1 0
github.com/OpenBazaar/openbazaar-go/api/jsonapi.go:1775.3,1776.17 2 0
github.com/OpenBazaar/openbazaar-go/api/jsonapi.go:1780.3,1781.34 2 0
github.com/OpenBazaar/openbazaar-go/api/jsonapi.go:1788.3,1790.44 3 0
github.com/OpenBazaar/openbazaar-go/api/jsonapi.go:1842.3,1842.21 1 0
github.com/OpenBazaar/openbazaar-go/api/jsonapi.go:1845.3,1845.29 1 0
github.com/OpenBazaar/openbazaar-go/api/jsonapi.go:1763.50,1766.25 3 0
github.com/OpenBazaar/openbazaar-go/api/jsonapi.go:1773.4,1773.17 1 0
github.com/OpenBazaar/openbazaar-go/api/jsonapi.go:1766.25,1767.18 1 0
github.com/OpenBazaar/openbazaar-go/api/jsonapi.go:1767.18,1771.6 3 0
github.com/OpenBazaar/openbazaar-go/api/jsonapi.go:1776.17,1779.4 2 0
github.com/OpenBazaar/openbazaar-go/api/jsonapi.go:1781.34,1783.18 2 0
github.com/OpenBazaar/openbazaar-go/api/jsonapi.go:1786.4,1786.27 1 0
github.com/OpenBazaar/openbazaar-go/api/jsonapi.go:1783.18,1784.13 1 0
github.com/OpenBazaar/openbazaar-go/api/jsonapi.go:1790.44,1793.29 3 0
github.com/OpenBazaar/openbazaar-go/api/jsonapi.go:1816.4,1819.35 4 0
github.com/OpenBazaar/openbazaar-go/api/jsonapi.go:1833.4,1833.17 1 0
github.com/OpenBazaar/openbazaar-go/api/jsonapi.go:1793.29,1795.23 2 0
github.com/OpenBazaar/openbazaar-go/api/jsonapi.go:1795.23,1797.20 2 0
github.com/OpenBazaar/openbazaar-go/api/jsonapi.go:1801.6,1809.20 4 0
github.com/OpenBazaar/openbazaar-go/api/jsonapi.go:1812.6,1813.15 2 0
github.com/OpenBazaar/openbazaar-go/api/jsonapi.go:1797.20,1800.7 2 0
github.com/OpenBazaar/openbazaar-go/api/jsonapi.go:1809.20,1811.7 1 0
github.com/OpenBazaar/openbazaar-go/api/jsonapi.go:1819.35,1822.29 3 0
github.com/OpenBazaar/openbazaar-go/api/jsonapi.go:1829.5,1829.19 1 0
github.com/OpenBazaar/openbazaar-go/api/jsonapi.go:1822.29,1825.21 3 0
github.com/OpenBazaar/openbazaar-go/api/jsonapi.go:1825.21,1827.7 1 0
github.com/OpenBazaar/openbazaar-go/api/jsonapi.go:1829.19,1831.6 1 0
github.com/OpenBazaar/openbazaar-go/api/jsonapi.go:1834.9,1836.18 2 0
github.com/OpenBazaar/openbazaar-go/api/jsonapi.go:1840.4,1840.22 1 0
github.com/OpenBazaar/openbazaar-go/api/jsonapi.go:1836.18,1839.5 2 0
github.com/OpenBazaar/openbazaar-go/api/jsonapi.go:1842.21,1844.4 1 0
github.com/OpenBazaar/openbazaar-go/api/jsonapi.go:1846.8,1848.15 2 0
github.com/OpenBazaar/openbazaar-go/api/jsonapi.go:1854.3,1861.13 6 0
github.com/OpenBazaar/openbazaar-go/api/jsonapi.go:1848.15,1852.4 3 0
github.com/OpenBazaar/openbazaar-go/api/jsonapi.go:1861.13,1866.28 4 0
github.com/OpenBazaar/openbazaar-go/api/jsonapi.go:1866.28,1867.29 1 0
github.com/OpenBazaar/openbazaar-go/api/jsonapi.go:1867.29,1869.20 2 0
github.com/OpenBazaar/openbazaar-go/api/jsonapi.go:1874.6,1875.20 2 0
github.com/OpenBazaar/openbazaar-go/api/jsonapi.go:1879.6,1882.47 3 0
github.com/OpenBazaar/openbazaar-go/api/jsonapi.go:1869.20,1871.7 1 0
github.com/OpenBazaar/openbazaar-go/api/jsonapi.go:1875.20,1878.7 2 0
github.com/OpenBazaar/openbazaar-go/api/jsonapi.go:1882.47,1884.21 2 0
github.com/OpenBazaar/openbazaar-go/api/jsonapi.go:1887.7,1895.21 4 0
github.com/OpenBazaar/openbazaar-go/api/jsonapi.go:1898.7,1899.21 2 0
github.com/OpenBazaar/openbazaar-go/api/jsonapi.go:1902.7,1902.65 1 0
github.com/OpenBazaar/openbazaar-go/api/jsonapi.go:1884.21,1886.8 1 0
github.com/OpenBazaar/openbazaar-go/api/jsonapi.go:1895.21,1897.8 1 0
github.com/OpenBazaar/openbazaar-go/api/jsonapi.go:1899.21,1901.8 1 0
github.com/OpenBazaar/openbazaar-go/api/jsonapi.go:1903.12,1910.21 4 0
github.com/OpenBazaar/openbazaar-go/api/jsonapi.go:1913.7,1913.68 1 0
github.com/OpenBazaar/openbazaar-go/api/jsonapi.go:1910.21,1912.8 1 0
github.com/OpenBazaar/openbazaar-go/api/jsonapi.go:1921.83,1925.16 4 0
github.com/OpenBazaar/openbazaar-go/api/jsonapi.go:1929.2,1930.16 2 0
github.com/OpenBazaar/openbazaar-go/api/jsonapi.go:1936.2,1938.16 3 0
github.com/OpenBazaar/openbazaar-go/api/jsonapi.go:1943.2,1943.95 1 0
github.com/OpenBazaar/openbazaar-go/api/jsonapi.go:1947.2,1948.16 2 0
github.com/OpenBazaar/openbazaar-go/api/jsonapi.go:1952.2,1952.28 1 0
github.com/OpenBazaar/openbazaar-go/api/jsonapi.go:1925.16,1928.3 2 0
github.com/OpenBazaar/openbazaar-go/api/jsonapi.go:1930.16,1933.3 2 0
github.com/OpenBazaar/openbazaar-go/api/jsonapi.go:1938.16,1941.3 1 0
github.com/OpenBazaar/openbazaar-go/api/jsonapi.go:1943.95,1946.3 2 0
github.com/OpenBazaar/openbazaar-go/api/jsonapi.go:1948.16,1951.3 2 0
github.com/OpenBazaar/openbazaar-go/api/jsonapi.go:1955.84,1956.41 1 0
github.com/OpenBazaar/openbazaar-go/api/jsonapi.go:1963.2,1966.16 4 0
github.com/OpenBazaar/openbazaar-go/api/jsonapi.go:1970.2,1971.16 2 0
github.com/OpenBazaar/openbazaar-go/api/jsonapi.go:1977.2,1979.16 3 0
github.com/OpenBazaar/openbazaar-go/api/jsonapi.go:1984.2,1986.44 1 0
github.com/OpenBazaar/openbazaar-go/api/jsonapi.go:1996.2,1996.115 1 0
github.com/OpenBazaar/openbazaar-go/api/jsonapi.go:2001.2,2001.32 1 0
github.com/OpenBazaar/openbazaar-go/api/jsonapi.go:2027.2,2028.16 2 0
github.com/OpenBazaar/openbazaar-go/api/jsonapi.go:2032.2,2032.28 1 0
github.com/OpenBazaar/openbazaar-go/api/jsonapi.go:1956.41,1957.51 1 0
github.com/OpenBazaar/openbazaar-go/api/jsonapi.go:1961.3,1961.14 1 0
github.com/OpenBazaar/openbazaar-go/api/jsonapi.go:1957.51,1960.4 2 0
github.com/OpenBazaar/openbazaar-go/api/jsonapi.go:1966.16,1969.3 2 0
github.com/OpenBazaar/openbazaar-go/api/jsonapi.go:1971.16,1974.3 2 0
github.com/OpenBazaar/openbazaar-go/api/jsonapi.go:1979.16,1982.3 1 0
github.com/OpenBazaar/openbazaar-go/api/jsonapi.go:1986.44,1994.3 3 0
github.com/OpenBazaar/openbazaar-go/api/jsonapi.go:1996.115,1999.3 2 0
github.com/OpenBazaar/openbazaar-go/api/jsonapi.go:2001.32,2002.20 1 0
github.com/OpenBazaar/openbazaar-go/api/jsonapi.go:2006.3,2006.36 1 0
github.com/OpenBazaar/openbazaar-go/api/jsonapi.go:2009.3,2009.36 1 0
github.com/OpenBazaar/openbazaar-go/api/jsonapi.go:2012.3,2012.40 1 0
github.com/OpenBazaar/openbazaar-go/api/jsonapi.go:2015.3,2015.42 1 0
github.com/OpenBazaar/openbazaar-go/api/jsonapi.go:2018.3,2018.44 1 0
github.com/OpenBazaar/openbazaar-go/api/jsonapi.go:2021.3,2021.48 1 0
github.com/OpenBazaar/openbazaar-go/api/jsonapi.go:2002.20,2005.4 2 0
github.com/OpenBazaar/openbazaar-go/api/jsonapi.go:2006.36,2008.4 1 0
github.com/OpenBazaar/openbazaar-go/api/jsonapi.go:2009.36,2011.4 1 0
github.com/OpenBazaar/openbazaar-go/api/jsonapi.go:2012.40,2014.4 1 0
github.com/OpenBazaar/openbazaar-go/api/jsonapi.go:2015.42,2017.4 1 0
github.com/OpenBazaar/openbazaar-go/api/jsonapi.go:2018.44,2020.4 1 0
github.com/OpenBazaar/openbazaar-go/api/jsonapi.go:2021.48,2024.4 2 0
github.com/OpenBazaar/openbazaar-go/api/jsonapi.go:2028.16,2031.3 2 0
github.com/OpenBazaar/openbazaar-go/api/jsonapi.go:2035.82,2043.16 5 0
github.com/OpenBazaar/openbazaar-go/api/jsonapi.go:2047.2,2055.16 3 0
github.com/OpenBazaar/openbazaar-go/api/jsonapi.go:2065.2,2067.16 3 0
github.com/OpenBazaar/openbazaar-go/api/jsonapi.go:2072.2,2072.70 1 0
github.com/OpenBazaar/openbazaar-go/api/jsonapi.go:2077.2,2077.96 1 0
github.com/OpenBazaar/openbazaar-go/api/jsonapi.go:2081.2,2081.222 1 0
github.com/OpenBazaar/openbazaar-go/api/jsonapi.go:2086.2,2086.77 1 0
github.com/OpenBazaar/openbazaar-go/api/jsonapi.go:2091.2,2092.16 2 0
github.com/OpenBazaar/openbazaar-go/api/jsonapi.go:2096.2,2096.28 1 0
github.com/OpenBazaar/openbazaar-go/api/jsonapi.go:2043.16,2046.3 2 0
github.com/OpenBazaar/openbazaar-go/api/jsonapi.go:2055.16,2057.17 2 0
github.com/OpenBazaar/openbazaar-go/api/jsonapi.go:2061.3,2061.16 1 0
github.com/OpenBazaar/openbazaar-go/api/jsonapi.go:2057.17,2060.4 2 0
github.com/OpenBazaar/openbazaar-go/api/jsonapi.go:2067.16,2070.3 1 0
github.com/OpenBazaar/openbazaar-go/api/jsonapi.go:2072.70,2075.3 2 0
github.com/OpenBazaar/openbazaar-go/api/jsonapi.go:2077.96,2080.3 2 0
github.com/OpenBazaar/openbazaar-go/api/jsonapi.go:2081.222,2084.3 2 0
github.com/OpenBazaar/openbazaar-go/api/jsonapi.go:2086.77,2089.3 2 0
github.com/OpenBazaar/openbazaar-go/api/jsonapi.go:2092.16,2095.3 2 0
github.com/OpenBazaar/openbazaar-go/api/jsonapi.go:2099.83,2109.16 5 0
github.com/OpenBazaar/openbazaar-go/api/jsonapi.go:2114.2,2115.16 2 0
github.com/OpenBazaar/openbazaar-go/api/jsonapi.go:2119.2,2120.16 2 0
github.com/OpenBazaar/openbazaar-go/api/jsonapi.go:2131.2,2131.28 1 0
github.com/OpenBazaar/openbazaar-go/api/jsonapi.go:2109.16,2112.3 2 0
github.com/OpenBazaar/openbazaar-go/api/jsonapi.go:2115.16,2117.3 1 0
github.com/OpenBazaar/openbazaar-go/api/jsonapi.go:2120.16,2121.14 1 0
github.com/OpenBazaar/openbazaar-go/api/jsonapi.go:2129.3,2129.9 1 0
github.com/OpenBazaar/openbazaar-go/api/jsonapi.go:2122.29,2123.54 1 0
github.com/OpenBazaar/openbazaar-go/api/jsonapi.go:2124.40,2125.56 1 0
github.com/OpenBazaar/openbazaar-go/api/jsonapi.go:2126.11,2127.65 1 0
github.com/OpenBazaar/openbazaar-go/api/jsonapi.go:2134.74,2137.16 3 0
github.com/OpenBazaar/openbazaar-go/api/jsonapi.go:2142.2,2144.16 3 0
github.com/OpenBazaar/openbazaar-go/api/jsonapi.go:2148.2,2160.16 12 0
github.com/OpenBazaar/openbazaar-go/api/jsonapi.go:2164.2,2173.16 4 0
github.com/OpenBazaar/openbazaar-go/api/jsonapi.go:2178.2,2179.49 2 0
github.com/OpenBazaar/openbazaar-go/api/jsonapi.go:2137.16,2140.3 2 0
github.com/OpenBazaar/openbazaar-go/api/jsonapi.go:2144.16,2147.3 2 0
github.com/OpenBazaar/openbazaar-go/api/jsonapi.go:2160.16,2163.3 2 0
github.com/OpenBazaar/openbazaar-go/api/jsonapi.go:2173.16,2176.3 2 0
github.com/OpenBazaar/openbazaar-go/api/jsonapi.go:2182.83,2189.16 5 0
github.com/OpenBazaar/openbazaar-go/api/jsonapi.go:2193.2,2200.16 3 0
github.com/OpenBazaar/openbazaar-go/api/jsonapi.go:2209.2,2211.16 3 0
github.com/OpenBazaar/openbazaar-go/api/jsonapi.go:2216.2,2216.36 1 0
github.com/OpenBazaar/openbazaar-go/api/jsonapi.go:2226.2,2226.28 1 0
github.com/OpenBazaar/openbazaar-go/api/jsonapi.go:2189.16,2192.3 2 0
github.com/OpenBazaar/openbazaar-go/api/jsonapi.go:2200.16,2202.17 2 0
github.com/OpenBazaar/openbazaar-go/api/jsonapi.go:2202.17,2205.4 2 0
github.com/OpenBazaar/openbazaar-go/api/jsonapi.go:2211.16,2214.3 1 0
github.com/OpenBazaar/openbazaar-go/api/jsonapi.go:2216.36,2218.17 2 0
github.com/OpenBazaar/openbazaar-go/api/jsonapi.go:2218.17,2221.4 2 0
github.com/OpenBazaar/openbazaar-go/api/jsonapi.go:2222.8,2225.3 2 0
github.com/OpenBazaar/openbazaar-go/api/jsonapi.go:2229.84,2242.16 4 0
github.com/OpenBazaar/openbazaar-go/api/jsonapi.go:2247.2,2248.16 2 0
github.com/OpenBazaar/openbazaar-go/api/jsonapi.go:2254.2,2256.16 3 0
github.com/OpenBazaar/openbazaar-go/api/jsonapi.go:2261.2,2261.107 1 0
github.com/OpenBazaar/openbazaar-go/api/jsonapi.go:2266.2,2267.16 2 0
github.com/OpenBazaar/openbazaar-go/api/jsonapi.go:2271.2,2271.19 1 0
github.com/OpenBazaar/openbazaar-go/api/jsonapi.go:2276.2,2276.74 1 0
github.com/OpenBazaar/openbazaar-go/api/jsonapi.go:2281.2,2282.16 2 0
github.com/OpenBazaar/openbazaar-go/api/jsonapi.go:2296.2,2297.16 2 0
github.com/OpenBazaar/openbazaar-go/api/jsonapi.go:2302.2,2302.28 1 0
github.com/OpenBazaar/openbazaar-go/api/jsonapi.go:2242.16,2245.3 2 0
github.com/OpenBazaar/openbazaar-go/api/jsonapi.go:2248.16,2251.3 2 0
github.com/OpenBazaar/openbazaar-go/api/jsonapi.go:2256.16,2259.3 1 0
github.com/OpenBazaar/openbazaar-go/api/jsonapi.go:2261.107,2264.3 2 0
github.com/OpenBazaar/openbazaar-go/api/jsonapi.go:2267.16,2270.3 2 0
github.com/OpenBazaar/openbazaar-go/api/jsonapi.go:2271.19,2274.3 2 0
github.com/OpenBazaar/openbazaar-go/api/jsonapi.go:2276.74,2279.3 2 0
github.com/OpenBazaar/openbazaar-go/api/jsonapi.go:2282.16,2283.14 1 0
github.com/OpenBazaar/openbazaar-go/api/jsonapi.go:2284.54,2286.10 2 0
github.com/OpenBazaar/openbazaar-go/api/jsonapi.go:2287.35,2289.10 2 0
github.com/OpenBazaar/openbazaar-go/api/jsonapi.go:2290.11,2292.10 2 0
github.com/OpenBazaar/openbazaar-go/api/jsonapi.go:2297.16,2300.3 2 0
github.com/OpenBazaar/openbazaar-go/api/jsonapi.go:2305.82,2313.16 3 0
github.com/OpenBazaar/openbazaar-go/api/jsonapi.go:2318.2,2319.16 2 0
github.com/OpenBazaar/openbazaar-go/api/jsonapi.go:2324.2,2327.38 1 0
github.com/OpenBazaar/openbazaar-go/api/jsonapi.go:2313.16,2316.3 2 0
github.com/OpenBazaar/openbazaar-go/api/jsonapi.go:2319.16,2322.3 2 0
github.com/OpenBazaar/openbazaar-go/api/jsonapi.go:2330.84,2340.16 5 0
github.com/OpenBazaar/openbazaar-go/api/jsonapi.go:2345.2,2346.16 2 0
github.com/OpenBazaar/openbazaar-go/api/jsonapi.go:2351.2,2352.16 2 0
github.com/OpenBazaar/openbazaar-go/api/jsonapi.go:2357.2,2358.16 2 0
github.com/OpenBazaar/openbazaar-go/api/jsonapi.go:2363.2,2363.26 1 0
github.com/OpenBazaar/openbazaar-go/api/jsonapi.go:2367.2,2367.77 1 0
github.com/OpenBazaar/openbazaar-go/api/jsonapi.go:2340.16,2343.3 2 0
github.com/OpenBazaar/openbazaar-go/api/jsonapi.go:2346.16,2349.3 2 0
github.com/OpenBazaar/openbazaar-go/api/jsonapi.go:2352.16,2355.3 2 0
github.com/OpenBazaar/openbazaar-go/api/jsonapi.go:2358.16,2361.3 2 0
github.com/OpenBazaar/openbazaar-go/api/jsonapi.go:2363.26,2366.3 2 0
github.com/OpenBazaar/openbazaar-go/api/jsonapi.go:2370.75,2374.16 4 0
github.com/OpenBazaar/openbazaar-go/api/jsonapi.go:2378.2,2378.29 1 0
github.com/OpenBazaar/openbazaar-go/api/jsonapi.go:2382.2,2382.31 1 0
github.com/OpenBazaar/openbazaar-go/api/jsonapi.go:2387.2,2389.16 3 0
github.com/OpenBazaar/openbazaar-go/api/jsonapi.go:2393.2,2394.24 2 0
github.com/OpenBazaar/openbazaar-go/api/jsonapi.go:2399.2,2401.16 3 0
github.com/OpenBazaar/openbazaar-go/api/jsonapi.go:2405.2,2406.16 2 0
github.com/OpenBazaar/openbazaar-go/api/jsonapi.go:2411.2,2419.16 3 0
github.com/OpenBazaar/openbazaar-go/api/jsonapi.go:2424.2,2424.36 1 0
github.com/OpenBazaar/openbazaar-go/api/jsonapi.go:2431.2,2431.77 1 0
github.com/OpenBazaar/openbazaar-go/api/jsonapi.go:2374.16,2377.3 2 0
github.com/OpenBazaar/openbazaar-go/api/jsonapi.go:2378.29,2381.3 2 0
github.com/OpenBazaar/openbazaar-go/api/jsonapi.go:2382.31,2385.3 2 0
github.com/OpenBazaar/openbazaar-go/api/jsonapi.go:2389.16,2392.3 2 0
github.com/OpenBazaar/openbazaar-go/api/jsonapi.go:2394.24,2396.3 1 0
github.com/OpenBazaar/openbazaar-go/api/jsonapi.go:2396.8,2398.3 1 0
github.com/OpenBazaar/openbazaar-go/api/jsonapi.go:2401.16,2404.3 2 0
github.com/OpenBazaar/openbazaar-go/api/jsonapi.go:2406.16,2409.3 2 0
github.com/OpenBazaar/openbazaar-go/api/jsonapi.go:2419.16,2422.3 2 0
github.com/OpenBazaar/openbazaar-go/api/jsonapi.go:2424.36,2426.17 2 0
github.com/OpenBazaar/openbazaar-go/api/jsonapi.go:2426.17,2429.4 2 0
github.com/OpenBazaar/openbazaar-go/api/jsonapi.go:2434.80,2438.16 4 0
github.com/OpenBazaar/openbazaar-go/api/jsonapi.go:2442.2,2442.29 1 0
github.com/OpenBazaar/openbazaar-go/api/jsonapi.go:2446.2,2446.28 1 0
github.com/OpenBazaar/openbazaar-go/api/jsonapi.go:2450.2,2450.31 1 0
github.com/OpenBazaar/openbazaar-go/api/jsonapi.go:2455.2,2457.16 3 0
github.com/OpenBazaar/openbazaar-go/api/jsonapi.go:2461.2,2462.24 2 0
github.com/OpenBazaar/openbazaar-go/api/jsonapi.go:2467.2,2469.16 3 0
github.com/OpenBazaar/openbazaar-go/api/jsonapi.go:2473.2,2474.16 2 0
github.com/OpenBazaar/openbazaar-go/api/jsonapi.go:2479.2,2486.35 2 0
github.com/OpenBazaar/openbazaar-go/api/jsonapi.go:2494.2,2494.36 1 0
github.com/OpenBazaar/openbazaar-go/api/jsonapi.go:2501.2,2501.77 1 0
github.com/OpenBazaar/openbazaar-go/api/jsonapi.go:2438.16,2441.3 2 0
github.com/OpenBazaar/openbazaar-go/api/jsonapi.go:2442.29,2445.3 2 0
github.com/OpenBazaar/openbazaar-go/api/jsonapi.go:2446.28,2449.3 2 0
github.com/OpenBazaar/openbazaar-go/api/jsonapi.go:2450.31,2453.3 2 0
github.com/OpenBazaar/openbazaar-go/api/jsonapi.go:2457.16,2460.3 2 0
github.com/OpenBazaar/openbazaar-go/api/jsonapi.go:2462.24,2464.3 1 0
github.com/OpenBazaar/openbazaar-go/api/jsonapi.go:2464.8,2466.3 1 0
github.com/OpenBazaar/openbazaar-go/api/jsonapi.go:2469.16,2472.3 2 0
github.com/OpenBazaar/openbazaar-go/api/jsonapi.go:2474.16,2477.3 2 0
github.com/OpenBazaar/openbazaar-go/api/jsonapi.go:2486.35,2488.17 2 0
github.com/OpenBazaar/openbazaar-go/api/jsonapi.go:2488.17,2491.4 2 0
github.com/OpenBazaar/openbazaar-go/api/jsonapi.go:2494.36,2496.17 2 0
github.com/OpenBazaar/openbazaar-go/api/jsonapi.go:2496.17,2499.4 2 0
github.com/OpenBazaar/openbazaar-go/api/jsonapi.go:2504.82,2506.47 2 0
github.com/OpenBazaar/openbazaar-go/api/jsonapi.go:2509.2,2510.17 2 0
github.com/OpenBazaar/openbazaar-go/api/jsonapi.go:2513.2,2514.16 2 0
github.com/OpenBazaar/openbazaar-go/api/jsonapi.go:2518.2,2522.16 4 0
github.com/OpenBazaar/openbazaar-go/api/jsonapi.go:2526.2,2526.21 1 0
github.com/OpenBazaar/openbazaar-go/api/jsonapi.go:2529.2,2529.35 1 0
github.com/OpenBazaar/openbazaar-go/api/jsonapi.go:2506.47,2508.3 1 0
github.com/OpenBazaar/openbazaar-go/api/jsonapi.go:2510.17,2512.3 1 0
github.com/OpenBazaar/openbazaar-go/api/jsonapi.go:2514.16,2517.3 2 0
github.com/OpenBazaar/openbazaar-go/api/jsonapi.go:2522.16,2525.3 2 0
github.com/OpenBazaar/openbazaar-go/api/jsonapi.go:2526.21,2528.3 1 0
github.com/OpenBazaar/openbazaar-go/api/jsonapi.go:2532.87,2535.16 3 0
github.com/OpenBazaar/openbazaar-go/api/jsonapi.go:2539.2,2539.21 1 0
github.com/OpenBazaar/openbazaar-go/api/jsonapi.go:2542.2,2542.35 1 0
github.com/OpenBazaar/openbazaar-go/api/jsonapi.go:2535.16,2538.3 2 0
github.com/OpenBazaar/openbazaar-go/api/jsonapi.go:2539.21,2541.3 1 0
github.com/OpenBazaar/openbazaar-go/api/jsonapi.go:2545.85,2547.49 2 0
github.com/OpenBazaar/openbazaar-go/api/jsonapi.go:2550.2,2552.16 3 0
github.com/OpenBazaar/openbazaar-go/api/jsonapi.go:2556.2,2556.29 1 0
github.com/OpenBazaar/openbazaar-go/api/jsonapi.go:2568.2,2568.19 1 0
github.com/OpenBazaar/openbazaar-go/api/jsonapi.go:2575.2,2575.28 1 0
github.com/OpenBazaar/openbazaar-go/api/jsonapi.go:2547.49,2549.3 1 0
github.com/OpenBazaar/openbazaar-go/api/jsonapi.go:2552.16,2555.3 2 0
github.com/OpenBazaar/openbazaar-go/api/jsonapi.go:2556.29,2563.17 3 0
github.com/OpenBazaar/openbazaar-go/api/jsonapi.go:2563.17,2566.4 2 0
github.com/OpenBazaar/openbazaar-go/api/jsonapi.go:2568.19,2569.13 1 0
github.com/OpenBazaar/openbazaar-go/api/jsonapi.go:2569.13,2573.4 3 0
github.com/OpenBazaar/openbazaar-go/api/jsonapi.go:2578.84,2581.16 3 0
github.com/OpenBazaar/openbazaar-go/api/jsonapi.go:2585.2,2585.28 1 0
github.com/OpenBazaar/openbazaar-go/api/jsonapi.go:2581.16,2584.3 2 0
github.com/OpenBazaar/openbazaar-go/api/jsonapi.go:2588.89,2591.16 3 0
github.com/OpenBazaar/openbazaar-go/api/jsonapi.go:2595.2,2595.28 1 0
github.com/OpenBazaar/openbazaar-go/api/jsonapi.go:2591.16,2594.3 2 0
github.com/OpenBazaar/openbazaar-go/api/jsonapi.go:2598.83,2600.17 2 0
github.com/OpenBazaar/openbazaar-go/api/jsonapi.go:2603.2,2604.16 2 0
github.com/OpenBazaar/openbazaar-go/api/jsonapi.go:2608.2,2613.26 5 0
github.com/OpenBazaar/openbazaar-go/api/jsonapi.go:2619.2,2625.16 3 0
github.com/OpenBazaar/openbazaar-go/api/jsonapi.go:2629.2,2630.16 2 0
github.com/OpenBazaar/openbazaar-go/api/jsonapi.go:2635.2,2636.27 2 0
github.com/OpenBazaar/openbazaar-go/api/jsonapi.go:2643.2,2644.16 2 0
github.com/OpenBazaar/openbazaar-go/api/jsonapi.go:2648.2,2649.41 2 0
github.com/OpenBazaar/openbazaar-go/api/jsonapi.go:2652.2,2652.33 1 0
github.com/OpenBazaar/openbazaar-go/api/jsonapi.go:2600.17,2602.3 1 0
github.com/OpenBazaar/openbazaar-go/api/jsonapi.go:2604.16,2607.3 2 0
github.com/OpenBazaar/openbazaar-go/api/jsonapi.go:2613.26,2614.14 1 0
github.com/OpenBazaar/openbazaar-go/api/jsonapi.go:2614.14,2616.4 1 0
github.com/OpenBazaar/openbazaar-go/api/jsonapi.go:2625.16,2628.3 2 0
github.com/OpenBazaar/openbazaar-go/api/jsonapi.go:2630.16,2633.3 2 0
github.com/OpenBazaar/openbazaar-go/api/jsonapi.go:2636.27,2638.17 2 0
github.com/OpenBazaar/openbazaar-go/api/jsonapi.go:2641.3,2641.62 1 0
github.com/OpenBazaar/openbazaar-go/api/jsonapi.go:2638.17,2640.4 1 0
github.com/OpenBazaar/openbazaar-go/api/jsonapi.go:2644.16,2647.3 2 0
github.com/OpenBazaar/openbazaar-go/api/jsonapi.go:2649.41,2651.3 1 0
github.com/OpenBazaar/openbazaar-go/api/jsonapi.go:2655.93,2658.16 3 0
github.com/OpenBazaar/openbazaar-go/api/jsonapi.go:2662.2,2662.28 1 0
github.com/OpenBazaar/openbazaar-go/api/jsonapi.go:2658.16,2661.3 2 0
github.com/OpenBazaar/openbazaar-go/api/jsonapi.go:2665.94,2667.16 2 0
github.com/OpenBazaar/openbazaar-go/api/jsonapi.go:2671.2,2671.28 1 0
github.com/OpenBazaar/openbazaar-go/api/jsonapi.go:2667.16,2670.3 2 0
github.com/OpenBazaar/openbazaar-go/api/jsonapi.go:2674.85,2677.16 3 0
github.com/OpenBazaar/openbazaar-go/api/jsonapi.go:2681.2,2681.28 1 0
github.com/OpenBazaar/openbazaar-go/api/jsonapi.go:2677.16,2680.3 2 0
github.com/OpenBazaar/openbazaar-go/api/jsonapi.go:2684.75,2690.16 5 0
github.com/OpenBazaar/openbazaar-go/api/jsonapi.go:2694.2,2695.16 2 0
github.com/OpenBazaar/openbazaar-go/api/jsonapi.go:2700.2,2701.16 2 0
github.com/OpenBazaar/openbazaar-go/api/jsonapi.go:2705.2,2706.9 2 0
github.com/OpenBazaar/openbazaar-go/api/jsonapi.go:2711.2,2713.51 3 0
github.com/OpenBazaar/openbazaar-go/api/jsonapi.go:2690.16,2693.3 2 0
github.com/OpenBazaar/openbazaar-go/api/jsonapi.go:2695.16,2698.3 2 0
github.com/OpenBazaar/openbazaar-go/api/jsonapi.go:2701.16,2704.3 2 0
github.com/OpenBazaar/openbazaar-go/api/jsonapi.go:2706.9,2709.3 2 0
github.com/OpenBazaar/openbazaar-go/api/jsonapi.go:2716.76,2724.16 6 0
github.com/OpenBazaar/openbazaar-go/api/jsonapi.go:2728.2,2730.94 3 0
github.com/OpenBazaar/openbazaar-go/api/jsonapi.go:2724.16,2727.3 2 0
github.com/OpenBazaar/openbazaar-go/api/jsonapi.go:2733.76,2741.16 6 0
github.com/OpenBazaar/openbazaar-go/api/jsonapi.go:2745.2,2747.94 3 0
github.com/OpenBazaar/openbazaar-go/api/jsonapi.go:2741.16,2744.3 2 0
github.com/OpenBazaar/openbazaar-go/api/jsonapi.go:2750.84,2759.16 8 0
github.com/OpenBazaar/openbazaar-go/api/jsonapi.go:2763.2,2763.12 1 0
github.com/OpenBazaar/openbazaar-go/api/jsonapi.go:2759.16,2762.3 2 0
github.com/OpenBazaar/openbazaar-go/api/jsonapi.go:2763.12,2766.26 3 0
github.com/OpenBazaar/openbazaar-go/api/jsonapi.go:2789.3,2792.25 4 0
github.com/OpenBazaar/openbazaar-go/api/jsonapi.go:2806.3,2807.29 2 0
github.com/OpenBazaar/openbazaar-go/api/jsonapi.go:2766.26,2768.24 2 0
github.com/OpenBazaar/openbazaar-go/api/jsonapi.go:2768.24,2770.19 2 0
github.com/OpenBazaar/openbazaar-go/api/jsonapi.go:2774.5,2782.19 4 0
github.com/OpenBazaar/openbazaar-go/api/jsonapi.go:2785.5,2786.14 2 0
github.com/OpenBazaar/openbazaar-go/api/jsonapi.go:2770.19,2773.6 2 0
github.com/OpenBazaar/openbazaar-go/api/jsonapi.go:2782.19,2784.6 1 0
github.com/OpenBazaar/openbazaar-go/api/jsonapi.go:2792.25,2795.28 3 0
github.com/OpenBazaar/openbazaar-go/api/jsonapi.go:2802.4,2802.18 1 0
github.com/OpenBazaar/openbazaar-go/api/jsonapi.go:2795.28,2798.20 3 0
github.com/OpenBazaar/openbazaar-go/api/jsonapi.go:2798.20,2800.6 1 0
github.com/OpenBazaar/openbazaar-go/api/jsonapi.go:2802.18,2804.5 1 0
github.com/OpenBazaar/openbazaar-go/api/jsonapi.go:2808.8,2810.15 2 0
github.com/OpenBazaar/openbazaar-go/api/jsonapi.go:2816.3,2823.13 6 0
github.com/OpenBazaar/openbazaar-go/api/jsonapi.go:2810.15,2814.4 3 0
github.com/OpenBazaar/openbazaar-go/api/jsonapi.go:2823.13,2829.27 2 0
github.com/OpenBazaar/openbazaar-go/api/jsonapi.go:2829.27,2830.25 1 0
github.com/OpenBazaar/openbazaar-go/api/jsonapi.go:2830.25,2831.48 1 0
github.com/OpenBazaar/openbazaar-go/api/jsonapi.go:2840.6,2841.20 2 0
github.com/OpenBazaar/openbazaar-go/api/jsonapi.go:2845.6,2853.20 4 0
github.com/OpenBazaar/openbazaar-go/api/jsonapi.go:2857.6,2858.20 2 0
github.com/OpenBazaar/openbazaar-go/api/jsonapi.go:2862.6,2862.64 1 0
github.com/OpenBazaar/openbazaar-go/api/jsonapi.go:2831.48,2834.21 3 0
github.com/OpenBazaar/openbazaar-go/api/jsonapi.go:2837.7,2837.67 1 0
github.com/OpenBazaar/openbazaar-go/api/jsonapi.go:2834.21,2836.8 1 0
github.com/OpenBazaar/openbazaar-go/api/jsonapi.go:2841.20,2844.7 2 0
github.com/OpenBazaar/openbazaar-go/api/jsonapi.go:2853.20,2856.7 2 0
github.com/OpenBazaar/openbazaar-go/api/jsonapi.go:2858.20,2861.7 2 0
github.com/OpenBazaar/openbazaar-go/api/jsonapi.go:2869.82,2872.13 3 0
github.com/OpenBazaar/openbazaar-go/api/jsonapi.go:2875.2,2876.16 2 0
github.com/OpenBazaar/openbazaar-go/api/jsonapi.go:2880.2,2896.16 4 0
github.com/OpenBazaar/openbazaar-go/api/jsonapi.go:2900.2,2901.16 2 0
github.com/OpenBazaar/openbazaar-go/api/jsonapi.go:2905.2,2906.16 2 0
github.com/OpenBazaar/openbazaar-go/api/jsonapi.go:2910.2,2912.46 3 0
github.com/OpenBazaar/openbazaar-go/api/jsonapi.go:2945.2,2951.16 4 0
github.com/OpenBazaar/openbazaar-go/api/jsonapi.go:2955.2,2955.35 1 0
github.com/OpenBazaar/openbazaar-go/api/jsonapi.go:2872.13,2874.3 1 0
github.com/OpenBazaar/openbazaar-go/api/jsonapi.go:2876.16,2879.3 2 0
github.com/OpenBazaar/openbazaar-go/api/jsonapi.go:2896.16,2899.3 2 0
github.com/OpenBazaar/openbazaar-go/api/jsonapi.go:2901.16,2904.3 2 0
github.com/OpenBazaar/openbazaar-go/api/jsonapi.go:2906.16,2909.3 2 0
github.com/OpenBazaar/openbazaar-go/api/jsonapi.go:2912.46,2925.9 4 0
github.com/OpenBazaar/openbazaar-go/api/jsonapi.go:2932.3,2932.36 1 0
github.com/OpenBazaar/openbazaar-go/api/jsonapi.go:2935.3,2935.37 1 0
github.com/OpenBazaar/openbazaar-go/api/jsonapi.go:2938.3,2938.25 1 0
github.com/OpenBazaar/openbazaar-go/api/jsonapi.go:2941.3,2941.39 1 0
github.com/OpenBazaar/openbazaar-go/api/jsonapi.go:2925.9,2931.4 5 0
github.com/OpenBazaar/openbazaar-go/api/jsonapi.go:2932.36,2934.4 1 0
github.com/OpenBazaar/openbazaar-go/api/jsonapi.go:2935.37,2937.4 1 0
github.com/OpenBazaar/openbazaar-go/api/jsonapi.go:2938.25,2940.4 1 0
github.com/OpenBazaar/openbazaar-go/api/jsonapi.go:2941.39,2942.9 1 0
github.com/OpenBazaar/openbazaar-go/api/jsonapi.go:2951.16,2954.3 2 0
github.com/OpenBazaar/openbazaar-go/api/jsonapi.go:2958.79,2960.16 2 0
github.com/OpenBazaar/openbazaar-go/api/jsonapi.go:2964.2,2965.16 2 0
github.com/OpenBazaar/openbazaar-go/api/jsonapi.go:2969.2,2969.30 1 0
github.com/OpenBazaar/openbazaar-go/api/jsonapi.go:2976.2,2982.16 4 0
github.com/OpenBazaar/openbazaar-go/api/jsonapi.go:2986.2,2986.21 1 0
github.com/OpenBazaar/openbazaar-go/api/jsonapi.go:2989.2,2989.35 1 0
github.com/OpenBazaar/openbazaar-go/api/jsonapi.go:2960.16,2963.3 2 0
github.com/OpenBazaar/openbazaar-go/api/jsonapi.go:2965.16,2968.3 2 0
github.com/OpenBazaar/openbazaar-go/api/jsonapi.go:2969.30,2971.17 2 0
github.com/OpenBazaar/openbazaar-go/api/jsonapi.go:2974.3,2974.43 1 0
github.com/OpenBazaar/openbazaar-go/api/jsonapi.go:2971.17,2972.12 1 0
github.com/OpenBazaar/openbazaar-go/api/jsonapi.go:2982.16,2985.3 2 0
github.com/OpenBazaar/openbazaar-go/api/jsonapi.go:2986.21,2988.3 1 0
github.com/OpenBazaar/openbazaar-go/api/jsonapi.go:2992.75,2994.16 2 0
github.com/OpenBazaar/openbazaar-go/api/jsonapi.go:2998.2,2999.16 2 0
github.com/OpenBazaar/openbazaar-go/api/jsonapi.go:3003.2,3003.26 1 0
github.com/OpenBazaar/openbazaar-go/api/jsonapi.go:3010.2,3017.16 4 0
github.com/OpenBazaar/openbazaar-go/api/jsonapi.go:3021.2,3021.21 1 0
github.com/OpenBazaar/openbazaar-go/api/jsonapi.go:3024.2,3024.35 1 0
github.com/OpenBazaar/openbazaar-go/api/jsonapi.go:2994.16,2997.3 2 0
github.com/OpenBazaar/openbazaar-go/api/jsonapi.go:2999.16,3002.3 2 0
github.com/OpenBazaar/openbazaar-go/api/jsonapi.go:3003.26,3005.17 2 0
github.com/OpenBazaar/openbazaar-go/api/jsonapi.go:3008.3,3008.39 1 0
github.com/OpenBazaar/openbazaar-go/api/jsonapi.go:3005.17,3006.12 1 0
github.com/OpenBazaar/openbazaar-go/api/jsonapi.go:3017.16,3020.3 2 0
github.com/OpenBazaar/openbazaar-go/api/jsonapi.go:3021.21,3023.3 1 0
github.com/OpenBazaar/openbazaar-go/api/jsonapi.go:3027.75,3029.16 2 0
github.com/OpenBazaar/openbazaar-go/api/jsonapi.go:3033.2,3034.16 2 0
github.com/OpenBazaar/openbazaar-go/api/jsonapi.go:3038.2,3038.26 1 0
github.com/OpenBazaar/openbazaar-go/api/jsonapi.go:3045.2,3051.16 4 0
github.com/OpenBazaar/openbazaar-go/api/jsonapi.go:3055.2,3055.21 1 0
github.com/OpenBazaar/openbazaar-go/api/jsonapi.go:3058.2,3058.35 1 0
github.com/OpenBazaar/openbazaar-go/api/jsonapi.go:3029.16,3032.3 2 0
github.com/OpenBazaar/openbazaar-go/api/jsonapi.go:3034.16,3037.3 2 0
github.com/OpenBazaar/openbazaar-go/api/jsonapi.go:3038.26,3040.17 2 0
github.com/OpenBazaar/openbazaar-go/api/jsonapi.go:3043.3,3043.39 1 0
github.com/OpenBazaar/openbazaar-go/api/jsonapi.go:3040.17,3041.12 1 0
github.com/OpenBazaar/openbazaar-go/api/jsonapi.go:3051.16,3054.3 2 0
github.com/OpenBazaar/openbazaar-go/api/jsonapi.go:3055.21,3057.3 1 0
github.com/OpenBazaar/openbazaar-go/api/jsonapi.go:3061.80,3065.16 4 0
github.com/OpenBazaar/openbazaar-go/api/jsonapi.go:3069.2,3070.16 2 0
github.com/OpenBazaar/openbazaar-go/api/jsonapi.go:3074.2,3074.30 1 0
github.com/OpenBazaar/openbazaar-go/api/jsonapi.go:3081.2,3087.16 4 0
github.com/OpenBazaar/openbazaar-go/api/jsonapi.go:3091.2,3091.21 1 0
github.com/OpenBazaar/openbazaar-go/api/jsonapi.go:3094.2,3094.35 1 0
github.com/OpenBazaar/openbazaar-go/api/jsonapi.go:3065.16,3068.3 2 0
github.com/OpenBazaar/openbazaar-go/api/jsonapi.go:3070.16,3073.3 2 0
github.com/OpenBazaar/openbazaar-go/api/jsonapi.go:3074.30,3076.17 2 0
github.com/OpenBazaar/openbazaar-go/api/jsonapi.go:3079.3,3079.43 1 0
github.com/OpenBazaar/openbazaar-go/api/jsonapi.go:3076.17,3077.12 1 0
github.com/OpenBazaar/openbazaar-go/api/jsonapi.go:3087.16,3090.3 2 0
github.com/OpenBazaar/openbazaar-go/api/jsonapi.go:3091.21,3093.3 1 0
github.com/OpenBazaar/openbazaar-go/api/jsonapi.go:3097.76,3101.16 4 0
github.com/OpenBazaar/openbazaar-go/api/jsonapi.go:3105.2,3106.16 2 0
github.com/OpenBazaar/openbazaar-go/api/jsonapi.go:3110.2,3110.26 1 0
[...]
github.com/OpenBazaar/openbazaar-go/api/jsonapi.go:3483.16,3485.32 2 0
github.com/OpenBazaar/openbazaar-go/api/jsonapi.go:3491.3,3492.17 2 0
github.com/OpenBazaar/openbazaar-go/api/jsonapi.go:3496.3,3496.36 1 0
github.com/OpenBazaar/openbazaar-go/api/jsonapi.go:3485.32,3486.22 1 0
github.com/OpenBazaar/openbazaar-go/api/jsonapi.go:3486.22,3488.10 2 0
github.com/OpenBazaar/openbazaar-go/api/jsonapi.go:3492.17,3495.4 2 0
github.com/OpenBazaar/openbazaar-go/api/jsonapi.go:3497.8,3506.32 5 0
github.com/OpenBazaar/openbazaar-go/api/jsonapi.go:3511.3,3514.17 4 0
github.com/OpenBazaar/openbazaar-go/api/jsonapi.go:3518.3,3518.36 1 0
github.com/OpenBazaar/openbazaar-go/api/jsonapi.go:3506.32,3510.4 3 0
github.com/OpenBazaar/openbazaar-go/api/jsonapi.go:3514.17,3517.4 2 0
github.com/OpenBazaar/openbazaar-go/api/jsonapi.go:3522.76,3526.16 3 0
github.com/OpenBazaar/openbazaar-go/api/jsonapi.go:3531.2,3533.16 3 0
github.com/OpenBazaar/openbazaar-go/api/jsonapi.go:3537.2,3538.26 2 0
github.com/OpenBazaar/openbazaar-go/api/jsonapi.go:3542.2,3543.16 2 0
github.com/OpenBazaar/openbazaar-go/api/jsonapi.go:3547.2,3547.35 1 0
github.com/OpenBazaar/openbazaar-go/api/jsonapi.go:3526.16,3529.3 2 0
github.com/OpenBazaar/openbazaar-go/api/jsonapi.go:3533.16,3536.3 2 0
github.com/OpenBazaar/openbazaar-go/api/jsonapi.go:3538.26,3541.3 2 0
github.com/OpenBazaar/openbazaar-go/api/jsonapi.go:3543.16,3546.3 2 0
github.com/OpenBazaar/openbazaar-go/api/jsonapi.go:3550.83,3554.16 4 0
github.com/OpenBazaar/openbazaar-go/api/jsonapi.go:3559.2,3562.12 3 0
github.com/OpenBazaar/openbazaar-go/api/jsonapi.go:3554.16,3557.3 2 0
github.com/OpenBazaar/openbazaar-go/api/jsonapi.go:3562.12,3565.25 3 0
github.com/OpenBazaar/openbazaar-go/api/jsonapi.go:3595.3,3598.25 4 0
github.com/OpenBazaar/openbazaar-go/api/jsonapi.go:3612.3,3613.29 2 0
github.com/OpenBazaar/openbazaar-go/api/jsonapi.go:3565.25,3567.24 2 0
github.com/OpenBazaar/openbazaar-go/api/jsonapi.go:3567.24,3569.19 2 0
github.com/OpenBazaar/openbazaar-go/api/jsonapi.go:3572.5,3574.19 3 0
github.com/OpenBazaar/openbazaar-go/api/jsonapi.go:3577.5,3578.29 2 0
github.com/OpenBazaar/openbazaar-go/api/jsonapi.go:3581.5,3588.19 3 0
github.com/OpenBazaar/openbazaar-go/api/jsonapi.go:3591.5,3592.14 2 0
github.com/OpenBazaar/openbazaar-go/api/jsonapi.go:3569.19,3571.6 1 0
github.com/OpenBazaar/openbazaar-go/api/jsonapi.go:3574.19,3576.6 1 0
github.com/OpenBazaar/openbazaar-go/api/jsonapi.go:3578.29,3580.6 1 0
github.com/OpenBazaar/openbazaar-go/api/jsonapi.go:3588.19,3590.6 1 0
github.com/OpenBazaar/openbazaar-go/api/jsonapi.go:3598.25,3601.28 3 0
github.com/OpenBazaar/openbazaar-go/api/jsonapi.go:3608.4,3608.18 1 0
github.com/OpenBazaar/openbazaar-go/api/jsonapi.go:3601.28,3604.20 3 0
github.com/OpenBazaar/openbazaar-go/api/jsonapi.go:3604.20,3606.6 1 0
github.com/OpenBazaar/openbazaar-go/api/jsonapi.go:3608.18,3610.5 1 0
github.com/OpenBazaar/openbazaar-go/api/jsonapi.go:3614.8,3616.15 2 0
github.com/OpenBazaar/openbazaar-go/api/jsonapi.go:3622.3,3629.24 6 0
github.com/OpenBazaar/openbazaar-go/api/jsonapi.go:3616.15,3620.4 3 0
github.com/OpenBazaar/openbazaar-go/api/jsonapi.go:3629.24,3630.24 1 0
github.com/OpenBazaar/openbazaar-go/api/jsonapi.go:3630.24,3636.47 2 0
github.com/OpenBazaar/openbazaar-go/api/jsonapi.go:3644.5,3645.19 2 0
github.com/OpenBazaar/openbazaar-go/api/jsonapi.go:3650.5,3652.19 3 0
github.com/OpenBazaar/openbazaar-go/api/jsonapi.go:3656.5,3657.29 2 0
github.com/OpenBazaar/openbazaar-go/api/jsonapi.go:3661.5,3672.19 7 0
github.com/OpenBazaar/openbazaar-go/api/jsonapi.go:3676.5,3677.19 2 0
github.com/OpenBazaar/openbazaar-go/api/jsonapi.go:3681.5,3681.63 1 0
github.com/OpenBazaar/openbazaar-go/api/jsonapi.go:3636.47,3639.20 3 0
github.com/OpenBazaar/openbazaar-go/api/jsonapi.go:3642.6,3642.66 1 0
github.com/OpenBazaar/openbazaar-go/api/jsonapi.go:3639.20,3641.7 1 0
github.com/OpenBazaar/openbazaar-go/api/jsonapi.go:3645.19,3648.6 2 0
github.com/OpenBazaar/openbazaar-go/api/jsonapi.go:3652.19,3655.6 2 0
github.com/OpenBazaar/openbazaar-go/api/jsonapi.go:3657.29,3660.6 2 0
github.com/OpenBazaar/openbazaar-go/api/jsonapi.go:3672.19,3675.6 2 0
github.com/OpenBazaar/openbazaar-go/api/jsonapi.go:3677.19,3680.6 2 0
github.com/OpenBazaar/openbazaar-go/api/jsonapi.go:3687.85,3689.16 2 0
github.com/OpenBazaar/openbazaar-go/api/jsonapi.go:3693.2,3696.16 3 0
github.com/OpenBazaar/openbazaar-go/api/jsonapi.go:3701.2,3701.42 1 0
github.com/OpenBazaar/openbazaar-go/api/jsonapi.go:3705.2,3705.28 1 0
github.com/OpenBazaar/openbazaar-go/api/jsonapi.go:3689.16,3692.3 2 0
github.com/OpenBazaar/openbazaar-go/api/jsonapi.go:3696.16,3699.3 2 0
github.com/OpenBazaar/openbazaar-go/api/jsonapi.go:3701.42,3704.3 2 0
github.com/OpenBazaar/openbazaar-go/api/jsonapi.go:3708.81,3717.20 4 0
github.com/OpenBazaar/openbazaar-go/api/jsonapi.go:3720.2,3721.17 2 0
github.com/OpenBazaar/openbazaar-go/api/jsonapi.go:3724.2,3725.21 2 0
github.com/OpenBazaar/openbazaar-go/api/jsonapi.go:3728.2,3728.35 1 0
github.com/OpenBazaar/openbazaar-go/api/jsonapi.go:3733.2,3733.28 1 0
github.com/OpenBazaar/openbazaar-go/api/jsonapi.go:3717.20,3719.3 1 0
github.com/OpenBazaar/openbazaar-go/api/jsonapi.go:3721.17,3723.3 1 0
github.com/OpenBazaar/openbazaar-go/api/jsonapi.go:3725.21,3727.3 1 0
github.com/OpenBazaar/openbazaar-go/api/jsonapi.go:3728.35,3732.3 3 0
github.com/OpenBazaar/openbazaar-go/api/jsonapi.go:3736.78,3738.42 1 0
github.com/OpenBazaar/openbazaar-go/api/jsonapi.go:3742.2,3742.28 1 0
github.com/OpenBazaar/openbazaar-go/api/jsonapi.go:3738.42,3741.3 2 0
github.com/OpenBazaar/openbazaar-go/api/jsonapi.go:3745.81,3748.16 2 0
github.com/OpenBazaar/openbazaar-go/api/jsonapi.go:3752.2,3752.21 1 0
github.com/OpenBazaar/openbazaar-go/api/jsonapi.go:3760.2,3760.42 1 0
github.com/OpenBazaar/openbazaar-go/api/jsonapi.go:3764.2,3764.28 1 0
github.com/OpenBazaar/openbazaar-go/api/jsonapi.go:3748.16,3751.3 2 0
github.com/OpenBazaar/openbazaar-go/api/jsonapi.go:3752.21,3753.68 1 0
github.com/OpenBazaar/openbazaar-go/api/jsonapi.go:3753.68,3756.4 2 0
github.com/OpenBazaar/openbazaar-go/api/jsonapi.go:3760.42,3763.3 2 0
github.com/OpenBazaar/openbazaar-go/api/jsonapi.go:3767.82,3774.26 3 0
github.com/OpenBazaar/openbazaar-go/api/jsonapi.go:3788.2,3789.16 2 0
github.com/OpenBazaar/openbazaar-go/api/jsonapi.go:3793.2,3796.16 4 0
github.com/OpenBazaar/openbazaar-go/api/jsonapi.go:3800.2,3800.35 1 0
github.com/OpenBazaar/openbazaar-go/api/jsonapi.go:3774.26,3776.43 2 0
github.com/OpenBazaar/openbazaar-go/api/jsonapi.go:3780.3,3781.17 2 0
github.com/OpenBazaar/openbazaar-go/api/jsonapi.go:3785.3,3786.9 2 0
github.com/OpenBazaar/openbazaar-go/api/jsonapi.go:3776.43,3779.4 2 0
github.com/OpenBazaar/openbazaar-go/api/jsonapi.go:3781.17,3784.4 2 0
github.com/OpenBazaar/openbazaar-go/api/jsonapi.go:3789.16,3792.3 2 0
github.com/OpenBazaar/openbazaar-go/api/jsonapi.go:3796.16,3799.3 2 0
github.com/OpenBazaar/openbazaar-go/api/jsonapi.go:3803.74,3807.16 3 0
github.com/OpenBazaar/openbazaar-go/api/jsonapi.go:3812.2,3813.16 2 0
github.com/OpenBazaar/openbazaar-go/api/jsonapi.go:3818.2,3820.52 3 0
github.com/OpenBazaar/openbazaar-go/api/jsonapi.go:3835.2,3842.16 4 0
github.com/OpenBazaar/openbazaar-go/api/jsonapi.go:3846.2,3847.33 2 0
github.com/OpenBazaar/openbazaar-go/api/jsonapi.go:3807.16,3810.3 2 0
github.com/OpenBazaar/openbazaar-go/api/jsonapi.go:3813.16,3816.3 2 0
github.com/OpenBazaar/openbazaar-go/api/jsonapi.go:3820.52,3822.17 2 0
github.com/OpenBazaar/openbazaar-go/api/jsonapi.go:3826.3,3826.20 1 0
github.com/OpenBazaar/openbazaar-go/api/jsonapi.go:3822.17,3825.4 2 0
github.com/OpenBazaar/openbazaar-go/api/jsonapi.go:3827.8,3829.17 2 0
github.com/OpenBazaar/openbazaar-go/api/jsonapi.go:3829.17,3832.4 2 0
github.com/OpenBazaar/openbazaar-go/api/jsonapi.go:3842.16,3845.3 2 0
github.com/OpenBazaar/openbazaar-go/api/jsonapi.go:3850.81,3852.49 2 0
github.com/OpenBazaar/openbazaar-go/api/jsonapi.go:3856.2,3864.49 3 0
github.com/OpenBazaar/openbazaar-go/api/jsonapi.go:3881.2,3882.16 2 0
github.com/OpenBazaar/openbazaar-go/api/jsonapi.go:3887.2,3890.16 4 0
github.com/OpenBazaar/openbazaar-go/api/jsonapi.go:3895.2,3898.16 4 0
github.com/OpenBazaar/openbazaar-go/api/jsonapi.go:3903.2,3905.16 3 0
github.com/OpenBazaar/openbazaar-go/api/jsonapi.go:3910.2,3910.33 1 0
github.com/OpenBazaar/openbazaar-go/api/jsonapi.go:3852.49,3854.3 1 0
github.com/OpenBazaar/openbazaar-go/api/jsonapi.go:3864.49,3866.17 2 0
github.com/OpenBazaar/openbazaar-go/api/jsonapi.go:3870.3,3872.17 3 0
github.com/OpenBazaar/openbazaar-go/api/jsonapi.go:3877.3,3878.9 2 0
github.com/OpenBazaar/openbazaar-go/api/jsonapi.go:3866.17,3869.4 2 0
github.com/OpenBazaar/openbazaar-go/api/jsonapi.go:3872.17,3875.4 2 0
github.com/OpenBazaar/openbazaar-go/api/jsonapi.go:3882.16,3885.3 2 0
github.com/OpenBazaar/openbazaar-go/api/jsonapi.go:3890.16,3893.3 2 0
github.com/OpenBazaar/openbazaar-go/api/jsonapi.go:3898.16,3901.3 2 0
github.com/OpenBazaar/openbazaar-go/api/jsonapi.go:3905.16,3908.3 2 0
github.com/OpenBazaar/openbazaar-go/api/jsonapi.go:3913.93,3917.16 4 0
github.com/OpenBazaar/openbazaar-go/api/jsonapi.go:3921.2,3923.16 3 0
github.com/OpenBazaar/openbazaar-go/api/jsonapi.go:3928.2,3928.28 1 0
github.com/OpenBazaar/openbazaar-go/api/jsonapi.go:3917.16,3920.3 2 0
github.com/OpenBazaar/openbazaar-go/api/jsonapi.go:3923.16,3926.3 2 0
github.com/OpenBazaar/openbazaar-go/api/jsonapi.go:3931.78,3934.16 3 0
github.com/OpenBazaar/openbazaar-go/api/jsonapi.go:3938.2,3942.16 4 0
github.com/OpenBazaar/openbazaar-go/api/jsonapi.go:3946.2,3947.16 2 0
github.com/OpenBazaar/openbazaar-go/api/jsonapi.go:3951.2,3951.35 1 0
github.com/OpenBazaar/openbazaar-go/api/jsonapi.go:3934.16,3937.3 2 0
github.com/OpenBazaar/openbazaar-go/api/jsonapi.go:3942.16,3945.3 2 0
github.com/OpenBazaar/openbazaar-go/api/jsonapi.go:3947.16,3950.3 2 0
github.com/OpenBazaar/openbazaar-go/api/jsonapi.go:3954.89,3962.16 4 0
github.com/OpenBazaar/openbazaar-go/api/jsonapi.go:3968.2,3968.37 1 0
github.com/OpenBazaar/openbazaar-go/api/jsonapi.go:3973.2,3975.16 3 0
github.com/OpenBazaar/openbazaar-go/api/jsonapi.go:3980.2,3980.45 1 0
github.com/OpenBazaar/openbazaar-go/api/jsonapi.go:3962.16,3965.3 2 0
github.com/OpenBazaar/openbazaar-go/api/jsonapi.go:3968.37,3971.3 2 0
github.com/OpenBazaar/openbazaar-go/api/jsonapi.go:3975.16,3978.3 2 0
github.com/OpenBazaar/openbazaar-go/api/jsonapi.go:3986.75,3989.16 3 0
github.com/OpenBazaar/openbazaar-go/api/jsonapi.go:3995.2,3996.19 2 0
github.com/OpenBazaar/openbazaar-go/api/jsonapi.go:4012.2,4013.16 2 0
github.com/OpenBazaar/openbazaar-go/api/jsonapi.go:4018.2,4019.16 2 0
github.com/OpenBazaar/openbazaar-go/api/jsonapi.go:4024.2,4026.16 3 0
github.com/OpenBazaar/openbazaar-go/api/jsonapi.go:4030.2,4037.16 3 0
github.com/OpenBazaar/openbazaar-go/api/jsonapi.go:4042.2,4042.46 1 0
github.com/OpenBazaar/openbazaar-go/api/jsonapi.go:4046.2,4047.16 2 0
github.com/OpenBazaar/openbazaar-go/api/jsonapi.go:4052.2,4053.16 2 0
github.com/OpenBazaar/openbazaar-go/api/jsonapi.go:4057.2,4057.42 1 0
github.com/OpenBazaar/openbazaar-go/api/jsonapi.go:4061.2,4061.75 1 0
github.com/OpenBazaar/openbazaar-go/api/jsonapi.go:3989.16,3992.3 2 0
github.com/OpenBazaar/openbazaar-go/api/jsonapi.go:3996.19,3998.27 2 0
github.com/OpenBazaar/openbazaar-go/api/jsonapi.go:3998.27,4001.4 2 0
github.com/OpenBazaar/openbazaar-go/api/jsonapi.go:4002.8,4006.17 2 0
github.com/OpenBazaar/openbazaar-go/api/jsonapi.go:4006.17,4009.4 2 0
github.com/OpenBazaar/openbazaar-go/api/jsonapi.go:4013.16,4016.3 2 0
github.com/OpenBazaar/openbazaar-go/api/jsonapi.go:4019.16,4022.3 2 0
github.com/OpenBazaar/openbazaar-go/api/jsonapi.go:4026.16,4029.3 2 0
github.com/OpenBazaar/openbazaar-go/api/jsonapi.go:4037.16,4040.3 2 0
github.com/OpenBazaar/openbazaar-go/api/jsonapi.go:4042.46,4045.3 2 0
github.com/OpenBazaar/openbazaar-go/api/jsonapi.go:4047.16,4050.3 2 0
github.com/OpenBazaar/openbazaar-go/api/jsonapi.go:4053.16,4056.3 2 0
github.com/OpenBazaar/openbazaar-go/api/jsonapi.go:4057.42,4060.3 2 0
github.com/OpenBazaar/openbazaar-go/api/jsonapi.go:4065.74,4068.16 3 0
github.com/OpenBazaar/openbazaar-go/api/jsonapi.go:4073.2,4075.25 3 0
github.com/OpenBazaar/openbazaar-go/api/jsonapi.go:4080.2,4081.16 2 0
github.com/OpenBazaar/openbazaar-go/api/jsonapi.go:4086.2,4087.16 2 0
github.com/OpenBazaar/openbazaar-go/api/jsonapi.go:4091.2,4092.16 2 0
github.com/OpenBazaar/openbazaar-go/api/jsonapi.go:4096.2,4103.16 3 0
github.com/OpenBazaar/openbazaar-go/api/jsonapi.go:4108.2,4108.46 1 0
github.com/OpenBazaar/openbazaar-go/api/jsonapi.go:4112.2,4113.16 2 0
github.com/OpenBazaar/openbazaar-go/api/jsonapi.go:4119.2,4120.16 2 0
github.com/OpenBazaar/openbazaar-go/api/jsonapi.go:4124.2,4124.42 1 0
github.com/OpenBazaar/openbazaar-go/api/jsonapi.go:4128.2,4128.28 1 0
github.com/OpenBazaar/openbazaar-go/api/jsonapi.go:4068.16,4071.3 2 0
github.com/OpenBazaar/openbazaar-go/api/jsonapi.go:4075.25,4078.3 2 0
github.com/OpenBazaar/openbazaar-go/api/jsonapi.go:4081.16,4084.3 2 0
github.com/OpenBazaar/openbazaar-go/api/jsonapi.go:4087.16,4090.3 2 0
github.com/OpenBazaar/openbazaar-go/api/jsonapi.go:4092.16,4095.3 2 0
github.com/OpenBazaar/openbazaar-go/api/jsonapi.go:4103.16,4106.3 2 0
github.com/OpenBazaar/openbazaar-go/api/jsonapi.go:4108.46,4111.3 2 0
github.com/OpenBazaar/openbazaar-go/api/jsonapi.go:4113.16,4116.3 2 0
github.com/OpenBazaar/openbazaar-go/api/jsonapi.go:4120.16,4123.3 2 0
github.com/OpenBazaar/openbazaar-go/api/jsonapi.go:4124.42,4127.3 2 0
github.com/OpenBazaar/openbazaar-go/api/jsonapi.go:4132.77,4136.25 4 0
github.com/OpenBazaar/openbazaar-go/api/jsonapi.go:4140.2,4141.16 2 0
github.com/OpenBazaar/openbazaar-go/api/jsonapi.go:4145.2,4146.16 2 0
github.com/OpenBazaar/openbazaar-go/api/jsonapi.go:4150.2,4150.42 1 0
github.com/OpenBazaar/openbazaar-go/api/jsonapi.go:4154.2,4154.28 1 0
github.com/OpenBazaar/openbazaar-go/api/jsonapi.go:4136.25,4139.3 2 0
github.com/OpenBazaar/openbazaar-go/api/jsonapi.go:4141.16,4144.3 2 0
github.com/OpenBazaar/openbazaar-go/api/jsonapi.go:4146.16,4149.3 2 0
github.com/OpenBazaar/openbazaar-go/api/jsonapi.go:4150.42,4153.3 2 0
github.com/OpenBazaar/openbazaar-go/api/jsonapi.go:4158.75,4161.97 3 0
github.com/OpenBazaar/openbazaar-go/api/jsonapi.go:4161.97,4163.17 2 0
github.com/OpenBazaar/openbazaar-go/api/jsonapi.go:4167.3,4167.43 1 0
github.com/OpenBazaar/openbazaar-go/api/jsonapi.go:4163.17,4166.4 2 0
github.com/OpenBazaar/openbazaar-go/api/jsonapi.go:4168.8,4170.17 2 0
github.com/OpenBazaar/openbazaar-go/api/jsonapi.go:4174.3,4175.68 2 0
github.com/OpenBazaar/openbazaar-go/api/jsonapi.go:4170.17,4173.4 2 0
github.com/OpenBazaar/openbazaar-go/api/jsonapi.go:4180.74,4190.96 5 0
github.com/OpenBazaar/openbazaar-go/api/jsonapi.go:4223.2,4226.16 4 0
github.com/OpenBazaar/openbazaar-go/api/jsonapi.go:4247.2,4249.16 3 0
github.com/OpenBazaar/openbazaar-go/api/jsonapi.go:4253.2,4255.16 3 0
github.com/OpenBazaar/openbazaar-go/api/jsonapi.go:4259.2,4259.48 1 0
github.com/OpenBazaar/openbazaar-go/api/jsonapi.go:4190.96,4193.17 3 0
github.com/OpenBazaar/openbazaar-go/api/jsonapi.go:4214.3,4215.17 2 0
github.com/OpenBazaar/openbazaar-go/api/jsonapi.go:4219.3,4220.9 2 0
github.com/OpenBazaar/openbazaar-go/api/jsonapi.go:4193.17,4195.18 2 0
github.com/OpenBazaar/openbazaar-go/api/jsonapi.go:4199.4,4199.20 1 0
github.com/OpenBazaar/openbazaar-go/api/jsonapi.go:4195.18,4198.5 2 0
github.com/OpenBazaar/openbazaar-go/api/jsonapi.go:4200.9,4202.18 2 0
github.com/OpenBazaar/openbazaar-go/api/jsonapi.go:4206.4,4207.18 2 0
github.com/OpenBazaar/openbazaar-go/api/jsonapi.go:4211.4,4211.18 1 0
github.com/OpenBazaar/openbazaar-go/api/jsonapi.go:4202.18,4205.5 2 0
github.com/OpenBazaar/openbazaar-go/api/jsonapi.go:4207.18,4210.5 2 0
github.com/OpenBazaar/openbazaar-go/api/jsonapi.go:4215.17,4218.4 2 0
github.com/OpenBazaar/openbazaar-go/api/jsonapi.go:4226.16,4228.17 2 0
github.com/OpenBazaar/openbazaar-go/api/jsonapi.go:4232.3,4233.73 2 0
github.com/OpenBazaar/openbazaar-go/api/jsonapi.go:4228.17,4231.4 2 0
github.com/OpenBazaar/openbazaar-go/api/jsonapi.go:4234.8,4236.17 2 0
github.com/OpenBazaar/openbazaar-go/api/jsonapi.go:4240.3,4241.17 2 0
github.com/OpenBazaar/openbazaar-go/api/jsonapi.go:4245.3,4245.68 1 0
github.com/OpenBazaar/openbazaar-go/api/jsonapi.go:4236.17,4239.4 2 0
github.com/OpenBazaar/openbazaar-go/api/jsonapi.go:4241.17,4244.4 2 0
github.com/OpenBazaar/openbazaar-go/api/jsonapi.go:4249.16,4252.3 2 0
github.com/OpenBazaar/openbazaar-go/api/jsonapi.go:4255.16,4258.3 2 0
github.com/OpenBazaar/openbazaar-go/api/notifier.go:21.89,24.12 3 1
github.com/OpenBazaar/openbazaar-go/api/notifier.go:44.2,44.22 1 1
github.com/OpenBazaar/openbazaar-go/api/notifier.go:24.12,25.7 1 1
github.com/OpenBazaar/openbazaar-go/api/notifier.go:25.7,32.18 4 1
github.com/OpenBazaar/openbazaar-go/api/notifier.go:36.4,37.18 2 0
github.com/OpenBazaar/openbazaar-go/api/notifier.go:41.4,41.20 1 0
github.com/OpenBazaar/openbazaar-go/api/notifier.go:32.18,34.13 2 0
github.com/OpenBazaar/openbazaar-go/api/notifier.go:37.18,39.13 2 0
github.com/OpenBazaar/openbazaar-go/api/notifier.go:52.65,53.44 1 0
github.com/OpenBazaar/openbazaar-go/api/notifier.go:53.44,54.44 1 0
github.com/OpenBazaar/openbazaar-go/api/notifier.go:54.44,56.4 1 0
github.com/OpenBazaar/openbazaar-go/api/notifier.go:62.57,65.16 3 0
github.com/OpenBazaar/openbazaar-go/api/notifier.go:70.2,71.39 2 0
github.com/OpenBazaar/openbazaar-go/api/notifier.go:74.2,74.18 1 0
github.com/OpenBazaar/openbazaar-go/api/notifier.go:65.16,67.3 1 0
github.com/OpenBazaar/openbazaar-go/api/notifier.go:71.39,73.3 1 0
github.com/OpenBazaar/openbazaar-go/api/notifier.go:82.61,92.9 3 0
github.com/OpenBazaar/openbazaar-go/api/notifier.go:95.2,97.51 3 0
github.com/OpenBazaar/openbazaar-go/api/notifier.go:92.9,94.3 1 0
github.com/OpenBazaar/openbazaar-go/api/notifier.go:101.60,104.27 3 0
github.com/OpenBazaar/openbazaar-go/api/notifier.go:107.2,109.84 3 0
github.com/OpenBazaar/openbazaar-go/api/notifier.go:104.27,106.3 1 0
github.com/OpenBazaar/openbazaar-go/api/notifier.go:112.54,114.181 1 0
github.com/OpenBazaar/openbazaar-go/api/notifier.go:117.2,117.12 1 0
github.com/OpenBazaar/openbazaar-go/api/notifier.go:114.181,116.3 1 0
github.com/OpenBazaar/openbazaar-go/api/sanitize.go:14.13,17.2 2 1
github.com/OpenBazaar/openbazaar-go/api/sanitize.go:19.45,25.16 5 0
github.com/OpenBazaar/openbazaar-go/api/sanitize.go:28.2,30.42 2 0
github.com/OpenBazaar/openbazaar-go/api/sanitize.go:25.16,27.3 1 0
github.com/OpenBazaar/openbazaar-go/api/sanitize.go:33.84,35.16 2 0
github.com/OpenBazaar/openbazaar-go/api/sanitize.go:38.2,39.16 2 0
github.com/OpenBazaar/openbazaar-go/api/sanitize.go:42.2,49.16 3 0
github.com/OpenBazaar/openbazaar-go/api/sanitize.go:52.2,52.25 1 0
github.com/OpenBazaar/openbazaar-go/api/sanitize.go:35.16,37.3 1 0
github.com/OpenBazaar/openbazaar-go/api/sanitize.go:39.16,41.3 1 0
github.com/OpenBazaar/openbazaar-go/api/sanitize.go:49.16,51.3 1 0
github.com/OpenBazaar/openbazaar-go/api/sanitize.go:55.33,56.26 1 0
github.com/OpenBazaar/openbazaar-go/api/sanitize.go:57.30,58.23 1 0
github.com/OpenBazaar/openbazaar-go/api/sanitize.go:70.21,71.17 1 0
github.com/OpenBazaar/openbazaar-go/api/sanitize.go:58.23,59.26 1 0
github.com/OpenBazaar/openbazaar-go/api/sanitize.go:60.16,61.34 1 0
github.com/OpenBazaar/openbazaar-go/api/sanitize.go:62.32,63.17 1 0
github.com/OpenBazaar/openbazaar-go/api/sanitize.go:64.23,65.17 1 0
github.com/OpenBazaar/openbazaar-go/api/sanitize.go:66.13,67.17 1 0
github.com/OpenBazaar/openbazaar-go/api/sanitize.go:71.17,72.23 1 0
github.com/OpenBazaar/openbazaar-go/api/sanitize.go:73.16,74.25 1 0
github.com/OpenBazaar/openbazaar-go/api/sanitize.go:77.32,78.25 1 0
github.com/OpenBazaar/openbazaar-go/api/sanitize.go:81.23,82.25 1 0
github.com/OpenBazaar/openbazaar-go/api/sanitize.go:74.25,76.6 1 0
github.com/OpenBazaar/openbazaar-go/api/sanitize.go:78.25,80.6 1 0
github.com/OpenBazaar/openbazaar-go/api/sanitize.go:82.25,84.6 1 0
