mode: set
github.com/OpenBazaar/openbazaar-go/storage/selfhosted/selfhostedstorage.go:63.2,63.20 1 1
github.com/OpenBazaar/openbazaar-go/storage/selfhosted/selfhostedstorage.go:60.16,62.3 1 0
github.com/OpenBazaar/openbazaar-go/storage/selfhosted/selfhostedstorage.go:59.2,60.16 2 1
github.com/OpenBazaar/openbazaar-go/storage/selfhosted/selfhostedstorage.go:56.35,58.3 1 0
github.com/OpenBazaar/openbazaar-go/storage/selfhosted/selfhostedstorage.go:56.2,56.35 1 1
github.com/OpenBazaar/openbazaar-go/storage/selfhosted/selfhostedstorage.go:52.16,54.3 1 0
github.com/OpenBazaar/openbazaar-go/storage/selfhosted/selfhostedstorage.go:51.2,52.16 2 1
github.com/OpenBazaar/openbazaar-go/storage/selfhosted/selfhostedstorage.go:48.16,50.3 1 0
github.com/OpenBazaar/openbazaar-go/storage/selfhosted/selfhostedstorage.go:47.2,48.16 2 1
github.com/OpenBazaar/openbazaar-go/storage/selfhosted/selfhostedstorage.go:44.17,46.3 1 0
github.com/OpenBazaar/openbazaar-go/storage/selfhosted/selfhostedstorage.go:42.2,44.17 3 1
github.com/OpenBazaar/openbazaar-go/storage/selfhosted/selfhostedstorage.go:39.16,41.3 1 0
github.com/OpenBazaar/openbazaar-go/storage/selfhosted/selfhostedstorage.go:34.92,39.16 5 1
github.com/OpenBazaar/openbazaar-go/storage/selfhosted/selfhostedstorage.go:25.150,32.2 1 1
github.com/OpenBazaar/openbazaar-go/schema/path.go:50.2,50.22 1 1
github.com/OpenBazaar/openbazaar-go/schema/path.go:47.2,47.15 1 1
github.com/OpenBazaar/openbazaar-go/schema/path.go:47.15,49.3 1 1
github.com/OpenBazaar/openbazaar-go/schema/path.go:43.8,45.3 1 0
github.com/OpenBazaar/openbazaar-go/schema/path.go:41.29,43.3 1 1
github.com/OpenBazaar/openbazaar-go/schema/path.go:40.59,41.29 1 1
github.com/OpenBazaar/openbazaar-go/schema/path.go:38.2,38.18 1 1
github.com/OpenBazaar/openbazaar-go/schema/path.go:35.16,37.3 1 1
github.com/OpenBazaar/openbazaar-go/schema/path.go:33.94,35.16 2 1
github.com/OpenBazaar/openbazaar-go/schema/path.go:24.32,27.2 2 1
github.com/OpenBazaar/openbazaar-go/schema/path.go:18.2,18.12 1 1
github.com/OpenBazaar/openbazaar-go/schema/path.go:15.30,17.3 1 0
github.com/OpenBazaar/openbazaar-go/schema/path.go:14.38,15.30 1 1
github.com/OpenBazaar/openbazaar-go/schema/manager.go:99.77,100.55 1 1
github.com/OpenBazaar/openbazaar-go/schema/manager.go:88.2,95.8 1 1
github.com/OpenBazaar/openbazaar-go/schema/manager.go:85.3,85.32 1 1
github.com/OpenBazaar/openbazaar-go/schema/manager.go:82.17,84.4 1 0
github.com/OpenBazaar/openbazaar-go/schema/manager.go:80.31,82.17 2 1
github.com/OpenBazaar/openbazaar-go/schema/manager.go:80.2,80.31 1 1
github.com/OpenBazaar/openbazaar-go/schema/manager.go:77.3,77.29 1 1
github.com/OpenBazaar/openbazaar-go/schema/manager.go:74.17,76.4 1 0
github.com/OpenBazaar/openbazaar-go/schema/manager.go:72.28,74.17 2 1
github.com/OpenBazaar/openbazaar-go/schema/manager.go:72.2,72.28 1 1
github.com/OpenBazaar/openbazaar-go/schema/manager.go:69.2,69.22 1 1
github.com/OpenBazaar/openbazaar-go/schema/manager.go:69.22,71.3 1 1
github.com/OpenBazaar/openbazaar-go/schema/manager.go:67.3,67.22 1 1
github.com/OpenBazaar/openbazaar-go/schema/manager.go:64.17,66.4 1 0
github.com/OpenBazaar/openbazaar-go/schema/manager.go:62.28,64.17 2 1
github.com/OpenBazaar/openbazaar-go/schema/manager.go:61.82,62.28 1 1
github.com/OpenBazaar/openbazaar-go/schema/manager.go:56.59,58.2 1 1
github.com/OpenBazaar/openbazaar-go/schema/manager.go:526.58,526.75 1 1
github.com/OpenBazaar/openbazaar-go/schema/manager.go:506.2,521.13 6 1
github.com/OpenBazaar/openbazaar-go/schema/manager.go:503.16,504.13 1 0
github.com/OpenBazaar/openbazaar-go/schema/manager.go:502.2,503.16 2 1
github.com/OpenBazaar/openbazaar-go/schema/manager.go:497.16,499.13 1 0
github.com/OpenBazaar/openbazaar-go/schema/manager.go:495.41,497.16 2 1
github.com/OpenBazaar/openbazaar-go/schema/manager.go:492.2,492.22 1 1
github.com/OpenBazaar/openbazaar-go/schema/manager.go:489.16,491.3 1 0
github.com/OpenBazaar/openbazaar-go/schema/manager.go:488.2,489.16 2 1
github.com/OpenBazaar/openbazaar-go/schema/manager.go:485.16,487.3 1 0
github.com/OpenBazaar/openbazaar-go/schema/manager.go:483.36,485.16 2 1
github.com/OpenBazaar/openbazaar-go/schema/manager.go:479.2,479.25 1 1
github.com/OpenBazaar/openbazaar-go/schema/manager.go:476.16,478.3 1 0
github.com/OpenBazaar/openbazaar-go/schema/manager.go:474.2,476.16 3 1
github.com/OpenBazaar/openbazaar-go/schema/manager.go:471.24,473.3 1 1
github.com/OpenBazaar/openbazaar-go/schema/manager.go:470.57,471.24 1 1
github.com/OpenBazaar/openbazaar-go/schema/manager.go:464.2,464.55 1 1
github.com/OpenBazaar/openbazaar-go/schema/manager.go:461.16,463.3 1 0
github.com/OpenBazaar/openbazaar-go/schema/manager.go:459.2,461.16 3 1
github.com/OpenBazaar/openbazaar-go/schema/manager.go:456.9,458.3 1 0
github.com/OpenBazaar/openbazaar-go/schema/manager.go:455.2,456.9 2 1
github.com/OpenBazaar/openbazaar-go/schema/manager.go:452.62,454.3 1 0
github.com/OpenBazaar/openbazaar-go/schema/manager.go:451.2,452.62 2 1
github.com/OpenBazaar/openbazaar-go/schema/manager.go:448.16,450.3 1 0
github.com/OpenBazaar/openbazaar-go/schema/manager.go:445.67,448.16 3 1
github.com/OpenBazaar/openbazaar-go/schema/manager.go:441.93,443.2 1 1
github.com/OpenBazaar/openbazaar-go/schema/manager.go:438.2,438.12 1 1
github.com/OpenBazaar/openbazaar-go/schema/manager.go:435.35,437.3 1 0
github.com/OpenBazaar/openbazaar-go/schema/manager.go:435.2,435.35 1 1
github.com/OpenBazaar/openbazaar-go/schema/manager.go:432.3,432.13 1 0
github.com/OpenBazaar/openbazaar-go/schema/manager.go:429.55,431.4 1 0
github.com/OpenBazaar/openbazaar-go/schema/manager.go:428.16,429.55 1 0
github.com/OpenBazaar/openbazaar-go/schema/manager.go:427.2,428.16 2 1
github.com/OpenBazaar/openbazaar-go/schema/manager.go:425.3,425.13 1 0
github.com/OpenBazaar/openbazaar-go/schema/manager.go:422.55,424.4 1 0
github.com/OpenBazaar/openbazaar-go/schema/manager.go:421.16,422.55 1 0
github.com/OpenBazaar/openbazaar-go/schema/manager.go:420.2,421.16 2 1
github.com/OpenBazaar/openbazaar-go/schema/manager.go:418.3,418.13 1 0
github.com/OpenBazaar/openbazaar-go/schema/manager.go:415.55,417.4 1 0
github.com/OpenBazaar/openbazaar-go/schema/manager.go:414.16,415.55 1 0
github.com/OpenBazaar/openbazaar-go/schema/manager.go:411.2,414.16 3 1
github.com/OpenBazaar/openbazaar-go/schema/manager.go:408.16,410.3 1 0
github.com/OpenBazaar/openbazaar-go/schema/manager.go:407.2,408.16 2 1
github.com/OpenBazaar/openbazaar-go/schema/manager.go:404.16,406.3 1 0
github.com/OpenBazaar/openbazaar-go/schema/manager.go:403.2,404.16 2 1
github.com/OpenBazaar/openbazaar-go/schema/manager.go:399.66,401.3 1 0
github.com/OpenBazaar/openbazaar-go/schema/manager.go:399.2,399.66 1 1
github.com/OpenBazaar/openbazaar-go/schema/manager.go:396.8,398.3 1 1
github.com/OpenBazaar/openbazaar-go/schema/manager.go:394.16,396.3 1 0
github.com/OpenBazaar/openbazaar-go/schema/manager.go:392.2,394.16 3 1
github.com/OpenBazaar/openbazaar-go/schema/manager.go:388.66,390.3 1 1
github.com/OpenBazaar/openbazaar-go/schema/manager.go:388.2,388.66 1 1
github.com/OpenBazaar/openbazaar-go/schema/manager.go:385.16,387.3 1 0
github.com/OpenBazaar/openbazaar-go/schema/manager.go:383.62,385.16 2 1
github.com/OpenBazaar/openbazaar-go/schema/manager.go:378.2,378.16 1 1
github.com/OpenBazaar/openbazaar-go/schema/manager.go:375.34,377.3 1 1
github.com/OpenBazaar/openbazaar-go/schema/manager.go:375.2,375.34 1 1
github.com/OpenBazaar/openbazaar-go/schema/manager.go:372.16,374.3 1 0
github.com/OpenBazaar/openbazaar-go/schema/manager.go:370.56,372.16 2 1
github.com/OpenBazaar/openbazaar-go/schema/manager.go:366.2,367.12 2 1
github.com/OpenBazaar/openbazaar-go/schema/manager.go:363.17,365.3 1 0
github.com/OpenBazaar/openbazaar-go/schema/manager.go:362.2,363.17 2 1
github.com/OpenBazaar/openbazaar-go/schema/manager.go:359.16,361.3 1 0
github.com/OpenBazaar/openbazaar-go/schema/manager.go:358.2,359.16 2 1
github.com/OpenBazaar/openbazaar-go/schema/manager.go:354.35,356.3 1 0
github.com/OpenBazaar/openbazaar-go/schema/manager.go:354.2,354.35 1 1
github.com/OpenBazaar/openbazaar-go/schema/manager.go:351.16,353.3 1 0
github.com/OpenBazaar/openbazaar-go/schema/manager.go:350.2,351.16 2 1
github.com/OpenBazaar/openbazaar-go/schema/manager.go:347.16,349.3 1 0
github.com/OpenBazaar/openbazaar-go/schema/manager.go:346.2,347.16 2 1
github.com/OpenBazaar/openbazaar-go/schema/manager.go:342.16,344.3 1 1
github.com/OpenBazaar/openbazaar-go/schema/manager.go:340.62,342.16 2 1
github.com/OpenBazaar/openbazaar-go/schema/manager.go:331.2,331.24 1 1
github.com/OpenBazaar/openbazaar-go/schema/manager.go:328.3,328.18 1 1
github.com/OpenBazaar/openbazaar-go/schema/manager.go:325.17,327.4 1 0
github.com/OpenBazaar/openbazaar-go/schema/manager.go:323.23,325.17 2 1
github.com/OpenBazaar/openbazaar-go/schema/manager.go:322.67,323.23 1 1
github.com/OpenBazaar/openbazaar-go/schema/manager.go:317.2,317.52 1 1
github.com/OpenBazaar/openbazaar-go/schema/manager.go:314.24,316.3 1 1
github.com/OpenBazaar/openbazaar-go/schema/manager.go:313.40,314.24 1 1
github.com/OpenBazaar/openbazaar-go/schema/manager.go:273.62,310.2 2 1
github.com/OpenBazaar/openbazaar-go/schema/manager.go:267.2,267.12 1 0
github.com/OpenBazaar/openbazaar-go/schema/manager.go:263.53,265.3 1 0
github.com/OpenBazaar/openbazaar-go/schema/manager.go:263.2,263.53 1 0
github.com/OpenBazaar/openbazaar-go/schema/manager.go:260.61,262.3 1 0
github.com/OpenBazaar/openbazaar-go/schema/manager.go:260.2,260.61 1 0
github.com/OpenBazaar/openbazaar-go/schema/manager.go:256.84,258.4 1 0
github.com/OpenBazaar/openbazaar-go/schema/manager.go:255.8,256.84 1 0
github.com/OpenBazaar/openbazaar-go/schema/manager.go:253.45,255.3 1 0
github.com/OpenBazaar/openbazaar-go/schema/manager.go:253.2,253.45 1 0
github.com/OpenBazaar/openbazaar-go/schema/manager.go:249.24,251.3 1 0
github.com/OpenBazaar/openbazaar-go/schema/manager.go:248.63,249.24 1 0
github.com/OpenBazaar/openbazaar-go/schema/manager.go:241.49,243.3 1 0
github.com/OpenBazaar/openbazaar-go/schema/manager.go:240.62,241.49 1 1
github.com/OpenBazaar/openbazaar-go/schema/manager.go:236.2,236.12 1 1
github.com/OpenBazaar/openbazaar-go/schema/manager.go:233.82,235.3 1 0
github.com/OpenBazaar/openbazaar-go/schema/manager.go:233.2,233.82 1 1
github.com/OpenBazaar/openbazaar-go/schema/manager.go:230.84,232.3 1 0
github.com/OpenBazaar/openbazaar-go/schema/manager.go:230.2,230.84 1 1
github.com/OpenBazaar/openbazaar-go/schema/manager.go:227.82,229.3 1 0
github.com/OpenBazaar/openbazaar-go/schema/manager.go:227.2,227.82 1 1
github.com/OpenBazaar/openbazaar-go/schema/manager.go:224.81,226.3 1 0
github.com/OpenBazaar/openbazaar-go/schema/manager.go:224.2,224.81 1 1
github.com/OpenBazaar/openbazaar-go/schema/manager.go:221.95,223.3 1 0
github.com/OpenBazaar/openbazaar-go/schema/manager.go:221.2,221.95 1 1
github.com/OpenBazaar/openbazaar-go/schema/manager.go:218.92,220.3 1 0
github.com/OpenBazaar/openbazaar-go/schema/manager.go:218.2,218.92 1 1
github.com/OpenBazaar/openbazaar-go/schema/manager.go:215.93,217.3 1 0
github.com/OpenBazaar/openbazaar-go/schema/manager.go:215.2,215.93 1 1
github.com/OpenBazaar/openbazaar-go/schema/manager.go:212.92,214.3 1 0
github.com/OpenBazaar/openbazaar-go/schema/manager.go:212.2,212.92 1 1
github.com/OpenBazaar/openbazaar-go/schema/manager.go:209.91,211.3 1 0
github.com/OpenBazaar/openbazaar-go/schema/manager.go:209.2,209.91 1 1
github.com/OpenBazaar/openbazaar-go/schema/manager.go:206.83,208.3 1 0
github.com/OpenBazaar/openbazaar-go/schema/manager.go:206.2,206.83 1 1
github.com/OpenBazaar/openbazaar-go/schema/manager.go:203.84,205.3 1 0
github.com/OpenBazaar/openbazaar-go/schema/manager.go:203.2,203.84 1 1
github.com/OpenBazaar/openbazaar-go/schema/manager.go:200.85,202.3 1 0
github.com/OpenBazaar/openbazaar-go/schema/manager.go:200.2,200.85 1 1
github.com/OpenBazaar/openbazaar-go/schema/manager.go:197.73,199.3 1 0
github.com/OpenBazaar/openbazaar-go/schema/manager.go:196.68,197.73 1 1
github.com/OpenBazaar/openbazaar-go/schema/manager.go:193.2,193.12 1 1
github.com/OpenBazaar/openbazaar-go/schema/manager.go:190.73,192.3 1 0
github.com/OpenBazaar/openbazaar-go/schema/manager.go:190.2,190.73 1 1
github.com/OpenBazaar/openbazaar-go/schema/manager.go:187.75,189.3 1 0
github.com/OpenBazaar/openbazaar-go/schema/manager.go:187.2,187.75 1 1
github.com/OpenBazaar/openbazaar-go/schema/manager.go:184.53,186.3 1 0
github.com/OpenBazaar/openbazaar-go/schema/manager.go:184.2,184.53 1 1
github.com/OpenBazaar/openbazaar-go/schema/manager.go:181.78,183.3 1 1
github.com/OpenBazaar/openbazaar-go/schema/manager.go:180.66,181.78 1 1
github.com/OpenBazaar/openbazaar-go/schema/manager.go:176.2,176.12 1 1
github.com/OpenBazaar/openbazaar-go/schema/manager.go:173.46,175.3 1 1
github.com/OpenBazaar/openbazaar-go/schema/manager.go:173.2,173.46 1 1
github.com/OpenBazaar/openbazaar-go/schema/manager.go:170.16,172.3 1 1
github.com/OpenBazaar/openbazaar-go/schema/manager.go:168.85,170.16 2 1
github.com/OpenBazaar/openbazaar-go/schema/manager.go:160.75,163.2 2 1
github.com/OpenBazaar/openbazaar-go/schema/manager.go:155.2,155.50 1 1
github.com/OpenBazaar/openbazaar-go/schema/manager.go:152.23,154.3 1 1
github.com/OpenBazaar/openbazaar-go/schema/manager.go:151.57,152.23 1 1
github.com/OpenBazaar/openbazaar-go/schema/manager.go:146.66,148.2 1 1
github.com/OpenBazaar/openbazaar-go/schema/manager.go:142.2,142.23 1 1
github.com/OpenBazaar/openbazaar-go/schema/manager.go:139.16,141.3 1 0
github.com/OpenBazaar/openbazaar-go/schema/manager.go:138.2,139.16 2 1
github.com/OpenBazaar/openbazaar-go/schema/manager.go:134.29,137.3 1 0
github.com/OpenBazaar/openbazaar-go/schema/manager.go:133.72,134.29 1 1
github.com/OpenBazaar/openbazaar-go/schema/manager.go:130.56,130.80 1 1
github.com/OpenBazaar/openbazaar-go/schema/manager.go:127.53,127.74 1 1
github.com/OpenBazaar/openbazaar-go/schema/manager.go:123.53,123.74 1 1
github.com/OpenBazaar/openbazaar-go/schema/manager.go:118.62,120.2 1 1
github.com/OpenBazaar/openbazaar-go/schema/manager.go:116.2,116.13 1 1
github.com/OpenBazaar/openbazaar-go/schema/manager.go:113.68,115.3 1 1
github.com/OpenBazaar/openbazaar-go/schema/manager.go:112.64,113.68 1 1
github.com/OpenBazaar/openbazaar-go/schema/manager.go:108.56,110.2 1 1
github.com/OpenBazaar/openbazaar-go/schema/manager.go:102.8,104.3 1 1
github.com/OpenBazaar/openbazaar-go/schema/manager.go:100.55,101.13 1 0
github.com/OpenBazaar/openbazaar-go/schema/constants.go:80.54,86.2 1 0
github.com/OpenBazaar/openbazaar-go/schema/configuration.go:60.44,119.2 2 0
github.com/OpenBazaar/openbazaar-go/schema/configuration.go:501.2,501.19 1 0
github.com/OpenBazaar/openbazaar-go/schema/configuration.go:498.3,498.33 1 0
github.com/OpenBazaar/openbazaar-go/schema/configuration.go:495.10,497.4 1 0
github.com/OpenBazaar/openbazaar-go/schema/configuration.go:493.32,495.10 2 0
github.com/OpenBazaar/openbazaar-go/schema/configuration.go:493.2,493.32 1 0
github.com/OpenBazaar/openbazaar-go/schema/configuration.go:489.9,491.3 1 0
github.com/OpenBazaar/openbazaar-go/schema/configuration.go:488.2,489.9 2 0
github.com/OpenBazaar/openbazaar-go/schema/configuration.go:485.9,487.3 1 0
github.com/OpenBazaar/openbazaar-go/schema/configuration.go:484.2,485.9 2 0
github.com/OpenBazaar/openbazaar-go/schema/configuration.go:480.9,482.3 1 0
github.com/OpenBazaar/openbazaar-go/schema/configuration.go:477.2,480.9 3 0
github.com/OpenBazaar/openbazaar-go/schema/configuration.go:473.16,475.3 1 0
github.com/OpenBazaar/openbazaar-go/schema/configuration.go:470.66,473.16 3 0
github.com/OpenBazaar/openbazaar-go/schema/configuration.go:467.2,467.25 1 0
github.com/OpenBazaar/openbazaar-go/schema/configuration.go:465.3,465.57 1 0
github.com/OpenBazaar/openbazaar-go/schema/configuration.go:462.10,464.4 1 0
github.com/OpenBazaar/openbazaar-go/schema/configuration.go:460.30,462.10 2 0
github.com/OpenBazaar/openbazaar-go/schema/configuration.go:460.2,460.30 1 0
github.com/OpenBazaar/openbazaar-go/schema/configuration.go:456.9,458.3 1 0
github.com/OpenBazaar/openbazaar-go/schema/configuration.go:455.2,456.9 2 0
github.com/OpenBazaar/openbazaar-go/schema/configuration.go:452.9,454.3 1 0
github.com/OpenBazaar/openbazaar-go/schema/configuration.go:449.2,452.9 3 0
github.com/OpenBazaar/openbazaar-go/schema/configuration.go:446.9,448.3 1 0
github.com/OpenBazaar/openbazaar-go/schema/configuration.go:445.2,446.9 2 0
github.com/OpenBazaar/openbazaar-go/schema/configuration.go:442.9,444.3 1 0
github.com/OpenBazaar/openbazaar-go/schema/configuration.go:441.2,442.9 2 0
github.com/OpenBazaar/openbazaar-go/schema/configuration.go:437.9,439.3 1 0
github.com/OpenBazaar/openbazaar-go/schema/configuration.go:436.2,437.9 2 0
github.com/OpenBazaar/openbazaar-go/schema/configuration.go:433.9,435.3 1 0
github.com/OpenBazaar/openbazaar-go/schema/configuration.go:432.2,433.9 2 0
github.com/OpenBazaar/openbazaar-go/schema/configuration.go:428.9,430.3 1 0
github.com/OpenBazaar/openbazaar-go/schema/configuration.go:425.2,428.9 3 0
github.com/OpenBazaar/openbazaar-go/schema/configuration.go:421.16,423.3 1 0
github.com/OpenBazaar/openbazaar-go/schema/configuration.go:418.60,421.16 3 0
github.com/OpenBazaar/openbazaar-go/schema/configuration.go:415.2,415.15 1 1
github.com/OpenBazaar/openbazaar-go/schema/configuration.go:412.16,414.3 1 0
github.com/OpenBazaar/openbazaar-go/schema/configuration.go:411.2,412.16 2 1
github.com/OpenBazaar/openbazaar-go/schema/configuration.go:408.2,408.23 1 1
github.com/OpenBazaar/openbazaar-go/schema/configuration.go:408.23,410.3 1 0
github.com/OpenBazaar/openbazaar-go/schema/configuration.go:405.9,407.3 1 0
github.com/OpenBazaar/openbazaar-go/schema/configuration.go:404.2,405.9 2 1
github.com/OpenBazaar/openbazaar-go/schema/configuration.go:401.9,403.3 1 0
github.com/OpenBazaar/openbazaar-go/schema/configuration.go:400.2,401.9 2 1
github.com/OpenBazaar/openbazaar-go/schema/configuration.go:396.9,398.3 1 0
github.com/OpenBazaar/openbazaar-go/schema/configuration.go:395.2,396.9 2 1
github.com/OpenBazaar/openbazaar-go/schema/configuration.go:391.16,393.3 1 1
github.com/OpenBazaar/openbazaar-go/schema/configuration.go:388.67,391.16 3 1
github.com/OpenBazaar/openbazaar-go/schema/configuration.go:385.2,385.22 1 1
github.com/OpenBazaar/openbazaar-go/schema/configuration.go:381.9,383.3 1 0
github.com/OpenBazaar/openbazaar-go/schema/configuration.go:380.2,381.9 2 1
github.com/OpenBazaar/openbazaar-go/schema/configuration.go:377.9,379.3 1 0
github.com/OpenBazaar/openbazaar-go/schema/configuration.go:376.2,377.9 2 1
github.com/OpenBazaar/openbazaar-go/schema/configuration.go:372.9,374.3 1 0
github.com/OpenBazaar/openbazaar-go/schema/configuration.go:371.2,372.9 2 1
github.com/OpenBazaar/openbazaar-go/schema/configuration.go:367.16,369.3 1 1
github.com/OpenBazaar/openbazaar-go/schema/configuration.go:364.58,367.16 3 1
github.com/OpenBazaar/openbazaar-go/schema/configuration.go:361.2,361.56 1 1
github.com/OpenBazaar/openbazaar-go/schema/configuration.go:357.9,359.3 1 0
github.com/OpenBazaar/openbazaar-go/schema/configuration.go:356.2,357.9 2 1
github.com/OpenBazaar/openbazaar-go/schema/configuration.go:353.9,355.3 1 0
github.com/OpenBazaar/openbazaar-go/schema/configuration.go:352.2,353.9 2 1
github.com/OpenBazaar/openbazaar-go/schema/configuration.go:349.9,351.3 1 0
github.com/OpenBazaar/openbazaar-go/schema/configuration.go:348.2,349.9 2 1
github.com/OpenBazaar/openbazaar-go/schema/configuration.go:345.9,347.3 1 0
github.com/OpenBazaar/openbazaar-go/schema/configuration.go:344.2,345.9 2 1
github.com/OpenBazaar/openbazaar-go/schema/configuration.go:340.9,342.3 1 0
github.com/OpenBazaar/openbazaar-go/schema/configuration.go:339.2,340.9 2 1
github.com/OpenBazaar/openbazaar-go/schema/configuration.go:336.9,338.3 1 0
github.com/OpenBazaar/openbazaar-go/schema/configuration.go:335.2,336.9 2 1
github.com/OpenBazaar/openbazaar-go/schema/configuration.go:331.9,333.3 1 0
github.com/OpenBazaar/openbazaar-go/schema/configuration.go:330.2,331.9 2 1
github.com/OpenBazaar/openbazaar-go/schema/configuration.go:326.16,328.3 1 0
github.com/OpenBazaar/openbazaar-go/schema/configuration.go:323.68,326.16 3 1
github.com/OpenBazaar/openbazaar-go/schema/configuration.go:320.2,320.68 1 0
github.com/OpenBazaar/openbazaar-go/schema/configuration.go:316.9,318.3 1 0
github.com/OpenBazaar/openbazaar-go/schema/configuration.go:315.2,316.9 2 0
github.com/OpenBazaar/openbazaar-go/schema/configuration.go:312.9,314.3 1 0
github.com/OpenBazaar/openbazaar-go/schema/configuration.go:311.2,312.9 2 0
github.com/OpenBazaar/openbazaar-go/schema/configuration.go:308.9,310.3 1 0
github.com/OpenBazaar/openbazaar-go/schema/configuration.go:307.2,308.9 2 0
github.com/OpenBazaar/openbazaar-go/schema/configuration.go:304.9,306.3 1 0
github.com/OpenBazaar/openbazaar-go/schema/configuration.go:303.2,304.9 2 0
github.com/OpenBazaar/openbazaar-go/schema/configuration.go:299.9,301.3 1 0
github.com/OpenBazaar/openbazaar-go/schema/configuration.go:298.2,299.9 2 0
github.com/OpenBazaar/openbazaar-go/schema/configuration.go:295.9,297.3 1 0
github.com/OpenBazaar/openbazaar-go/schema/configuration.go:294.2,295.9 2 0
github.com/OpenBazaar/openbazaar-go/schema/configuration.go:290.9,292.3 1 0
github.com/OpenBazaar/openbazaar-go/schema/configuration.go:289.2,290.9 2 0
github.com/OpenBazaar/openbazaar-go/schema/configuration.go:285.16,287.3 1 0
github.com/OpenBazaar/openbazaar-go/schema/configuration.go:282.56,285.16 3 0
github.com/OpenBazaar/openbazaar-go/schema/configuration.go:279.2,279.18 1 1
github.com/OpenBazaar/openbazaar-go/schema/configuration.go:276.16,278.3 1 0
github.com/OpenBazaar/openbazaar-go/schema/configuration.go:274.2,276.16 3 1
github.com/OpenBazaar/openbazaar-go/schema/configuration.go:271.16,273.3 1 0
github.com/OpenBazaar/openbazaar-go/schema/configuration.go:270.2,271.16 2 1
github.com/OpenBazaar/openbazaar-go/schema/configuration.go:266.9,268.3 1 0
github.com/OpenBazaar/openbazaar-go/schema/configuration.go:265.2,266.9 2 1
github.com/OpenBazaar/openbazaar-go/schema/configuration.go:261.16,263.3 1 1
github.com/OpenBazaar/openbazaar-go/schema/configuration.go:258.64,261.16 3 1
github.com/OpenBazaar/openbazaar-go/schema/configuration.go:242.2,255.23 2 1
github.com/OpenBazaar/openbazaar-go/schema/configuration.go:238.9,240.3 1 0
github.com/OpenBazaar/openbazaar-go/schema/configuration.go:237.2,238.9 2 1
github.com/OpenBazaar/openbazaar-go/schema/configuration.go:234.9,236.3 1 0
github.com/OpenBazaar/openbazaar-go/schema/configuration.go:233.2,234.9 2 1
github.com/OpenBazaar/openbazaar-go/schema/configuration.go:230.9,232.3 1 0
github.com/OpenBazaar/openbazaar-go/schema/configuration.go:229.2,230.9 2 1
github.com/OpenBazaar/openbazaar-go/schema/configuration.go:226.9,228.3 1 0
github.com/OpenBazaar/openbazaar-go/schema/configuration.go:225.2,226.9 2 1
github.com/OpenBazaar/openbazaar-go/schema/configuration.go:221.9,223.3 1 0
github.com/OpenBazaar/openbazaar-go/schema/configuration.go:220.2,221.9 2 1
github.com/OpenBazaar/openbazaar-go/schema/configuration.go:217.9,219.3 1 0
github.com/OpenBazaar/openbazaar-go/schema/configuration.go:216.2,217.9 2 1
github.com/OpenBazaar/openbazaar-go/schema/configuration.go:214.3,214.14 1 1
github.com/OpenBazaar/openbazaar-go/schema/configuration.go:211.10,213.4 1 0
github.com/OpenBazaar/openbazaar-go/schema/configuration.go:209.8,211.10 2 1
github.com/OpenBazaar/openbazaar-go/schema/configuration.go:207.21,209.3 1 0
github.com/OpenBazaar/openbazaar-go/schema/configuration.go:205.2,207.21 3 1
github.com/OpenBazaar/openbazaar-go/schema/configuration.go:201.9,203.3 1 0
github.com/OpenBazaar/openbazaar-go/schema/configuration.go:200.2,201.9 2 1
github.com/OpenBazaar/openbazaar-go/schema/configuration.go:197.9,199.3 1 0
github.com/OpenBazaar/openbazaar-go/schema/configuration.go:196.2,197.9 2 1
github.com/OpenBazaar/openbazaar-go/schema/configuration.go:192.9,194.3 1 0
github.com/OpenBazaar/openbazaar-go/schema/configuration.go:191.2,192.9 2 1
github.com/OpenBazaar/openbazaar-go/schema/configuration.go:188.9,190.3 1 0
github.com/OpenBazaar/openbazaar-go/schema/configuration.go:187.2,188.9 2 1
github.com/OpenBazaar/openbazaar-go/schema/configuration.go:184.3,184.53 1 1
github.com/OpenBazaar/openbazaar-go/schema/configuration.go:181.10,183.4 1 0
github.com/OpenBazaar/openbazaar-go/schema/configuration.go:179.37,181.10 2 1
github.com/OpenBazaar/openbazaar-go/schema/configuration.go:178.2,179.37 2 1
github.com/OpenBazaar/openbazaar-go/schema/configuration.go:175.9,177.3 1 0
github.com/OpenBazaar/openbazaar-go/schema/configuration.go:174.2,175.9 2 1
github.com/OpenBazaar/openbazaar-go/schema/configuration.go:171.9,173.3 1 0
github.com/OpenBazaar/openbazaar-go/schema/configuration.go:170.2,171.9 2 1
github.com/OpenBazaar/openbazaar-go/schema/configuration.go:167.9,169.3 1 0
github.com/OpenBazaar/openbazaar-go/schema/configuration.go:166.2,167.9 2 1
github.com/OpenBazaar/openbazaar-go/schema/configuration.go:163.9,165.3 1 0
github.com/OpenBazaar/openbazaar-go/schema/configuration.go:162.2,163.9 2 1
github.com/OpenBazaar/openbazaar-go/schema/configuration.go:159.9,161.3 1 0
github.com/OpenBazaar/openbazaar-go/schema/configuration.go:158.2,159.9 2 1
github.com/OpenBazaar/openbazaar-go/schema/configuration.go:155.9,157.3 1 0
github.com/OpenBazaar/openbazaar-go/schema/configuration.go:154.2,155.9 2 1
github.com/OpenBazaar/openbazaar-go/schema/configuration.go:149.10,151.4 1 0
github.com/OpenBazaar/openbazaar-go/schema/configuration.go:147.8,149.10 2 0
github.com/OpenBazaar/openbazaar-go/schema/configuration.go:145.21,147.3 1 1
github.com/OpenBazaar/openbazaar-go/schema/configuration.go:143.2,145.21 3 1
github.com/OpenBazaar/openbazaar-go/schema/configuration.go:139.9,141.3 1 0
github.com/OpenBazaar/openbazaar-go/schema/configuration.go:138.2,139.9 2 1
github.com/OpenBazaar/openbazaar-go/schema/configuration.go:134.9,136.3 1 0
github.com/OpenBazaar/openbazaar-go/schema/configuration.go:133.2,134.9 2 1
github.com/OpenBazaar/openbazaar-go/schema/configuration.go:129.9,131.3 1 0
github.com/OpenBazaar/openbazaar-go/schema/configuration.go:128.2,129.9 2 1
github.com/OpenBazaar/openbazaar-go/schema/configuration.go:124.16,126.3 1 1
github.com/OpenBazaar/openbazaar-go/schema/configuration.go:121.56,124.16 3 1
github.com/OpenBazaar/openbazaar-go/repo/sale_record.go:86.2,86.56 1 0
github.com/OpenBazaar/openbazaar-go/repo/sale_record.go:80.93,85.3 1 0
github.com/OpenBazaar/openbazaar-go/repo/sale_record.go:72.99,80.93 2 0
github.com/OpenBazaar/openbazaar-go/repo/sale_record.go:66.49,68.2 1 1
github.com/OpenBazaar/openbazaar-go/repo/sale_record.go:61.2,61.14 1 1
github.com/OpenBazaar/openbazaar-go/repo/sale_record.go:57.67,58.15 1 1
github.com/OpenBazaar/openbazaar-go/repo/sale_record.go:55.29,56.23 1 1
github.com/OpenBazaar/openbazaar-go/repo/sale_record.go:54.43,55.29 1 1
github.com/OpenBazaar/openbazaar-go/repo/sale_record.go:49.2,49.14 1 0
github.com/OpenBazaar/openbazaar-go/repo/sale_record.go:45.15,46.16 1 1
github.com/OpenBazaar/openbazaar-go/repo/sale_record.go:43.14,44.16 1 1
github.com/OpenBazaar/openbazaar-go/repo/sale_record.go:41.15,42.15 1 1
github.com/OpenBazaar/openbazaar-go/repo/sale_record.go:39.14,40.15 1 1
github.com/OpenBazaar/openbazaar-go/repo/sale_record.go:37.15,38.15 1 1
github.com/OpenBazaar/openbazaar-go/repo/sale_record.go:35.14,36.15 1 1
github.com/OpenBazaar/openbazaar-go/repo/sale_record.go:33.15,34.15 1 1
github.com/OpenBazaar/openbazaar-go/repo/sale_record.go:31.14,32.15 1 1
github.com/OpenBazaar/openbazaar-go/repo/sale_record.go:29.40,30.83 1 1
github.com/OpenBazaar/openbazaar-go/repo/sale_record.go:27.56,29.40 1 1
github.com/OpenBazaar/openbazaar-go/repo/purchase_record.go:95.103,97.2 1 0
github.com/OpenBazaar/openbazaar-go/repo/purchase_record.go:90.102,92.2 1 0
github.com/OpenBazaar/openbazaar-go/repo/purchase_record.go:86.2,86.56 1 0
github.com/OpenBazaar/openbazaar-go/repo/purchase_record.go:80.93,85.3 1 0
github.com/OpenBazaar/openbazaar-go/repo/purchase_record.go:71.110,80.93 3 0
github.com/OpenBazaar/openbazaar-go/repo/purchase_record.go:67.102,69.2 1 0
github.com/OpenBazaar/openbazaar-go/repo/purchase_record.go:62.103,64.2 1 0
github.com/OpenBazaar/openbazaar-go/repo/purchase_record.go:57.104,59.2 1 0
github.com/OpenBazaar/openbazaar-go/repo/purchase_record.go:52.103,54.2 1 0
github.com/OpenBazaar/openbazaar-go/repo/purchase_record.go:47.53,49.2 1 1
github.com/OpenBazaar/openbazaar-go/repo/purchase_record.go:43.2,43.14 1 1
github.com/OpenBazaar/openbazaar-go/repo/purchase_record.go:39.91,40.15 1 1
github.com/OpenBazaar/openbazaar-go/repo/purchase_record.go:37.29,38.23 1 1
github.com/OpenBazaar/openbazaar-go/repo/purchase_record.go:36.47,37.29 1 1
github.com/OpenBazaar/openbazaar-go/repo/purchase_record.go:119.2,119.56 1 0
github.com/OpenBazaar/openbazaar-go/repo/purchase_record.go:113.93,118.3 1 0
github.com/OpenBazaar/openbazaar-go/repo/purchase_record.go:104.109,113.93 3 0
github.com/OpenBazaar/openbazaar-go/repo/purchase_record.go:100.101,102.2 1 0
github.com/OpenBazaar/openbazaar-go/repo/payout_ratio.go:8.29,10.3 1 0
github.com/OpenBazaar/openbazaar-go/repo/payout_ratio.go:7.39,8.29 1 0
github.com/OpenBazaar/openbazaar-go/repo/payout_ratio.go:24.44,24.74 1 0
github.com/OpenBazaar/openbazaar-go/repo/payout_ratio.go:23.44,23.73 1 1
github.com/OpenBazaar/openbazaar-go/repo/payout_ratio.go:22.44,22.73 1 0
github.com/OpenBazaar/openbazaar-go/repo/payout_ratio.go:21.44,21.67 1 0
github.com/OpenBazaar/openbazaar-go/repo/payout_ratio.go:20.44,20.66 1 0
github.com/OpenBazaar/openbazaar-go/repo/payout_ratio.go:17.2,17.12 1 0
github.com/OpenBazaar/openbazaar-go/repo/payout_ratio.go:14.2,14.18 1 0
github.com/OpenBazaar/openbazaar-go/repo/payout_ratio.go:14.18,16.3 1 0
github.com/OpenBazaar/openbazaar-go/repo/payout_ratio.go:11.2,11.17 1 0
github.com/OpenBazaar/openbazaar-go/repo/payout_ratio.go:11.17,13.3 1 0
github.com/OpenBazaar/openbazaar-go/repo/notification.go:999.77,999.121 1 0
github.com/OpenBazaar/openbazaar-go/repo/notification.go:998.77,998.90 1 0
github.com/OpenBazaar/openbazaar-go/repo/notification.go:997.77,997.96 1 0
github.com/OpenBazaar/openbazaar-go/repo/notification.go:996.77,996.102 1 0
github.com/OpenBazaar/openbazaar-go/repo/notification.go:984.70,986.2 1 0
github.com/OpenBazaar/openbazaar-go/repo/notification.go:983.59,983.98 1 0
github.com/OpenBazaar/openbazaar-go/repo/notification.go:982.59,982.72 1 0
github.com/OpenBazaar/openbazaar-go/repo/notification.go:981.59,981.78 1 0
github.com/OpenBazaar/openbazaar-go/repo/notification.go:978.48,980.2 1 0
github.com/OpenBazaar/openbazaar-go/repo/notification.go:974.78,974.102 1 0
github.com/OpenBazaar/openbazaar-go/repo/notification.go:973.78,973.95 1 1
github.com/OpenBazaar/openbazaar-go/repo/notification.go:972.78,972.93 1 1
github.com/OpenBazaar/openbazaar-go/repo/notification.go:969.65,971.2 1 1
github.com/OpenBazaar/openbazaar-go/repo/notification.go:966.56,968.2 1 1
github.com/OpenBazaar/openbazaar-go/repo/notification.go:950.78,952.2 1 0
github.com/OpenBazaar/openbazaar-go/repo/notification.go:949.60,949.105 1 1
github.com/OpenBazaar/openbazaar-go/repo/notification.go:948.60,948.75 1 1
github.com/OpenBazaar/openbazaar-go/repo/notification.go:945.65,947.2 1 1
github.com/OpenBazaar/openbazaar-go/repo/notification.go:942.56,944.2 1 1
github.com/OpenBazaar/openbazaar-go/repo/notification.go:930.74,932.2 1 0
github.com/OpenBazaar/openbazaar-go/repo/notification.go:929.56,929.73 1 1
github.com/OpenBazaar/openbazaar-go/repo/notification.go:928.56,928.71 1 1
github.com/OpenBazaar/openbazaar-go/repo/notification.go:925.61,927.2 1 1
github.com/OpenBazaar/openbazaar-go/repo/notification.go:922.52,924.2 1 1
github.com/OpenBazaar/openbazaar-go/repo/notification.go:91.2,97.30 2 1
github.com/OpenBazaar/openbazaar-go/repo/notification.go:908.75,910.2 1 0
github.com/OpenBazaar/openbazaar-go/repo/notification.go:907.57,907.99 1 1
github.com/OpenBazaar/openbazaar-go/repo/notification.go:906.57,906.72 1 1
github.com/OpenBazaar/openbazaar-go/repo/notification.go:903.62,905.2 1 1
github.com/OpenBazaar/openbazaar-go/repo/notification.go:900.53,902.2 1 1
github.com/OpenBazaar/openbazaar-go/repo/notification.go:886.76,888.2 1 0
github.com/OpenBazaar/openbazaar-go/repo/notification.go:885.58,885.101 1 1
github.com/OpenBazaar/openbazaar-go/repo/notification.go:884.58,884.73 1 1
github.com/OpenBazaar/openbazaar-go/repo/notification.go:88.16,90.3 1 0
github.com/OpenBazaar/openbazaar-go/repo/notification.go:881.63,883.2 1 1
github.com/OpenBazaar/openbazaar-go/repo/notification.go:878.54,880.2 1 1
github.com/OpenBazaar/openbazaar-go/repo/notification.go:865.75,865.99 1 0
github.com/OpenBazaar/openbazaar-go/repo/notification.go:86.54,88.16 2 1
github.com/OpenBazaar/openbazaar-go/repo/notification.go:864.75,864.117 1 0
github.com/OpenBazaar/openbazaar-go/repo/notification.go:863.75,863.88 1 0
github.com/OpenBazaar/openbazaar-go/repo/notification.go:862.75,862.94 1 0
github.com/OpenBazaar/openbazaar-go/repo/notification.go:859.53,861.2 1 0
github.com/OpenBazaar/openbazaar-go/repo/notification.go:842.66,842.90 1 0
github.com/OpenBazaar/openbazaar-go/repo/notification.go:841.66,841.99 1 0
github.com/OpenBazaar/openbazaar-go/repo/notification.go:840.66,840.79 1 0
github.com/OpenBazaar/openbazaar-go/repo/notification.go:839.66,839.85 1 0
github.com/OpenBazaar/openbazaar-go/repo/notification.go:836.44,838.2 1 0
github.com/OpenBazaar/openbazaar-go/repo/notification.go:828.64,828.88 1 0
github.com/OpenBazaar/openbazaar-go/repo/notification.go:827.64,827.95 1 0
github.com/OpenBazaar/openbazaar-go/repo/notification.go:826.64,826.77 1 0
github.com/OpenBazaar/openbazaar-go/repo/notification.go:825.64,825.83 1 0
github.com/OpenBazaar/openbazaar-go/repo/notification.go:824.64,824.128 1 0
github.com/OpenBazaar/openbazaar-go/repo/notification.go:816.79,816.103 1 0
github.com/OpenBazaar/openbazaar-go/repo/notification.go:815.79,815.113 1 0
github.com/OpenBazaar/openbazaar-go/repo/notification.go:814.79,814.92 1 0
github.com/OpenBazaar/openbazaar-go/repo/notification.go:813.79,813.98 1 0
github.com/OpenBazaar/openbazaar-go/repo/notification.go:810.57,812.2 1 0
github.com/OpenBazaar/openbazaar-go/repo/notification.go:805.74,805.98 1 0
github.com/OpenBazaar/openbazaar-go/repo/notification.go:804.74,804.121 1 0
github.com/OpenBazaar/openbazaar-go/repo/notification.go:803.74,803.87 1 0
github.com/OpenBazaar/openbazaar-go/repo/notification.go:802.74,802.93 1 0
github.com/OpenBazaar/openbazaar-go/repo/notification.go:801.74,801.118 1 0
github.com/OpenBazaar/openbazaar-go/repo/notification.go:793.83,795.2 1 0
github.com/OpenBazaar/openbazaar-go/repo/notification.go:790.65,792.2 1 1
github.com/OpenBazaar/openbazaar-go/repo/notification.go:789.53,789.68 1 1
github.com/OpenBazaar/openbazaar-go/repo/notification.go:786.70,788.2 1 1
github.com/OpenBazaar/openbazaar-go/repo/notification.go:783.61,785.2 1 1
github.com/OpenBazaar/openbazaar-go/repo/notification.go:775.80,775.104 1 0
github.com/OpenBazaar/openbazaar-go/repo/notification.go:77.56,77.75 1 0
github.com/OpenBazaar/openbazaar-go/repo/notification.go:772.62,774.2 1 1
github.com/OpenBazaar/openbazaar-go/repo/notification.go:771.50,771.65 1 1
github.com/OpenBazaar/openbazaar-go/repo/notification.go:768.67,770.2 1 1
github.com/OpenBazaar/openbazaar-go/repo/notification.go:76.56,76.100 1 0
github.com/OpenBazaar/openbazaar-go/repo/notification.go:765.58,767.2 1 1
github.com/OpenBazaar/openbazaar-go/repo/notification.go:757.76,757.100 1 0
github.com/OpenBazaar/openbazaar-go/repo/notification.go:756.76,756.119 1 1
github.com/OpenBazaar/openbazaar-go/repo/notification.go:755.76,755.91 1 1
github.com/OpenBazaar/openbazaar-go/repo/notification.go:752.63,754.2 1 1
github.com/OpenBazaar/openbazaar-go/repo/notification.go:749.54,751.2 1 1
github.com/OpenBazaar/openbazaar-go/repo/notification.go:741.74,741.98 1 0
github.com/OpenBazaar/openbazaar-go/repo/notification.go:738.56,740.2 1 1
github.com/OpenBazaar/openbazaar-go/repo/notification.go:737.44,737.59 1 1
github.com/OpenBazaar/openbazaar-go/repo/notification.go:73.69,75.2 1 0
github.com/OpenBazaar/openbazaar-go/repo/notification.go:734.61,736.2 1 1
github.com/OpenBazaar/openbazaar-go/repo/notification.go:731.52,733.2 1 1
github.com/OpenBazaar/openbazaar-go/repo/notification.go:72.47,72.81 1 0
github.com/OpenBazaar/openbazaar-go/repo/notification.go:721.83,723.2 1 0
github.com/OpenBazaar/openbazaar-go/repo/notification.go:718.65,720.2 1 1
github.com/OpenBazaar/openbazaar-go/repo/notification.go:717.53,717.68 1 1
github.com/OpenBazaar/openbazaar-go/repo/notification.go:714.70,716.2 1 1
github.com/OpenBazaar/openbazaar-go/repo/notification.go:711.61,713.2 1 1
github.com/OpenBazaar/openbazaar-go/repo/notification.go:70.2,70.23 1 1
github.com/OpenBazaar/openbazaar-go/repo/notification.go:696.80,699.2 2 0
github.com/OpenBazaar/openbazaar-go/repo/notification.go:693.62,695.2 1 1
github.com/OpenBazaar/openbazaar-go/repo/notification.go:692.50,692.65 1 1
github.com/OpenBazaar/openbazaar-go/repo/notification.go:689.67,691.2 1 1
github.com/OpenBazaar/openbazaar-go/repo/notification.go:686.58,688.2 1 1
github.com/OpenBazaar/openbazaar-go/repo/notification.go:67.34,69.3 1 0
github.com/OpenBazaar/openbazaar-go/repo/notification.go:671.81,674.2 2 0
github.com/OpenBazaar/openbazaar-go/repo/notification.go:668.63,670.2 1 1
github.com/OpenBazaar/openbazaar-go/repo/notification.go:667.51,667.66 1 1
github.com/OpenBazaar/openbazaar-go/repo/notification.go:66.51,67.34 1 1
github.com/OpenBazaar/openbazaar-go/repo/notification.go:664.68,666.2 1 1
github.com/OpenBazaar/openbazaar-go/repo/notification.go:661.59,663.2 1 1
github.com/OpenBazaar/openbazaar-go/repo/notification.go:65.47,65.77 1 0
github.com/OpenBazaar/openbazaar-go/repo/notification.go:644.79,647.2 2 0
github.com/OpenBazaar/openbazaar-go/repo/notification.go:64.47,64.62 1 1
github.com/OpenBazaar/openbazaar-go/repo/notification.go:641.61,643.2 1 1
github.com/OpenBazaar/openbazaar-go/repo/notification.go:640.49,640.64 1 1
github.com/OpenBazaar/openbazaar-go/repo/notification.go:637.66,639.2 1 1
github.com/OpenBazaar/openbazaar-go/repo/notification.go:634.57,636.2 1 1
github.com/OpenBazaar/openbazaar-go/repo/notification.go:617.78,620.2 2 0
github.com/OpenBazaar/openbazaar-go/repo/notification.go:616.60,616.105 1 1
github.com/OpenBazaar/openbazaar-go/repo/notification.go:615.60,615.75 1 1
github.com/OpenBazaar/openbazaar-go/repo/notification.go:612.65,614.2 1 1
github.com/OpenBazaar/openbazaar-go/repo/notification.go:609.56,611.2 1 1
github.com/OpenBazaar/openbazaar-go/repo/notification.go:596.83,598.2 1 0
github.com/OpenBazaar/openbazaar-go/repo/notification.go:593.65,595.2 1 1
github.com/OpenBazaar/openbazaar-go/repo/notification.go:592.53,592.68 1 1
github.com/OpenBazaar/openbazaar-go/repo/notification.go:589.70,591.2 1 1
github.com/OpenBazaar/openbazaar-go/repo/notification.go:586.61,588.2 1 1
github.com/OpenBazaar/openbazaar-go/repo/notification.go:572.79,575.2 2 0
github.com/OpenBazaar/openbazaar-go/repo/notification.go:569.61,571.2 1 1
github.com/OpenBazaar/openbazaar-go/repo/notification.go:568.49,568.64 1 1
github.com/OpenBazaar/openbazaar-go/repo/notification.go:565.66,567.2 1 1
github.com/OpenBazaar/openbazaar-go/repo/notification.go:562.57,564.2 1 1
github.com/OpenBazaar/openbazaar-go/repo/notification.go:548.74,551.2 2 0
github.com/OpenBazaar/openbazaar-go/repo/notification.go:547.56,547.97 1 1
github.com/OpenBazaar/openbazaar-go/repo/notification.go:546.56,546.71 1 1
github.com/OpenBazaar/openbazaar-go/repo/notification.go:543.61,545.2 1 1
github.com/OpenBazaar/openbazaar-go/repo/notification.go:540.52,542.2 1 1
github.com/OpenBazaar/openbazaar-go/repo/notification.go:526.79,529.2 2 0
github.com/OpenBazaar/openbazaar-go/repo/notification.go:523.61,525.2 1 1
github.com/OpenBazaar/openbazaar-go/repo/notification.go:522.49,522.64 1 1
github.com/OpenBazaar/openbazaar-go/repo/notification.go:519.66,521.2 1 1
github.com/OpenBazaar/openbazaar-go/repo/notification.go:516.57,518.2 1 1
github.com/OpenBazaar/openbazaar-go/repo/notification.go:505.81,505.105 1 0
github.com/OpenBazaar/openbazaar-go/repo/notification.go:502.63,504.2 1 1
github.com/OpenBazaar/openbazaar-go/repo/notification.go:501.51,501.66 1 1
github.com/OpenBazaar/openbazaar-go/repo/notification.go:498.68,500.2 1 1
github.com/OpenBazaar/openbazaar-go/repo/notification.go:495.59,497.2 1 1
github.com/OpenBazaar/openbazaar-go/repo/notification.go:481.85,484.2 2 0
github.com/OpenBazaar/openbazaar-go/repo/notification.go:478.67,480.2 1 1
github.com/OpenBazaar/openbazaar-go/repo/notification.go:477.55,477.70 1 1
github.com/OpenBazaar/openbazaar-go/repo/notification.go:474.72,476.2 1 1
github.com/OpenBazaar/openbazaar-go/repo/notification.go:471.63,473.2 1 1
github.com/OpenBazaar/openbazaar-go/repo/notification.go:457.75,460.2 2 0
github.com/OpenBazaar/openbazaar-go/repo/notification.go:456.57,456.99 1 1
github.com/OpenBazaar/openbazaar-go/repo/notification.go:455.57,455.72 1 1
github.com/OpenBazaar/openbazaar-go/repo/notification.go:452.62,454.2 1 1
github.com/OpenBazaar/openbazaar-go/repo/notification.go:449.53,451.2 1 1
github.com/OpenBazaar/openbazaar-go/repo/notification.go:438.2,438.18 1 0
github.com/OpenBazaar/openbazaar-go/repo/notification.go:435.25,437.3 1 0
github.com/OpenBazaar/openbazaar-go/repo/notification.go:434.48,435.25 1 0
github.com/OpenBazaar/openbazaar-go/repo/notification.go:430.73,433.2 2 0
github.com/OpenBazaar/openbazaar-go/repo/notification.go:429.55,429.98 1 1
github.com/OpenBazaar/openbazaar-go/repo/notification.go:428.55,428.70 1 1
github.com/OpenBazaar/openbazaar-go/repo/notification.go:425.60,427.2 1 1
github.com/OpenBazaar/openbazaar-go/repo/notification.go:422.51,424.2 1 1
github.com/OpenBazaar/openbazaar-go/repo/notification.go:39.82,47.2 1 1
github.com/OpenBazaar/openbazaar-go/repo/notification.go:374.2,374.36 1 1
github.com/OpenBazaar/openbazaar-go/repo/notification.go:371.49,373.3 1 1
github.com/OpenBazaar/openbazaar-go/repo/notification.go:371.2,371.49 1 1
github.com/OpenBazaar/openbazaar-go/repo/notification.go:368.61,370.3 1 0
github.com/OpenBazaar/openbazaar-go/repo/notification.go:366.74,368.61 2 1
github.com/OpenBazaar/openbazaar-go/repo/notification.go:359.2,361.12 3 1
github.com/OpenBazaar/openbazaar-go/repo/notification.go:355.10,356.88 1 0
github.com/OpenBazaar/openbazaar-go/repo/notification.go:354.3,354.28 1 1
github.com/OpenBazaar/openbazaar-go/repo/notification.go:351.73,353.4 1 0
github.com/OpenBazaar/openbazaar-go/repo/notification.go:349.40,351.73 2 1
github.com/OpenBazaar/openbazaar-go/repo/notification.go:348.3,348.28 1 1
github.com/OpenBazaar/openbazaar-go/repo/notification.go:345.73,347.4 1 0
github.com/OpenBazaar/openbazaar-go/repo/notification.go:343.42,345.73 2 1
github.com/OpenBazaar/openbazaar-go/repo/notification.go:342.3,342.28 1 1
github.com/OpenBazaar/openbazaar-go/repo/notification.go:339.73,341.4 1 0
github.com/OpenBazaar/openbazaar-go/repo/notification.go:337.40,339.73 2 1
github.com/OpenBazaar/openbazaar-go/repo/notification.go:336.3,336.28 1 1
github.com/OpenBazaar/openbazaar-go/repo/notification.go:333.73,335.4 1 0
github.com/OpenBazaar/openbazaar-go/repo/notification.go:331.38,333.73 2 1
github.com/OpenBazaar/openbazaar-go/repo/notification.go:330.3,330.28 1 1
github.com/OpenBazaar/openbazaar-go/repo/notification.go:327.73,329.4 1 0
github.com/OpenBazaar/openbazaar-go/repo/notification.go:325.47,327.73 2 1
github.com/OpenBazaar/openbazaar-go/repo/notification.go:324.3,324.28 1 1
github.com/OpenBazaar/openbazaar-go/repo/notification.go:321.73,323.4 1 0
github.com/OpenBazaar/openbazaar-go/repo/notification.go:319.39,321.73 2 1
github.com/OpenBazaar/openbazaar-go/repo/notification.go:318.3,318.28 1 1
github.com/OpenBazaar/openbazaar-go/repo/notification.go:315.73,317.4 1 0
github.com/OpenBazaar/openbazaar-go/repo/notification.go:313.40,315.73 2 1
github.com/OpenBazaar/openbazaar-go/repo/notification.go:312.3,312.28 1 1
github.com/OpenBazaar/openbazaar-go/repo/notification.go:309.73,311.4 1 0
github.com/OpenBazaar/openbazaar-go/repo/notification.go:307.45,309.73 2 1
github.com/OpenBazaar/openbazaar-go/repo/notification.go:306.3,306.28 1 1
github.com/OpenBazaar/openbazaar-go/repo/notification.go:303.73,305.4 1 0
github.com/OpenBazaar/openbazaar-go/repo/notification.go:301.49,303.73 2 1
github.com/OpenBazaar/openbazaar-go/repo/notification.go:300.3,300.28 1 1
github.com/OpenBazaar/openbazaar-go/repo/notification.go:297.73,299.4 1 0
github.com/OpenBazaar/openbazaar-go/repo/notification.go:295.43,297.73 2 1
github.com/OpenBazaar/openbazaar-go/repo/notification.go:294.3,294.28 1 1
github.com/OpenBazaar/openbazaar-go/repo/notification.go:291.73,293.4 1 0
github.com/OpenBazaar/openbazaar-go/repo/notification.go:289.47,291.73 2 1
github.com/OpenBazaar/openbazaar-go/repo/notification.go:288.3,288.28 1 1
github.com/OpenBazaar/openbazaar-go/repo/notification.go:285.73,287.4 1 0
github.com/OpenBazaar/openbazaar-go/repo/notification.go:283.42,285.73 2 1
github.com/OpenBazaar/openbazaar-go/repo/notification.go:282.3,282.28 1 1
github.com/OpenBazaar/openbazaar-go/repo/notification.go:279.73,281.4 1 0
github.com/OpenBazaar/openbazaar-go/repo/notification.go:277.44,279.73 2 1
github.com/OpenBazaar/openbazaar-go/repo/notification.go:276.3,276.28 1 1
github.com/OpenBazaar/openbazaar-go/repo/notification.go:273.73,275.4 1 0
github.com/OpenBazaar/openbazaar-go/repo/notification.go:271.43,273.73 2 1
github.com/OpenBazaar/openbazaar-go/repo/notification.go:270.3,270.28 1 1
github.com/OpenBazaar/openbazaar-go/repo/notification.go:267.73,269.4 1 0
github.com/OpenBazaar/openbazaar-go/repo/notification.go:265.38,267.73 2 1
github.com/OpenBazaar/openbazaar-go/repo/notification.go:264.3,264.28 1 1
github.com/OpenBazaar/openbazaar-go/repo/notification.go:261.73,263.4 1 0
github.com/OpenBazaar/openbazaar-go/repo/notification.go:259.45,261.73 2 1
github.com/OpenBazaar/openbazaar-go/repo/notification.go:258.3,258.28 1 1
github.com/OpenBazaar/openbazaar-go/repo/notification.go:255.73,257.4 1 0
github.com/OpenBazaar/openbazaar-go/repo/notification.go:253.43,255.73 2 1
github.com/OpenBazaar/openbazaar-go/repo/notification.go:252.3,252.28 1 1
github.com/OpenBazaar/openbazaar-go/repo/notification.go:249.73,251.4 1 0
github.com/OpenBazaar/openbazaar-go/repo/notification.go:247.44,249.73 2 1
github.com/OpenBazaar/openbazaar-go/repo/notification.go:246.3,246.28 1 1
github.com/OpenBazaar/openbazaar-go/repo/notification.go:243.73,245.4 1 0
github.com/OpenBazaar/openbazaar-go/repo/notification.go:241.47,243.73 2 1
github.com/OpenBazaar/openbazaar-go/repo/notification.go:240.3,240.28 1 1
github.com/OpenBazaar/openbazaar-go/repo/notification.go:237.73,239.4 1 0
github.com/OpenBazaar/openbazaar-go/repo/notification.go:235.42,237.73 2 1
github.com/OpenBazaar/openbazaar-go/repo/notification.go:234.3,234.28 1 1
github.com/OpenBazaar/openbazaar-go/repo/notification.go:231.73,233.4 1 0
github.com/OpenBazaar/openbazaar-go/repo/notification.go:229.38,231.73 2 1
github.com/OpenBazaar/openbazaar-go/repo/notification.go:228.3,228.28 1 1
github.com/OpenBazaar/openbazaar-go/repo/notification.go:225.73,227.4 1 0
github.com/OpenBazaar/openbazaar-go/repo/notification.go:223.39,225.73 2 1
github.com/OpenBazaar/openbazaar-go/repo/notification.go:222.2,222.30 1 1
github.com/OpenBazaar/openbazaar-go/repo/notification.go:218.55,220.3 1 0
github.com/OpenBazaar/openbazaar-go/repo/notification.go:217.2,218.55 2 1
github.com/OpenBazaar/openbazaar-go/repo/notification.go:209.27,213.3 3 1
github.com/OpenBazaar/openbazaar-go/repo/notification.go:209.2,209.27 1 1
github.com/OpenBazaar/openbazaar-go/repo/notification.go:205.4,205.29 1 1
github.com/OpenBazaar/openbazaar-go/repo/notification.go:202.58,204.5 1 0
github.com/OpenBazaar/openbazaar-go/repo/notification.go:200.41,202.58 2 1
github.com/OpenBazaar/openbazaar-go/repo/notification.go:199.4,199.29 1 1
github.com/OpenBazaar/openbazaar-go/repo/notification.go:196.58,198.5 1 0
github.com/OpenBazaar/openbazaar-go/repo/notification.go:194.39,196.58 2 1
github.com/OpenBazaar/openbazaar-go/repo/notification.go:193.4,193.29 1 1
github.com/OpenBazaar/openbazaar-go/repo/notification.go:190.58,192.5 1 0
github.com/OpenBazaar/openbazaar-go/repo/notification.go:188.48,190.58 2 1
github.com/OpenBazaar/openbazaar-go/repo/notification.go:187.4,187.29 1 1
github.com/OpenBazaar/openbazaar-go/repo/notification.go:184.58,186.5 1 0
github.com/OpenBazaar/openbazaar-go/repo/notification.go:182.40,184.58 2 1
github.com/OpenBazaar/openbazaar-go/repo/notification.go:181.4,181.29 1 1
github.com/OpenBazaar/openbazaar-go/repo/notification.go:178.58,180.5 1 0
github.com/OpenBazaar/openbazaar-go/repo/notification.go:176.41,178.58 2 1
github.com/OpenBazaar/openbazaar-go/repo/notification.go:175.4,175.29 1 1
github.com/OpenBazaar/openbazaar-go/repo/notification.go:172.58,174.5 1 0
github.com/OpenBazaar/openbazaar-go/repo/notification.go:170.46,172.58 2 1
github.com/OpenBazaar/openbazaar-go/repo/notification.go:169.4,169.29 1 1
github.com/OpenBazaar/openbazaar-go/repo/notification.go:166.58,168.5 1 0
github.com/OpenBazaar/openbazaar-go/repo/notification.go:164.50,166.58 2 1
github.com/OpenBazaar/openbazaar-go/repo/notification.go:163.4,163.29 1 1
github.com/OpenBazaar/openbazaar-go/repo/notification.go:160.58,162.5 1 0
github.com/OpenBazaar/openbazaar-go/repo/notification.go:158.44,160.58 2 1
github.com/OpenBazaar/openbazaar-go/repo/notification.go:157.4,157.29 1 1
github.com/OpenBazaar/openbazaar-go/repo/notification.go:154.58,156.5 1 0
github.com/OpenBazaar/openbazaar-go/repo/notification.go:152.48,154.58 2 1
github.com/OpenBazaar/openbazaar-go/repo/notification.go:151.4,151.29 1 1
github.com/OpenBazaar/openbazaar-go/repo/notification.go:148.58,150.5 1 0
github.com/OpenBazaar/openbazaar-go/repo/notification.go:146.45,148.58 2 1
github.com/OpenBazaar/openbazaar-go/repo/notification.go:145.4,145.29 1 1
github.com/OpenBazaar/openbazaar-go/repo/notification.go:142.58,144.5 1 0
github.com/OpenBazaar/openbazaar-go/repo/notification.go:140.44,142.58 2 1
github.com/OpenBazaar/openbazaar-go/repo/notification.go:139.4,139.29 1 1
github.com/OpenBazaar/openbazaar-go/repo/notification.go:136.58,138.5 1 0
github.com/OpenBazaar/openbazaar-go/repo/notification.go:134.39,136.58 2 1
github.com/OpenBazaar/openbazaar-go/repo/notification.go:133.4,133.29 1 1
github.com/OpenBazaar/openbazaar-go/repo/notification.go:130.58,132.5 1 0
github.com/OpenBazaar/openbazaar-go/repo/notification.go:128.46,130.58 2 1
github.com/OpenBazaar/openbazaar-go/repo/notification.go:127.4,127.29 1 1
github.com/OpenBazaar/openbazaar-go/repo/notification.go:124.58,126.5 1 0
github.com/OpenBazaar/openbazaar-go/repo/notification.go:122.44,124.58 2 1
github.com/OpenBazaar/openbazaar-go/repo/notification.go:121.4,121.29 1 1
github.com/OpenBazaar/openbazaar-go/repo/notification.go:118.58,120.5 1 0
github.com/OpenBazaar/openbazaar-go/repo/notification.go:116.45,118.58 2 1
github.com/OpenBazaar/openbazaar-go/repo/notification.go:115.4,115.29 1 1
github.com/OpenBazaar/openbazaar-go/repo/notification.go:112.58,114.5 1 0
github.com/OpenBazaar/openbazaar-go/repo/notification.go:110.48,112.58 2 1
github.com/OpenBazaar/openbazaar-go/repo/notification.go:109.4,109.29 1 1
github.com/OpenBazaar/openbazaar-go/repo/notification.go:106.58,108.5 1 0
github.com/OpenBazaar/openbazaar-go/repo/notification.go:104.43,106.58 2 1
github.com/OpenBazaar/openbazaar-go/repo/notification.go:102.63,103.21 1 1
github.com/OpenBazaar/openbazaar-go/repo/notification.go:1008.2,1010.24 3 1
github.com/OpenBazaar/openbazaar-go/repo/notification.go:100.57,102.63 1 1
github.com/OpenBazaar/openbazaar-go/repo/notification.go:1005.16,1007.3 1 0
github.com/OpenBazaar/openbazaar-go/repo/notification.go:1002.33,1005.16 3 1
github.com/OpenBazaar/openbazaar-go/repo/notification.go:1000.77,1000.101 1 0
github.com/OpenBazaar/openbazaar-go/repo/migrations/migration_helpers.go:74.2,74.19 1 1
github.com/OpenBazaar/openbazaar-go/repo/migrations/migration_helpers.go:71.16,73.3 1 0
github.com/OpenBazaar/openbazaar-go/repo/migrations/migration_helpers.go:70.2,71.16 2 1
github.com/OpenBazaar/openbazaar-go/repo/migrations/migration_helpers.go:67.16,69.3 1 0
github.com/OpenBazaar/openbazaar-go/repo/migrations/migration_helpers.go:65.55,67.16 2 1
github.com/OpenBazaar/openbazaar-go/repo/migrations/migration_helpers.go:62.2,62.19 1 1
github.com/OpenBazaar/openbazaar-go/repo/migrations/migration_helpers.go:59.16,61.3 1 0
github.com/OpenBazaar/openbazaar-go/repo/migrations/migration_helpers.go:58.2,59.16 2 1
github.com/OpenBazaar/openbazaar-go/repo/migrations/migration_helpers.go:55.16,57.3 1 0
github.com/OpenBazaar/openbazaar-go/repo/migrations/migration_helpers.go:53.55,55.16 2 1
github.com/OpenBazaar/openbazaar-go/repo/migrations/migration_helpers.go:50.2,50.12 1 1
github.com/OpenBazaar/openbazaar-go/repo/migrations/migration_helpers.go:46.36,48.3 1 0
github.com/OpenBazaar/openbazaar-go/repo/migrations/migration_helpers.go:46.2,46.36 1 1
github.com/OpenBazaar/openbazaar-go/repo/migrations/migration_helpers.go:43.3,43.61 1 0
github.com/OpenBazaar/openbazaar-go/repo/migrations/migration_helpers.go:40.39,42.4 1 0
github.com/OpenBazaar/openbazaar-go/repo/migrations/migration_helpers.go:39.22,40.39 1 0
github.com/OpenBazaar/openbazaar-go/repo/migrations/migration_helpers.go:38.2,39.22 2 1
github.com/OpenBazaar/openbazaar-go/repo/migrations/migration_helpers.go:34.16,36.3 1 0
github.com/OpenBazaar/openbazaar-go/repo/migrations/migration_helpers.go:32.72,34.16 2 1
github.com/OpenBazaar/openbazaar-go/repo/migrations/migration_helpers.go:29.2,29.16 1 1
github.com/OpenBazaar/openbazaar-go/repo/migrations/migration_helpers.go:25.17,27.4 1 0
github.com/OpenBazaar/openbazaar-go/repo/migrations/migration_helpers.go:22.22,25.17 3 1
github.com/OpenBazaar/openbazaar-go/repo/migrations/migration_helpers.go:22.2,22.22 1 1
github.com/OpenBazaar/openbazaar-go/repo/migrations/migration_helpers.go:19.16,21.3 1 0
github.com/OpenBazaar/openbazaar-go/repo/migrations/migration_helpers.go:18.2,19.16 2 1
github.com/OpenBazaar/openbazaar-go/repo/migrations/migration_helpers.go:15.8,17.3 1 0
github.com/OpenBazaar/openbazaar-go/repo/migrations/migration_helpers.go:13.13,15.3 1 1
github.com/OpenBazaar/openbazaar-go/repo/migrations/migration_helpers.go:11.80,13.13 2 1
github.com/OpenBazaar/openbazaar-go/repo/migrations/Migration029.go:96.9,98.3 1 0
github.com/OpenBazaar/openbazaar-go/repo/migrations/Migration029.go:95.2,96.9 2 1
github.com/OpenBazaar/openbazaar-go/repo/migrations/Migration029.go:91.9,93.3 1 0
github.com/OpenBazaar/openbazaar-go/repo/migrations/Migration029.go:87.2,91.9 4 1
github.com/OpenBazaar/openbazaar-go/repo/migrations/Migration029.go:83.9,85.3 1 0
github.com/OpenBazaar/openbazaar-go/repo/migrations/Migration029.go:82.2,83.9 2 1
github.com/OpenBazaar/openbazaar-go/repo/migrations/Migration029.go:78.9,80.3 1 0
github.com/OpenBazaar/openbazaar-go/repo/migrations/Migration029.go:74.2,78.9 4 1
github.com/OpenBazaar/openbazaar-go/repo/migrations/Migration029.go:70.9,72.3 1 0
github.com/OpenBazaar/openbazaar-go/repo/migrations/Migration029.go:69.2,70.9 2 1
github.com/OpenBazaar/openbazaar-go/repo/migrations/Migration029.go:65.9,67.3 1 0
github.com/OpenBazaar/openbazaar-go/repo/migrations/Migration029.go:61.2,65.9 4 1
github.com/OpenBazaar/openbazaar-go/repo/migrations/Migration029.go:57.9,59.3 1 0
github.com/OpenBazaar/openbazaar-go/repo/migrations/Migration029.go:56.2,57.9 2 1
github.com/OpenBazaar/openbazaar-go/repo/migrations/Migration029.go:52.9,54.3 1 0
github.com/OpenBazaar/openbazaar-go/repo/migrations/Migration029.go:51.2,52.9 2 1
github.com/OpenBazaar/openbazaar-go/repo/migrations/Migration029.go:47.9,49.3 1 0
github.com/OpenBazaar/openbazaar-go/repo/migrations/Migration029.go:46.2,47.9 2 1
github.com/OpenBazaar/openbazaar-go/repo/migrations/Migration029.go:42.9,44.3 1 0
github.com/OpenBazaar/openbazaar-go/repo/migrations/Migration029.go:41.2,42.9 2 1
github.com/OpenBazaar/openbazaar-go/repo/migrations/Migration029.go:37.63,39.3 1 0
github.com/OpenBazaar/openbazaar-go/repo/migrations/Migration029.go:37.2,37.63 1 1
github.com/OpenBazaar/openbazaar-go/repo/migrations/Migration029.go:33.16,35.3 1 0
github.com/OpenBazaar/openbazaar-go/repo/migrations/Migration029.go:28.65,33.16 2 1
github.com/OpenBazaar/openbazaar-go/repo/migrations/Migration029.go:242.2,242.12 1 1
github.com/OpenBazaar/openbazaar-go/repo/migrations/Migration029.go:239.64,241.3 1 0
github.com/OpenBazaar/openbazaar-go/repo/migrations/Migration029.go:239.2,239.64 1 1
github.com/OpenBazaar/openbazaar-go/repo/migrations/Migration029.go:235.2,235.101 1 1
github.com/OpenBazaar/openbazaar-go/repo/migrations/Migration029.go:235.101,237.3 1 0
github.com/OpenBazaar/openbazaar-go/repo/migrations/Migration029.go:231.16,233.3 1 0
github.com/OpenBazaar/openbazaar-go/repo/migrations/Migration029.go:222.2,231.16 5 1
github.com/OpenBazaar/openbazaar-go/repo/migrations/Migration029.go:218.9,220.3 1 0
github.com/OpenBazaar/openbazaar-go/repo/migrations/Migration029.go:217.2,218.9 2 1
github.com/OpenBazaar/openbazaar-go/repo/migrations/Migration029.go:213.9,215.3 1 0
github.com/OpenBazaar/openbazaar-go/repo/migrations/Migration029.go:209.2,213.9 4 1
github.com/OpenBazaar/openbazaar-go/repo/migrations/Migration029.go:205.9,207.3 1 0
github.com/OpenBazaar/openbazaar-go/repo/migrations/Migration029.go:204.2,205.9 2 1
github.com/OpenBazaar/openbazaar-go/repo/migrations/Migration029.go:200.9,202.3 1 0
github.com/OpenBazaar/openbazaar-go/repo/migrations/Migration029.go:196.2,200.9 4 1
github.com/OpenBazaar/openbazaar-go/repo/migrations/Migration029.go:192.9,194.3 1 0
github.com/OpenBazaar/openbazaar-go/repo/migrations/Migration029.go:191.2,192.9 2 1
github.com/OpenBazaar/openbazaar-go/repo/migrations/Migration029.go:187.9,189.3 1 0
github.com/OpenBazaar/openbazaar-go/repo/migrations/Migration029.go:183.2,187.9 4 1
github.com/OpenBazaar/openbazaar-go/repo/migrations/Migration029.go:179.9,181.3 1 0
github.com/OpenBazaar/openbazaar-go/repo/migrations/Migration029.go:178.2,179.9 2 1
github.com/OpenBazaar/openbazaar-go/repo/migrations/Migration029.go:174.9,176.3 1 0
github.com/OpenBazaar/openbazaar-go/repo/migrations/Migration029.go:170.2,174.9 4 1
github.com/OpenBazaar/openbazaar-go/repo/migrations/Migration029.go:166.9,168.3 1 0
github.com/OpenBazaar/openbazaar-go/repo/migrations/Migration029.go:165.2,166.9 2 1
github.com/OpenBazaar/openbazaar-go/repo/migrations/Migration029.go:161.9,163.3 1 0
github.com/OpenBazaar/openbazaar-go/repo/migrations/Migration029.go:160.2,161.9 2 1
github.com/OpenBazaar/openbazaar-go/repo/migrations/Migration029.go:156.9,158.3 1 0
github.com/OpenBazaar/openbazaar-go/repo/migrations/Migration029.go:155.2,156.9 2 1
github.com/OpenBazaar/openbazaar-go/repo/migrations/Migration029.go:151.9,153.3 1 0
github.com/OpenBazaar/openbazaar-go/repo/migrations/Migration029.go:150.2,151.9 2 1
github.com/OpenBazaar/openbazaar-go/repo/migrations/Migration029.go:146.63,148.3 1 0
github.com/OpenBazaar/openbazaar-go/repo/migrations/Migration029.go:146.2,146.63 1 1
github.com/OpenBazaar/openbazaar-go/repo/migrations/Migration029.go:142.16,144.3 1 0
github.com/OpenBazaar/openbazaar-go/repo/migrations/Migration029.go:137.67,142.16 2 1
github.com/OpenBazaar/openbazaar-go/repo/migrations/Migration029.go:133.2,133.12 1 1
github.com/OpenBazaar/openbazaar-go/repo/migrations/Migration029.go:130.62,132.3 1 0
github.com/OpenBazaar/openbazaar-go/repo/migrations/Migration029.go:130.2,130.62 1 1
github.com/OpenBazaar/openbazaar-go/repo/migrations/Migration029.go:126.2,126.101 1 1
github.com/OpenBazaar/openbazaar-go/repo/migrations/Migration029.go:126.101,128.3 1 0
github.com/OpenBazaar/openbazaar-go/repo/migrations/Migration029.go:122.16,124.3 1 0
github.com/OpenBazaar/openbazaar-go/repo/migrations/Migration029.go:113.2,122.16 5 1
github.com/OpenBazaar/openbazaar-go/repo/migrations/Migration029.go:109.9,111.3 1 0
github.com/OpenBazaar/openbazaar-go/repo/migrations/Migration029.go:108.2,109.9 2 1
github.com/OpenBazaar/openbazaar-go/repo/migrations/Migration029.go:104.9,106.3 1 0
github.com/OpenBazaar/openbazaar-go/repo/migrations/Migration029.go:100.2,104.9 4 1
github.com/OpenBazaar/openbazaar-go/repo/migrations/Migration028.go:96.2,96.22 1 1
github.com/OpenBazaar/openbazaar-go/repo/migrations/Migration028.go:96.22,99.3 2 1
github.com/OpenBazaar/openbazaar-go/repo/migrations/Migration028.go:93.16,95.3 1 0
github.com/OpenBazaar/openbazaar-go/repo/migrations/Migration028.go:92.2,93.16 2 1
github.com/OpenBazaar/openbazaar-go/repo/migrations/Migration028.go:89.8,91.3 1 1
github.com/OpenBazaar/openbazaar-go/repo/migrations/Migration028.go:87.13,89.3 1 0
github.com/OpenBazaar/openbazaar-go/repo/migrations/Migration028.go:85.74,87.13 2 1
github.com/OpenBazaar/openbazaar-go/repo/migrations/Migration028.go:81.2,82.12 2 1
github.com/OpenBazaar/openbazaar-go/repo/migrations/Migration028.go:78.16,80.3 1 0
github.com/OpenBazaar/openbazaar-go/repo/migrations/Migration028.go:77.2,78.16 2 1
github.com/OpenBazaar/openbazaar-go/repo/migrations/Migration028.go:74.16,76.3 1 0
github.com/OpenBazaar/openbazaar-go/repo/migrations/Migration028.go:73.2,74.16 2 1
github.com/OpenBazaar/openbazaar-go/repo/migrations/Migration028.go:70.35,72.3 1 0
github.com/OpenBazaar/openbazaar-go/repo/migrations/Migration028.go:70.2,70.35 1 1
github.com/OpenBazaar/openbazaar-go/repo/migrations/Migration028.go:66.46,69.3 2 0
github.com/OpenBazaar/openbazaar-go/repo/migrations/Migration028.go:66.2,66.46 1 1
github.com/OpenBazaar/openbazaar-go/repo/migrations/Migration028.go:63.16,65.3 1 0
github.com/OpenBazaar/openbazaar-go/repo/migrations/Migration028.go:51.2,63.16 3 1
github.com/OpenBazaar/openbazaar-go/repo/migrations/Migration028.go:46.2,46.22 1 1
github.com/OpenBazaar/openbazaar-go/repo/migrations/Migration028.go:46.22,49.3 2 1
github.com/OpenBazaar/openbazaar-go/repo/migrations/Migration028.go:43.16,45.3 1 0
github.com/OpenBazaar/openbazaar-go/repo/migrations/Migration028.go:42.2,43.16 2 1
github.com/OpenBazaar/openbazaar-go/repo/migrations/Migration028.go:39.8,41.3 1 1
github.com/OpenBazaar/openbazaar-go/repo/migrations/Migration028.go:37.13,39.3 1 0
github.com/OpenBazaar/openbazaar-go/repo/migrations/Migration028.go:35.72,37.13 2 1
github.com/OpenBazaar/openbazaar-go/repo/migrations/Migration028.go:130.2,131.12 2 1
github.com/OpenBazaar/openbazaar-go/repo/migrations/Migration028.go:127.16,129.3 1 0
github.com/OpenBazaar/openbazaar-go/repo/migrations/Migration028.go:126.2,127.16 2 1
github.com/OpenBazaar/openbazaar-go/repo/migrations/Migration028.go:123.16,125.3 1 0
github.com/OpenBazaar/openbazaar-go/repo/migrations/Migration028.go:122.2,123.16 2 1
github.com/OpenBazaar/openbazaar-go/repo/migrations/Migration028.go:119.35,121.3 1 0
github.com/OpenBazaar/openbazaar-go/repo/migrations/Migration028.go:119.2,119.35 1 1
github.com/OpenBazaar/openbazaar-go/repo/migrations/Migration028.go:115.48,118.3 2 0
github.com/OpenBazaar/openbazaar-go/repo/migrations/Migration028.go:115.2,115.48 1 1
github.com/OpenBazaar/openbazaar-go/repo/migrations/Migration028.go:112.16,114.3 1 0
github.com/OpenBazaar/openbazaar-go/repo/migrations/Migration028.go:100.2,112.16 3 1
github.com/OpenBazaar/openbazaar-go/repo/migrations/Migration027.go:707.88,709.2 1 0
github.com/OpenBazaar/openbazaar-go/repo/migrations/Migration027.go:703.71,705.2 1 0
github.com/OpenBazaar/openbazaar-go/repo/migrations/Migration027.go:700.2,700.35 1 0
github.com/OpenBazaar/openbazaar-go/repo/migrations/Migration027.go:696.16,698.3 1 0
github.com/OpenBazaar/openbazaar-go/repo/migrations/Migration027.go:695.2,696.16 2 0
github.com/OpenBazaar/openbazaar-go/repo/migrations/Migration027.go:691.17,693.3 1 0
github.com/OpenBazaar/openbazaar-go/repo/migrations/Migration027.go:690.2,691.17 2 0
github.com/OpenBazaar/openbazaar-go/repo/migrations/Migration027.go:687.17,689.3 1 0
github.com/OpenBazaar/openbazaar-go/repo/migrations/Migration027.go:684.2,687.17 3 0
github.com/OpenBazaar/openbazaar-go/repo/migrations/Migration027.go:681.16,683.3 1 0
github.com/OpenBazaar/openbazaar-go/repo/migrations/Migration027.go:680.2,681.16 2 0
github.com/OpenBazaar/openbazaar-go/repo/migrations/Migration027.go:654.3,676.40 3 0
github.com/OpenBazaar/openbazaar-go/repo/migrations/Migration027.go:650.10,651.12 1 0
github.com/OpenBazaar/openbazaar-go/repo/migrations/Migration027.go:646.26,650.10 2 0
github.com/OpenBazaar/openbazaar-go/repo/migrations/Migration027.go:646.2,646.26 1 0
github.com/OpenBazaar/openbazaar-go/repo/migrations/Migration027.go:642.16,644.3 1 0
github.com/OpenBazaar/openbazaar-go/repo/migrations/Migration027.go:639.2,642.16 3 0
github.com/OpenBazaar/openbazaar-go/repo/migrations/Migration027.go:636.16,638.3 1 0
github.com/OpenBazaar/openbazaar-go/repo/migrations/Migration027.go:635.2,636.16 2 0
github.com/OpenBazaar/openbazaar-go/repo/migrations/Migration027.go:629.3,630.56 2 0
github.com/OpenBazaar/openbazaar-go/repo/migrations/Migration027.go:626.17,628.4 1 0
github.com/OpenBazaar/openbazaar-go/repo/migrations/Migration027.go:625.3,626.17 2 0
github.com/OpenBazaar/openbazaar-go/repo/migrations/Migration027.go:622.78,624.4 1 0
github.com/OpenBazaar/openbazaar-go/repo/migrations/Migration027.go:621.3,622.78 2 0
github.com/OpenBazaar/openbazaar-go/repo/migrations/Migration027.go:617.17,619.4 1 0
github.com/OpenBazaar/openbazaar-go/repo/migrations/Migration027.go:608.3,617.17 4 0
github.com/OpenBazaar/openbazaar-go/repo/migrations/Migration027.go:605.17,607.4 1 0
github.com/OpenBazaar/openbazaar-go/repo/migrations/Migration027.go:604.3,605.17 2 0
github.com/OpenBazaar/openbazaar-go/repo/migrations/Migration027.go:600.17,602.4 1 0
github.com/OpenBazaar/openbazaar-go/repo/migrations/Migration027.go:597.36,600.17 2 0
github.com/OpenBazaar/openbazaar-go/repo/migrations/Migration027.go:597.2,597.36 1 0
github.com/OpenBazaar/openbazaar-go/repo/migrations/Migration027.go:593.16,595.3 1 0
github.com/OpenBazaar/openbazaar-go/repo/migrations/Migration027.go:585.2,593.16 5 0
github.com/OpenBazaar/openbazaar-go/repo/migrations/Migration027.go:582.16,584.3 1 0
github.com/OpenBazaar/openbazaar-go/repo/migrations/Migration027.go:570.2,582.16 4 0
github.com/OpenBazaar/openbazaar-go/repo/migrations/Migration027.go:566.16,568.3 1 0
github.com/OpenBazaar/openbazaar-go/repo/migrations/Migration027.go:562.2,566.16 4 0
github.com/OpenBazaar/openbazaar-go/repo/migrations/Migration027.go:559.16,561.3 1 0
github.com/OpenBazaar/openbazaar-go/repo/migrations/Migration027.go:558.2,559.16 2 0
github.com/OpenBazaar/openbazaar-go/repo/migrations/Migration027.go:553.16,555.3 1 0
github.com/OpenBazaar/openbazaar-go/repo/migrations/Migration027.go:552.2,553.16 2 0
github.com/OpenBazaar/openbazaar-go/repo/migrations/Migration027.go:548.16,550.3 1 0
github.com/OpenBazaar/openbazaar-go/repo/migrations/Migration027.go:547.2,548.16 2 0
github.com/OpenBazaar/openbazaar-go/repo/migrations/Migration027.go:542.30,544.3 1 0
github.com/OpenBazaar/openbazaar-go/repo/migrations/Migration027.go:542.2,542.30 1 0
github.com/OpenBazaar/openbazaar-go/repo/migrations/Migration027.go:514.3,537.46 2 0
github.com/OpenBazaar/openbazaar-go/repo/migrations/Migration027.go:511.4,511.37 1 0
github.com/OpenBazaar/openbazaar-go/repo/migrations/Migration027.go:504.10,509.5 2 0
github.com/OpenBazaar/openbazaar-go/repo/migrations/Migration027.go:499.4,499.28 1 0
github.com/OpenBazaar/openbazaar-go/repo/migrations/Migration027.go:499.28,504.5 2 0
github.com/OpenBazaar/openbazaar-go/repo/migrations/Migration027.go:490.10,498.5 2 0
github.com/OpenBazaar/openbazaar-go/repo/migrations/Migration027.go:485.28,490.5 2 0
github.com/OpenBazaar/openbazaar-go/repo/migrations/Migration027.go:479.41,485.28 2 0
github.com/OpenBazaar/openbazaar-go/repo/migrations/Migration027.go:475.3,479.41 3 0
github.com/OpenBazaar/openbazaar-go/repo/migrations/Migration027.go:466.4,472.30 2 0
github.com/OpenBazaar/openbazaar-go/repo/migrations/Migration027.go:460.35,465.5 2 0
github.com/OpenBazaar/openbazaar-go/repo/migrations/Migration027.go:458.39,460.35 2 0
github.com/OpenBazaar/openbazaar-go/repo/migrations/Migration027.go:454.3,458.39 3 0
github.com/OpenBazaar/openbazaar-go/repo/migrations/Migration027.go:443.4,451.61 2 0
github.com/OpenBazaar/openbazaar-go/repo/migrations/Migration027.go:428.33,442.5 2 0
github.com/OpenBazaar/openbazaar-go/repo/migrations/Migration027.go:427.4,428.33 2 0
github.com/OpenBazaar/openbazaar-go/repo/migrations/Migration027.go:421.32,426.5 2 0
github.com/OpenBazaar/openbazaar-go/repo/migrations/Migration027.go:419.49,421.32 2 0
github.com/OpenBazaar/openbazaar-go/repo/migrations/Migration027.go:416.3,419.49 3 0
github.com/OpenBazaar/openbazaar-go/repo/migrations/Migration027.go:404.43,415.4 2 0
github.com/OpenBazaar/openbazaar-go/repo/migrations/Migration027.go:329.3,404.43 36 0
github.com/OpenBazaar/openbazaar-go/repo/migrations/Migration027.go:326.17,328.4 1 0
github.com/OpenBazaar/openbazaar-go/repo/migrations/Migration027.go:325.3,326.17 2 0
github.com/OpenBazaar/openbazaar-go/repo/migrations/Migration027.go:316.42,322.12 5 0
github.com/OpenBazaar/openbazaar-go/repo/migrations/Migration027.go:316.3,316.42 1 0
github.com/OpenBazaar/openbazaar-go/repo/migrations/Migration027.go:312.17,314.4 1 0
github.com/OpenBazaar/openbazaar-go/repo/migrations/Migration027.go:306.3,312.17 5 0
github.com/OpenBazaar/openbazaar-go/repo/migrations/Migration027.go:303.17,305.4 1 0
github.com/OpenBazaar/openbazaar-go/repo/migrations/Migration027.go:296.49,303.17 6 0
github.com/OpenBazaar/openbazaar-go/repo/migrations/Migration027.go:295.2,296.49 2 0
github.com/OpenBazaar/openbazaar-go/repo/migrations/Migration027.go:290.30,292.3 1 0
github.com/OpenBazaar/openbazaar-go/repo/migrations/Migration027.go:283.2,290.30 4 0
github.com/OpenBazaar/openbazaar-go/repo/migrations/Migration027.go:279.16,281.3 1 0
github.com/OpenBazaar/openbazaar-go/repo/migrations/Migration027.go:276.2,279.16 4 0
github.com/OpenBazaar/openbazaar-go/repo/migrations/Migration027.go:272.16,274.3 1 0
github.com/OpenBazaar/openbazaar-go/repo/migrations/Migration027.go:270.2,272.16 3 0
github.com/OpenBazaar/openbazaar-go/repo/migrations/Migration027.go:266.66,269.3 1 0
github.com/OpenBazaar/openbazaar-go/repo/migrations/Migration027.go:261.86,266.66 3 0
github.com/OpenBazaar/openbazaar-go/repo/migrations/Migration027.go:258.2,258.25 1 0
github.com/OpenBazaar/openbazaar-go/repo/migrations/Migration027.go:255.16,257.3 1 0
github.com/OpenBazaar/openbazaar-go/repo/migrations/Migration027.go:249.2,255.16 4 0
github.com/OpenBazaar/openbazaar-go/repo/migrations/Migration027.go:246.16,248.3 1 0
github.com/OpenBazaar/openbazaar-go/repo/migrations/Migration027.go:244.106,246.16 2 0
github.com/OpenBazaar/openbazaar-go/repo/migrations/Migration027.go:242.59,242.60 0 0
github.com/OpenBazaar/openbazaar-go/repo/migrations/Migration027.go:241.58,241.95 1 0
github.com/OpenBazaar/openbazaar-go/repo/migrations/Migration027.go:240.58,240.99 1 0
github.com/OpenBazaar/openbazaar-go/repo/migrations/Migration026.go:99.2,100.16 2 1
github.com/OpenBazaar/openbazaar-go/repo/migrations/Migration026.go:96.8,98.3 1 1
github.com/OpenBazaar/openbazaar-go/repo/migrations/Migration026.go:94.13,96.3 1 0
github.com/OpenBazaar/openbazaar-go/repo/migrations/Migration026.go:92.74,94.13 2 1
github.com/OpenBazaar/openbazaar-go/repo/migrations/Migration026.go:88.2,89.12 2 1
github.com/OpenBazaar/openbazaar-go/repo/migrations/Migration026.go:85.16,87.3 1 0
github.com/OpenBazaar/openbazaar-go/repo/migrations/Migration026.go:84.2,85.16 2 1
github.com/OpenBazaar/openbazaar-go/repo/migrations/Migration026.go:81.16,83.3 1 0
github.com/OpenBazaar/openbazaar-go/repo/migrations/Migration026.go:80.2,81.16 2 1
github.com/OpenBazaar/openbazaar-go/repo/migrations/Migration026.go:77.35,79.3 1 0
github.com/OpenBazaar/openbazaar-go/repo/migrations/Migration026.go:77.2,77.35 1 1
github.com/OpenBazaar/openbazaar-go/repo/migrations/Migration026.go:73.46,76.3 2 0
github.com/OpenBazaar/openbazaar-go/repo/migrations/Migration026.go:73.2,73.46 1 1
github.com/OpenBazaar/openbazaar-go/repo/migrations/Migration026.go:70.16,72.3 1 0
github.com/OpenBazaar/openbazaar-go/repo/migrations/Migration026.go:54.2,70.16 3 1
github.com/OpenBazaar/openbazaar-go/repo/migrations/Migration026.go:49.2,49.22 1 1
github.com/OpenBazaar/openbazaar-go/repo/migrations/Migration026.go:49.22,52.3 2 1
github.com/OpenBazaar/openbazaar-go/repo/migrations/Migration026.go:46.16,48.3 1 0
github.com/OpenBazaar/openbazaar-go/repo/migrations/Migration026.go:45.2,46.16 2 1
github.com/OpenBazaar/openbazaar-go/repo/migrations/Migration026.go:42.8,44.3 1 1
github.com/OpenBazaar/openbazaar-go/repo/migrations/Migration026.go:40.13,42.3 1 0
github.com/OpenBazaar/openbazaar-go/repo/migrations/Migration026.go:38.72,40.13 2 1
github.com/OpenBazaar/openbazaar-go/repo/migrations/Migration026.go:141.2,142.12 2 1
github.com/OpenBazaar/openbazaar-go/repo/migrations/Migration026.go:138.16,140.3 1 0
github.com/OpenBazaar/openbazaar-go/repo/migrations/Migration026.go:137.2,138.16 2 1
github.com/OpenBazaar/openbazaar-go/repo/migrations/Migration026.go:134.16,136.3 1 0
github.com/OpenBazaar/openbazaar-go/repo/migrations/Migration026.go:133.2,134.16 2 1
github.com/OpenBazaar/openbazaar-go/repo/migrations/Migration026.go:130.35,132.3 1 0
github.com/OpenBazaar/openbazaar-go/repo/migrations/Migration026.go:130.2,130.35 1 1
github.com/OpenBazaar/openbazaar-go/repo/migrations/Migration026.go:126.48,129.3 2 0
github.com/OpenBazaar/openbazaar-go/repo/migrations/Migration026.go:126.2,126.48 1 1
github.com/OpenBazaar/openbazaar-go/repo/migrations/Migration026.go:123.16,125.3 1 0
github.com/OpenBazaar/openbazaar-go/repo/migrations/Migration026.go:107.2,123.16 3 1
github.com/OpenBazaar/openbazaar-go/repo/migrations/Migration026.go:103.22,106.3 2 1
github.com/OpenBazaar/openbazaar-go/repo/migrations/Migration026.go:103.2,103.22 1 1
github.com/OpenBazaar/openbazaar-go/repo/migrations/Migration026.go:100.16,102.3 1 0
github.com/OpenBazaar/openbazaar-go/repo/migrations/Migration025.go:97.17,99.4 1 0
github.com/OpenBazaar/openbazaar-go/repo/migrations/Migration025.go:96.3,97.17 2 1
github.com/OpenBazaar/openbazaar-go/repo/migrations/Migration025.go:93.17,95.4 1 0
github.com/OpenBazaar/openbazaar-go/repo/migrations/Migration025.go:91.55,93.17 2 1
github.com/OpenBazaar/openbazaar-go/repo/migrations/Migration025.go:91.2,91.55 1 1
github.com/OpenBazaar/openbazaar-go/repo/migrations/Migration025.go:87.16,89.3 1 0
github.com/OpenBazaar/openbazaar-go/repo/migrations/Migration025.go:86.2,87.16 2 1
github.com/OpenBazaar/openbazaar-go/repo/migrations/Migration025.go:83.16,85.3 1 0
github.com/OpenBazaar/openbazaar-go/repo/migrations/Migration025.go:82.2,83.16 2 1
github.com/OpenBazaar/openbazaar-go/repo/migrations/Migration025.go:79.16,81.3 1 0
github.com/OpenBazaar/openbazaar-go/repo/migrations/Migration025.go:77.80,79.16 2 1
github.com/OpenBazaar/openbazaar-go/repo/migrations/Migration025.go:74.2,74.42 1 1
github.com/OpenBazaar/openbazaar-go/repo/migrations/Migration025.go:70.17,72.3 1 0
github.com/OpenBazaar/openbazaar-go/repo/migrations/Migration025.go:69.3,69.13 1 1
github.com/OpenBazaar/openbazaar-go/repo/migrations/Migration025.go:66.17,68.4 1 0
github.com/OpenBazaar/openbazaar-go/repo/migrations/Migration025.go:65.3,66.17 2 1
github.com/OpenBazaar/openbazaar-go/repo/migrations/Migration025.go:62.17,64.4 1 0
github.com/OpenBazaar/openbazaar-go/repo/migrations/Migration025.go:60.55,62.17 2 1
github.com/OpenBazaar/openbazaar-go/repo/migrations/Migration025.go:60.2,60.55 1 1
github.com/OpenBazaar/openbazaar-go/repo/migrations/Migration025.go:56.16,58.3 1 0
github.com/OpenBazaar/openbazaar-go/repo/migrations/Migration025.go:55.2,56.16 2 1
github.com/OpenBazaar/openbazaar-go/repo/migrations/Migration025.go:52.16,54.3 1 0
github.com/OpenBazaar/openbazaar-go/repo/migrations/Migration025.go:51.2,52.16 2 1
github.com/OpenBazaar/openbazaar-go/repo/migrations/Migration025.go:48.16,50.3 1 0
github.com/OpenBazaar/openbazaar-go/repo/migrations/Migration025.go:46.78,48.16 2 1
github.com/OpenBazaar/openbazaar-go/repo/migrations/Migration025.go:197.2,197.12 1 1
github.com/OpenBazaar/openbazaar-go/repo/migrations/Migration025.go:191.4,191.101 1 1
github.com/OpenBazaar/openbazaar-go/repo/migrations/Migration025.go:191.101,193.5 1 0
github.com/OpenBazaar/openbazaar-go/repo/migrations/Migration025.go:188.18,190.5 1 0
github.com/OpenBazaar/openbazaar-go/repo/migrations/Migration025.go:187.4,188.18 2 1
github.com/OpenBazaar/openbazaar-go/repo/migrations/Migration025.go:175.65,186.5 3 1
github.com/OpenBazaar/openbazaar-go/repo/migrations/Migration025.go:173.9,175.65 2 1
github.com/OpenBazaar/openbazaar-go/repo/migrations/Migration025.go:170.4,170.101 1 1
github.com/OpenBazaar/openbazaar-go/repo/migrations/Migration025.go:170.101,172.5 1 0
github.com/OpenBazaar/openbazaar-go/repo/migrations/Migration025.go:167.18,169.5 1 0
github.com/OpenBazaar/openbazaar-go/repo/migrations/Migration025.go:166.4,167.18 2 1
github.com/OpenBazaar/openbazaar-go/repo/migrations/Migration025.go:155.63,165.5 2 1
github.com/OpenBazaar/openbazaar-go/repo/migrations/Migration025.go:153.18,155.63 2 1
github.com/OpenBazaar/openbazaar-go/repo/migrations/Migration025.go:151.39,153.18 1 1
github.com/OpenBazaar/openbazaar-go/repo/migrations/Migration025.go:150.2,151.39 2 1
github.com/OpenBazaar/openbazaar-go/repo/migrations/Migration025.go:147.16,149.3 1 0
github.com/OpenBazaar/openbazaar-go/repo/migrations/Migration025.go:145.113,147.16 2 1
github.com/OpenBazaar/openbazaar-go/repo/migrations/Migration025.go:142.2,142.21 1 1
github.com/OpenBazaar/openbazaar-go/repo/migrations/Migration025.go:139.35,141.3 1 0
github.com/OpenBazaar/openbazaar-go/repo/migrations/Migration025.go:139.2,139.35 1 1
github.com/OpenBazaar/openbazaar-go/repo/migrations/Migration025.go:137.3,137.31 1 1
github.com/OpenBazaar/openbazaar-go/repo/migrations/Migration025.go:133.107,135.5 1 0
github.com/OpenBazaar/openbazaar-go/repo/migrations/Migration025.go:132.9,133.107 1 1
github.com/OpenBazaar/openbazaar-go/repo/migrations/Migration025.go:129.105,131.5 1 0
github.com/OpenBazaar/openbazaar-go/repo/migrations/Migration025.go:128.3,128.18 1 1
github.com/OpenBazaar/openbazaar-go/repo/migrations/Migration025.go:128.18,129.105 1 1
github.com/OpenBazaar/openbazaar-go/repo/migrations/Migration025.go:125.36,126.12 1 1
github.com/OpenBazaar/openbazaar-go/repo/migrations/Migration025.go:125.3,125.36 1 1
github.com/OpenBazaar/openbazaar-go/repo/migrations/Migration025.go:122.81,124.4 1 0
github.com/OpenBazaar/openbazaar-go/repo/migrations/Migration025.go:117.18,122.81 2 1
github.com/OpenBazaar/openbazaar-go/repo/migrations/Migration025.go:116.2,117.18 2 1
github.com/OpenBazaar/openbazaar-go/repo/migrations/Migration025.go:113.16,115.3 1 0
github.com/OpenBazaar/openbazaar-go/repo/migrations/Migration025.go:108.93,113.16 2 1
github.com/OpenBazaar/openbazaar-go/repo/migrations/Migration025.go:105.2,105.44 1 1
github.com/OpenBazaar/openbazaar-go/repo/migrations/Migration025.go:101.17,103.3 1 0
github.com/OpenBazaar/openbazaar-go/repo/migrations/Migration025.go:100.3,100.13 1 1
github.com/OpenBazaar/openbazaar-go/repo/migrations/Migration024.go:92.88,96.2 1 1
github.com/OpenBazaar/openbazaar-go/repo/migrations/Migration024.go:89.2,89.35 1 1
github.com/OpenBazaar/openbazaar-go/repo/migrations/Migration024.go:84.17,86.4 1 0
github.com/OpenBazaar/openbazaar-go/repo/migrations/Migration024.go:83.3,84.17 2 1
github.com/OpenBazaar/openbazaar-go/repo/migrations/Migration024.go:80.17,82.4 1 0
github.com/OpenBazaar/openbazaar-go/repo/migrations/Migration024.go:79.3,80.17 2 1
github.com/OpenBazaar/openbazaar-go/repo/migrations/Migration024.go:77.4,77.31 1 1
github.com/OpenBazaar/openbazaar-go/repo/migrations/Migration024.go:73.18,75.5 1 0
github.com/OpenBazaar/openbazaar-go/repo/migrations/Migration024.go:71.40,73.18 2 1
github.com/OpenBazaar/openbazaar-go/repo/migrations/Migration024.go:71.3,71.40 1 1
github.com/OpenBazaar/openbazaar-go/repo/migrations/Migration024.go:68.17,70.4 1 0
[...]
github.com/OpenBazaar/openbazaar-go/api/jsonapi.go:1373.100,1375.17 2 1
github.com/OpenBazaar/openbazaar-go/api/jsonapi.go:1368.17,1371.4 2 0
github.com/OpenBazaar/openbazaar-go/api/jsonapi.go:1366.8,1368.17 2 0
github.com/OpenBazaar/openbazaar-go/api/jsonapi.go:1364.18,1366.3 1 1
github.com/OpenBazaar/openbazaar-go/api/jsonapi.go:1360.78,1364.18 4 1
github.com/OpenBazaar/openbazaar-go/api/jsonapi.go:1357.2,1357.28 1 1
github.com/OpenBazaar/openbazaar-go/api/jsonapi.go:1353.42,1356.3 2 0
github.com/OpenBazaar/openbazaar-go/api/jsonapi.go:1353.2,1353.42 1 1
github.com/OpenBazaar/openbazaar-go/api/jsonapi.go:135.29,139.5 3 0
github.com/OpenBazaar/openbazaar-go/api/jsonapi.go:1347.16,1350.3 2 0
github.com/OpenBazaar/openbazaar-go/api/jsonapi.go:1346.2,1347.16 2 1
github.com/OpenBazaar/openbazaar-go/api/jsonapi.go:1340.16,1343.3 2 0
github.com/OpenBazaar/openbazaar-go/api/jsonapi.go:133.9,135.29 1 1
github.com/OpenBazaar/openbazaar-go/api/jsonapi.go:1337.2,1340.16 4 1
github.com/OpenBazaar/openbazaar-go/api/jsonapi.go:1333.16,1336.3 2 0
github.com/OpenBazaar/openbazaar-go/api/jsonapi.go:1331.82,1333.16 2 1
github.com/OpenBazaar/openbazaar-go/api/jsonapi.go:1328.2,1328.28 1 0
github.com/OpenBazaar/openbazaar-go/api/jsonapi.go:1324.42,1327.3 2 0
github.com/OpenBazaar/openbazaar-go/api/jsonapi.go:1324.2,1324.42 1 0
github.com/OpenBazaar/openbazaar-go/api/jsonapi.go:1318.16,1321.3 2 0
github.com/OpenBazaar/openbazaar-go/api/jsonapi.go:1317.2,1318.16 2 0
github.com/OpenBazaar/openbazaar-go/api/jsonapi.go:1311.16,1314.3 2 0
github.com/OpenBazaar/openbazaar-go/api/jsonapi.go:1310.2,1311.16 2 0
github.com/OpenBazaar/openbazaar-go/api/jsonapi.go:1304.16,1307.3 2 0
github.com/OpenBazaar/openbazaar-go/api/jsonapi.go:1302.2,1304.16 3 0
github.com/OpenBazaar/openbazaar-go/api/jsonapi.go:1296.25,1299.3 2 1
github.com/OpenBazaar/openbazaar-go/api/jsonapi.go:1293.79,1296.25 3 1
github.com/OpenBazaar/openbazaar-go/api/jsonapi.go:1290.2,1290.28 1 1
github.com/OpenBazaar/openbazaar-go/api/jsonapi.go:1285.16,1288.3 2 0
github.com/OpenBazaar/openbazaar-go/api/jsonapi.go:128.45,132.5 3 0
github.com/OpenBazaar/openbazaar-go/api/jsonapi.go:1284.2,1285.16 2 1
github.com/OpenBazaar/openbazaar-go/api/jsonapi.go:128.4,128.45 1 0
github.com/OpenBazaar/openbazaar-go/api/jsonapi.go:1278.17,1281.4 2 0
github.com/OpenBazaar/openbazaar-go/api/jsonapi.go:1276.29,1278.17 2 1
github.com/OpenBazaar/openbazaar-go/api/jsonapi.go:1276.2,1276.29 1 1
github.com/OpenBazaar/openbazaar-go/api/jsonapi.go:1272.16,1275.3 2 0
github.com/OpenBazaar/openbazaar-go/api/jsonapi.go:1263.80,1272.16 5 1
github.com/OpenBazaar/openbazaar-go/api/jsonapi.go:1260.2,1260.46 1 0
github.com/OpenBazaar/openbazaar-go/api/jsonapi.go:1256.16,1259.3 2 0
github.com/OpenBazaar/openbazaar-go/api/jsonapi.go:1255.2,1256.16 2 0
github.com/OpenBazaar/openbazaar-go/api/jsonapi.go:1251.3,1252.9 2 0
github.com/OpenBazaar/openbazaar-go/api/jsonapi.go:1247.17,1250.4 2 0
github.com/OpenBazaar/openbazaar-go/api/jsonapi.go:1245.2,1245.16 1 0
github.com/OpenBazaar/openbazaar-go/api/jsonapi.go:1245.16,1247.17 2 0
github.com/OpenBazaar/openbazaar-go/api/jsonapi.go:1240.16,1243.3 2 0
github.com/OpenBazaar/openbazaar-go/api/jsonapi.go:1239.2,1240.16 2 0
github.com/OpenBazaar/openbazaar-go/api/jsonapi.go:1233.17,1236.4 2 0
github.com/OpenBazaar/openbazaar-go/api/jsonapi.go:123.18,127.5 3 0
github.com/OpenBazaar/openbazaar-go/api/jsonapi.go:1231.29,1233.17 2 0
github.com/OpenBazaar/openbazaar-go/api/jsonapi.go:1228.2,1231.29 4 0
github.com/OpenBazaar/openbazaar-go/api/jsonapi.go:1223.3,1224.9 2 1
github.com/OpenBazaar/openbazaar-go/api/jsonapi.go:1219.3,1219.22 1 1
github.com/OpenBazaar/openbazaar-go/api/jsonapi.go:1219.22,1222.4 2 0
github.com/OpenBazaar/openbazaar-go/api/jsonapi.go:121.57,123.18 2 0
github.com/OpenBazaar/openbazaar-go/api/jsonapi.go:1214.17,1217.4 2 0
github.com/OpenBazaar/openbazaar-go/api/jsonapi.go:1213.3,1214.17 2 1
github.com/OpenBazaar/openbazaar-go/api/jsonapi.go:1208.3,1208.17 1 1
github.com/OpenBazaar/openbazaar-go/api/jsonapi.go:1208.17,1211.4 2 0
github.com/OpenBazaar/openbazaar-go/api/jsonapi.go:1205.9,1207.4 1 0
github.com/OpenBazaar/openbazaar-go/api/jsonapi.go:1203.17,1205.4 1 1
github.com/OpenBazaar/openbazaar-go/api/jsonapi.go:120.28,121.57 1 1
github.com/OpenBazaar/openbazaar-go/api/jsonapi.go:120.2,120.28 1 1
github.com/OpenBazaar/openbazaar-go/api/jsonapi.go:1197.26,1203.17 2 1
github.com/OpenBazaar/openbazaar-go/api/jsonapi.go:1196.2,1197.26 2 1
github.com/OpenBazaar/openbazaar-go/api/jsonapi.go:1191.2,1191.20 1 1
github.com/OpenBazaar/openbazaar-go/api/jsonapi.go:1191.20,1193.3 1 0
github.com/OpenBazaar/openbazaar-go/api/jsonapi.go:1188.20,1190.3 1 0
github.com/OpenBazaar/openbazaar-go/api/jsonapi.go:1180.79,1188.20 3 1
github.com/OpenBazaar/openbazaar-go/api/jsonapi.go:1175.3,1176.44 2 0
github.com/OpenBazaar/openbazaar-go/api/jsonapi.go:1171.17,1174.4 2 0
github.com/OpenBazaar/openbazaar-go/api/jsonapi.go:1169.8,1171.17 2 0
github.com/OpenBazaar/openbazaar-go/api/jsonapi.go:1168.3,1168.36 1 0
github.com/OpenBazaar/openbazaar-go/api/jsonapi.go:1165.22,1167.4 1 0
github.com/OpenBazaar/openbazaar-go/api/jsonapi.go:1164.3,1165.22 2 0
github.com/OpenBazaar/openbazaar-go/api/jsonapi.go:116.37,118.3 1 0
github.com/OpenBazaar/openbazaar-go/api/jsonapi.go:116.2,116.37 1 1
github.com/OpenBazaar/openbazaar-go/api/jsonapi.go:1160.17,1163.4 2 0
github.com/OpenBazaar/openbazaar-go/api/jsonapi.go:1159.3,1160.17 2 0
github.com/OpenBazaar/openbazaar-go/api/jsonapi.go:1155.17,1158.4 2 0
github.com/OpenBazaar/openbazaar-go/api/jsonapi.go:1154.3,1155.17 2 0
github.com/OpenBazaar/openbazaar-go/api/jsonapi.go:1151.18,1153.4 1 0
github.com/OpenBazaar/openbazaar-go/api/jsonapi.go:1148.101,1151.18 3 0
github.com/OpenBazaar/openbazaar-go/api/jsonapi.go:1145.79,1148.101 3 0
github.com/OpenBazaar/openbazaar-go/api/jsonapi.go:1140.3,1141.36 2 0
github.com/OpenBazaar/openbazaar-go/api/jsonapi.go:1137.3,1137.22 1 0
github.com/OpenBazaar/openbazaar-go/api/jsonapi.go:1137.22,1139.4 1 0
github.com/OpenBazaar/openbazaar-go/api/jsonapi.go:1133.17,1136.4 2 0
github.com/OpenBazaar/openbazaar-go/api/jsonapi.go:1132.3,1133.17 2 0
github.com/OpenBazaar/openbazaar-go/api/jsonapi.go:1129.31,1131.4 1 0
github.com/OpenBazaar/openbazaar-go/api/jsonapi.go:1128.3,1129.31 2 0
github.com/OpenBazaar/openbazaar-go/api/jsonapi.go:1124.17,1127.4 2 0
github.com/OpenBazaar/openbazaar-go/api/jsonapi.go:1122.3,1124.17 3 0
github.com/OpenBazaar/openbazaar-go/api/jsonapi.go:1118.17,1121.4 2 0
github.com/OpenBazaar/openbazaar-go/api/jsonapi.go:1116.8,1118.17 2 0
github.com/OpenBazaar/openbazaar-go/api/jsonapi.go:1115.3,1115.36 1 0
github.com/OpenBazaar/openbazaar-go/api/jsonapi.go:1112.3,1112.22 1 0
github.com/OpenBazaar/openbazaar-go/api/jsonapi.go:1112.22,1114.4 1 0
github.com/OpenBazaar/openbazaar-go/api/jsonapi.go:1108.17,1111.4 2 0
github.com/OpenBazaar/openbazaar-go/api/jsonapi.go:1107.3,1108.17 2 0
github.com/OpenBazaar/openbazaar-go/api/jsonapi.go:1104.31,1106.4 1 0
github.com/OpenBazaar/openbazaar-go/api/jsonapi.go:1103.3,1104.31 2 0
github.com/OpenBazaar/openbazaar-go/api/jsonapi.go:110.26,114.3 3 1
github.com/OpenBazaar/openbazaar-go/api/jsonapi.go:110.2,110.26 1 1
github.com/OpenBazaar/openbazaar-go/api/jsonapi.go:1099.17,1102.4 2 0
github.com/OpenBazaar/openbazaar-go/api/jsonapi.go:1098.3,1099.17 2 0
github.com/OpenBazaar/openbazaar-go/api/jsonapi.go:1094.17,1097.4 2 0
github.com/OpenBazaar/openbazaar-go/api/jsonapi.go:1093.3,1094.17 2 0
github.com/OpenBazaar/openbazaar-go/api/jsonapi.go:1090.18,1092.4 1 0
github.com/OpenBazaar/openbazaar-go/api/jsonapi.go:1087.101,1090.18 3 0
github.com/OpenBazaar/openbazaar-go/api/jsonapi.go:1084.79,1087.101 3 0
github.com/OpenBazaar/openbazaar-go/api/jsonapi.go:1080.3,1080.31 1 0
github.com/OpenBazaar/openbazaar-go/api/jsonapi.go:1076.17,1079.4 2 0
github.com/OpenBazaar/openbazaar-go/api/jsonapi.go:1074.8,1076.17 2 0
github.com/OpenBazaar/openbazaar-go/api/jsonapi.go:1072.3,1072.49 1 1
github.com/OpenBazaar/openbazaar-go/api/jsonapi.go:1068.17,1071.4 2 0
github.com/OpenBazaar/openbazaar-go/api/jsonapi.go:1067.3,1068.17 2 1
github.com/OpenBazaar/openbazaar-go/api/jsonapi.go:1063.17,1066.4 2 0
github.com/OpenBazaar/openbazaar-go/api/jsonapi.go:1061.75,1063.17 2 1
github.com/OpenBazaar/openbazaar-go/api/jsonapi.go:1061.2,1061.75 1 1
github.com/OpenBazaar/openbazaar-go/api/jsonapi.go:1057.16,1060.3 2 1
github.com/OpenBazaar/openbazaar-go/api/jsonapi.go:1056.2,1057.16 2 1
github.com/OpenBazaar/openbazaar-go/api/jsonapi.go:1053.2,1053.17 1 1
github.com/OpenBazaar/openbazaar-go/api/jsonapi.go:1053.17,1055.3 1 0
github.com/OpenBazaar/openbazaar-go/api/jsonapi.go:1050.31,1052.3 1 1
github.com/OpenBazaar/openbazaar-go/api/jsonapi.go:1047.82,1050.31 3 1
github.com/OpenBazaar/openbazaar-go/api/jsonapi.go:1044.2,1044.35 1 0
github.com/OpenBazaar/openbazaar-go/api/jsonapi.go:1041.21,1043.3 1 0
github.com/OpenBazaar/openbazaar-go/api/jsonapi.go:1040.2,1041.21 2 0
github.com/OpenBazaar/openbazaar-go/api/jsonapi.go:1036.27,1038.4 1 0
github.com/OpenBazaar/openbazaar-go/api/jsonapi.go:1035.16,1036.27 1 0
github.com/OpenBazaar/openbazaar-go/api/jsonapi.go:103.42,107.4 3 0
github.com/OpenBazaar/openbazaar-go/api/jsonapi.go:1031.82,1035.16 4 0
github.com/OpenBazaar/openbazaar-go/api/jsonapi.go:1028.2,1028.28 1 1
github.com/OpenBazaar/openbazaar-go/api/jsonapi.go:1024.16,1027.3 2 0
github.com/OpenBazaar/openbazaar-go/api/jsonapi.go:1023.2,1024.16 2 1
github.com/OpenBazaar/openbazaar-go/api/jsonapi.go:1021.3,1021.46 1 0
github.com/OpenBazaar/openbazaar-go/api/jsonapi.go:1018.4,1019.41 2 0
github.com/OpenBazaar/openbazaar-go/api/jsonapi.go:1015.18,1016.13 1 0
github.com/OpenBazaar/openbazaar-go/api/jsonapi.go:1013.46,1015.18 2 0
github.com/OpenBazaar/openbazaar-go/api/jsonapi.go:101.34,103.42 2 0
github.com/OpenBazaar/openbazaar-go/api/jsonapi.go:101.2,101.34 1 1
github.com/OpenBazaar/openbazaar-go/api/jsonapi.go:1011.34,1013.46 2 0
github.com/OpenBazaar/openbazaar-go/api/jsonapi.go:1011.2,1011.34 1 1
github.com/OpenBazaar/openbazaar-go/api/jsonapi.go:1007.43,1009.4 1 0
github.com/OpenBazaar/openbazaar-go/api/jsonapi.go:1007.3,1007.43 1 0
github.com/OpenBazaar/openbazaar-go/api/jsonapi.go:1004.83,1006.4 1 0
github.com/OpenBazaar/openbazaar-go/api/jsonapi.go:1001.37,1004.83 3 0
github.com/OpenBazaar/openbazaar-go/api/jsonapi.go:1001.2,1001.37 1 1
github.com/OpenBazaar/openbazaar-go/api/hub.go:42.13,44.19 2 0
github.com/OpenBazaar/openbazaar-go/api/hub.go:41.22,41.22 0 0
github.com/OpenBazaar/openbazaar-go/api/hub.go:39.33,40.12 1 0
github.com/OpenBazaar/openbazaar-go/api/hub.go:38.27,39.33 1 1
github.com/OpenBazaar/openbazaar-go/api/hub.go:37.4,37.50 1 0
github.com/OpenBazaar/openbazaar-go/api/hub.go:33.37,36.5 2 0
github.com/OpenBazaar/openbazaar-go/api/hub.go:32.28,33.37 1 0
github.com/OpenBazaar/openbazaar-go/api/hub.go:29.26,31.52 2 0
github.com/OpenBazaar/openbazaar-go/api/hub.go:27.6,28.10 1 1
github.com/OpenBazaar/openbazaar-go/api/hub.go:26.21,27.6 1 1
github.com/OpenBazaar/openbazaar-go/api/hub.go:17.20,24.2 1 1
github.com/OpenBazaar/openbazaar-go/api/gateway.go:68.2,68.12 1 0
github.com/OpenBazaar/openbazaar-go/api/gateway.go:65.8,67.3 1 1
github.com/OpenBazaar/openbazaar-go/api/gateway.go:63.18,65.3 1 0
github.com/OpenBazaar/openbazaar-go/api/gateway.go:61.33,63.18 2 1
github.com/OpenBazaar/openbazaar-go/api/gateway.go:55.33,58.2 2 0
github.com/OpenBazaar/openbazaar-go/api/gateway.go:47.2,51.8 1 1
github.com/OpenBazaar/openbazaar-go/api/gateway.go:42.17,44.4 1 0
github.com/OpenBazaar/openbazaar-go/api/gateway.go:40.33,42.17 2 0
github.com/OpenBazaar/openbazaar-go/api/gateway.go:23.181,40.33 10 1
github.com/OpenBazaar/openbazaar-go/api/endpoints.go:98.48,99.24 1 0
github.com/OpenBazaar/openbazaar-go/api/endpoints.go:96.44,97.20 1 0
github.com/OpenBazaar/openbazaar-go/api/endpoints.go:94.51,95.27 1 0
github.com/OpenBazaar/openbazaar-go/api/endpoints.go:92.52,93.28 1 0
github.com/OpenBazaar/openbazaar-go/api/endpoints.go:90.47,91.23 1 0
github.com/OpenBazaar/openbazaar-go/api/endpoints.go:88.48,89.24 1 0
github.com/OpenBazaar/openbazaar-go/api/endpoints.go:8.82,9.9 1 1
github.com/OpenBazaar/openbazaar-go/api/endpoints.go:86.52,87.28 1 0
github.com/OpenBazaar/openbazaar-go/api/endpoints.go:84.62,85.38 1 0
github.com/OpenBazaar/openbazaar-go/api/endpoints.go:82.61,83.37 1 0
github.com/OpenBazaar/openbazaar-go/api/endpoints.go:80.53,81.59 1 0
github.com/OpenBazaar/openbazaar-go/api/endpoints.go:78.48,79.54 1 0
github.com/OpenBazaar/openbazaar-go/api/endpoints.go:76.52,77.28 1 1
github.com/OpenBazaar/openbazaar-go/api/endpoints.go:74.50,75.26 1 1
github.com/OpenBazaar/openbazaar-go/api/endpoints.go:72.43,73.49 1 0
github.com/OpenBazaar/openbazaar-go/api/endpoints.go:70.52,71.58 1 1
github.com/OpenBazaar/openbazaar-go/api/endpoints.go:68.51,69.57 1 0
github.com/OpenBazaar/openbazaar-go/api/endpoints.go:66.51,67.57 1 1
github.com/OpenBazaar/openbazaar-go/api/endpoints.go:64.50,65.56 1 0
github.com/OpenBazaar/openbazaar-go/api/endpoints.go:62.50,63.22 1 0
github.com/OpenBazaar/openbazaar-go/api/endpoints.go:60.59,61.31 1 0
github.com/OpenBazaar/openbazaar-go/api/endpoints.go:58.45,59.51 1 0
github.com/OpenBazaar/openbazaar-go/api/endpoints.go:56.49,57.63 1 0
github.com/OpenBazaar/openbazaar-go/api/endpoints.go:54.54,55.58 1 0
github.com/OpenBazaar/openbazaar-go/api/endpoints.go:52.55,53.57 1 0
github.com/OpenBazaar/openbazaar-go/api/endpoints.go:50.50,51.56 1 0
github.com/OpenBazaar/openbazaar-go/api/endpoints.go:48.56,49.62 1 0
github.com/OpenBazaar/openbazaar-go/api/endpoints.go:46.45,47.21 1 1
github.com/OpenBazaar/openbazaar-go/api/endpoints.go:44.45,45.21 1 1
github.com/OpenBazaar/openbazaar-go/api/endpoints.go:42.48,43.24 1 1
github.com/OpenBazaar/openbazaar-go/api/endpoints.go:40.47,41.23 1 1
github.com/OpenBazaar/openbazaar-go/api/endpoints.go:38.48,39.25 1 1
github.com/OpenBazaar/openbazaar-go/api/endpoints.go:36.45,37.20 1 1
github.com/OpenBazaar/openbazaar-go/api/endpoints.go:34.46,35.22 1 1
github.com/OpenBazaar/openbazaar-go/api/endpoints.go:32.47,33.53 1 0
github.com/OpenBazaar/openbazaar-go/api/endpoints.go:30.45,31.51 1 0
github.com/OpenBazaar/openbazaar-go/api/endpoints.go:28.46,29.22 1 1
github.com/OpenBazaar/openbazaar-go/api/endpoints.go:26.83,27.9 1 1
github.com/OpenBazaar/openbazaar-go/api/endpoints.go:262.149,265.2 2 1
github.com/OpenBazaar/openbazaar-go/api/endpoints.go:259.2,259.14 1 0
github.com/OpenBazaar/openbazaar-go/api/endpoints.go:254.34,256.5 1 0
github.com/OpenBazaar/openbazaar-go/api/endpoints.go:253.34,254.34 1 0
github.com/OpenBazaar/openbazaar-go/api/endpoints.go:252.8,252.29 1 0
github.com/OpenBazaar/openbazaar-go/api/endpoints.go:252.29,253.34 1 0
github.com/OpenBazaar/openbazaar-go/api/endpoints.go:248.34,250.5 1 0
github.com/OpenBazaar/openbazaar-go/api/endpoints.go:247.33,248.34 1 0
github.com/OpenBazaar/openbazaar-go/api/endpoints.go:246.21,247.33 1 0
github.com/OpenBazaar/openbazaar-go/api/endpoints.go:243.51,246.21 3 0
github.com/OpenBazaar/openbazaar-go/api/endpoints.go:238.10,239.53 1 1
github.com/OpenBazaar/openbazaar-go/api/endpoints.go:236.43,237.21 1 1
github.com/OpenBazaar/openbazaar-go/api/endpoints.go:234.48,235.26 1 0
github.com/OpenBazaar/openbazaar-go/api/endpoints.go:232.52,233.29 1 0
github.com/OpenBazaar/openbazaar-go/api/endpoints.go:230.55,231.33 1 0
github.com/OpenBazaar/openbazaar-go/api/endpoints.go:228.50,229.28 1 0
github.com/OpenBazaar/openbazaar-go/api/endpoints.go:226.46,227.24 1 1
github.com/OpenBazaar/openbazaar-go/api/endpoints.go:224.48,225.26 1 1
github.com/OpenBazaar/openbazaar-go/api/endpoints.go:222.86,223.9 1 1
github.com/OpenBazaar/openbazaar-go/api/endpoints.go:217.10,218.53 1 1
github.com/OpenBazaar/openbazaar-go/api/endpoints.go:215.46,216.23 1 0
github.com/OpenBazaar/openbazaar-go/api/endpoints.go:213.47,214.24 1 1
github.com/OpenBazaar/openbazaar-go/api/endpoints.go:211.84,212.9 1 1
github.com/OpenBazaar/openbazaar-go/api/endpoints.go:206.10,207.53 1 1
github.com/OpenBazaar/openbazaar-go/api/endpoints.go:204.43,205.18 1 1
github.com/OpenBazaar/openbazaar-go/api/endpoints.go:202.44,203.19 1 1
github.com/OpenBazaar/openbazaar-go/api/endpoints.go:20.10,21.53 1 1
github.com/OpenBazaar/openbazaar-go/api/endpoints.go:200.47,201.22 1 0
github.com/OpenBazaar/openbazaar-go/api/endpoints.go:198.50,199.25 1 0
github.com/OpenBazaar/openbazaar-go/api/endpoints.go:196.43,197.18 1 0
github.com/OpenBazaar/openbazaar-go/api/endpoints.go:194.49,195.26 1 0
github.com/OpenBazaar/openbazaar-go/api/endpoints.go:192.50,193.25 1 0
github.com/OpenBazaar/openbazaar-go/api/endpoints.go:190.45,191.20 1 0
github.com/OpenBazaar/openbazaar-go/api/endpoints.go:188.46,189.21 1 0
github.com/OpenBazaar/openbazaar-go/api/endpoints.go:186.47,187.18 1 0
github.com/OpenBazaar/openbazaar-go/api/endpoints.go:184.54,185.25 1 0
github.com/OpenBazaar/openbazaar-go/api/endpoints.go:18.43,19.18 1 1
github.com/OpenBazaar/openbazaar-go/api/endpoints.go:182.43,183.18 1 0
github.com/OpenBazaar/openbazaar-go/api/endpoints.go:180.44,181.19 1 1
github.com/OpenBazaar/openbazaar-go/api/endpoints.go:178.44,179.19 1 1
github.com/OpenBazaar/openbazaar-go/api/endpoints.go:176.48,177.23 1 1
github.com/OpenBazaar/openbazaar-go/api/endpoints.go:174.45,175.20 1 0
github.com/OpenBazaar/openbazaar-go/api/endpoints.go:172.45,173.20 1 0
github.com/OpenBazaar/openbazaar-go/api/endpoints.go:170.44,171.19 1 0
github.com/OpenBazaar/openbazaar-go/api/endpoints.go:168.52,169.27 1 1
github.com/OpenBazaar/openbazaar-go/api/endpoints.go:166.56,167.31 1 0
github.com/OpenBazaar/openbazaar-go/api/endpoints.go:16.46,17.21 1 1
github.com/OpenBazaar/openbazaar-go/api/endpoints.go:164.51,165.26 1 0
github.com/OpenBazaar/openbazaar-go/api/endpoints.go:162.49,163.24 1 0
github.com/OpenBazaar/openbazaar-go/api/endpoints.go:160.44,161.19 1 0
github.com/OpenBazaar/openbazaar-go/api/endpoints.go:158.50,159.25 1 0
github.com/OpenBazaar/openbazaar-go/api/endpoints.go:156.48,157.23 1 0
github.com/OpenBazaar/openbazaar-go/api/endpoints.go:154.46,155.21 1 1
github.com/OpenBazaar/openbazaar-go/api/endpoints.go:152.47,153.22 1 1
github.com/OpenBazaar/openbazaar-go/api/endpoints.go:150.46,151.21 1 0
github.com/OpenBazaar/openbazaar-go/api/endpoints.go:148.48,149.23 1 1
github.com/OpenBazaar/openbazaar-go/api/endpoints.go:146.48,147.23 1 0
github.com/OpenBazaar/openbazaar-go/api/endpoints.go:14.48,15.23 1 1
github.com/OpenBazaar/openbazaar-go/api/endpoints.go:144.48,145.23 1 0
github.com/OpenBazaar/openbazaar-go/api/endpoints.go:142.51,143.26 1 1
github.com/OpenBazaar/openbazaar-go/api/endpoints.go:140.51,141.26 1 0
github.com/OpenBazaar/openbazaar-go/api/endpoints.go:138.47,139.22 1 1
github.com/OpenBazaar/openbazaar-go/api/endpoints.go:136.55,137.26 1 0
github.com/OpenBazaar/openbazaar-go/api/endpoints.go:134.50,135.21 1 1
github.com/OpenBazaar/openbazaar-go/api/endpoints.go:132.51,133.22 1 1
github.com/OpenBazaar/openbazaar-go/api/endpoints.go:130.50,131.21 1 1
github.com/OpenBazaar/openbazaar-go/api/endpoints.go:128.45,129.20 1 1
github.com/OpenBazaar/openbazaar-go/api/endpoints.go:126.44,127.19 1 0
github.com/OpenBazaar/openbazaar-go/api/endpoints.go:12.47,13.22 1 1
github.com/OpenBazaar/openbazaar-go/api/endpoints.go:124.45,125.20 1 1
github.com/OpenBazaar/openbazaar-go/api/endpoints.go:122.82,123.9 1 1
github.com/OpenBazaar/openbazaar-go/api/endpoints.go:116.10,117.53 1 1
github.com/OpenBazaar/openbazaar-go/api/endpoints.go:114.57,115.33 1 1
github.com/OpenBazaar/openbazaar-go/api/endpoints.go:112.43,113.19 1 1
github.com/OpenBazaar/openbazaar-go/api/endpoints.go:110.61,111.37 1 0
github.com/OpenBazaar/openbazaar-go/api/endpoints.go:108.49,109.25 1 0
github.com/OpenBazaar/openbazaar-go/api/endpoints.go:106.53,107.29 1 0
github.com/OpenBazaar/openbazaar-go/api/endpoints.go:10.46,11.21 1 1
github.com/OpenBazaar/openbazaar-go/api/endpoints.go:104.46,105.22 1 0
github.com/OpenBazaar/openbazaar-go/api/endpoints.go:102.44,103.20 1 0
github.com/OpenBazaar/openbazaar-go/api/endpoints.go:100.47,101.53 1 0
