mode: set
github.com/whyrusleeping/go-multiplex/multiplex.go:47.60,62.2 3 1
github.com/whyrusleeping/go-multiplex/multiplex.go:64.80,66.15 2 1
github.com/whyrusleeping/go-multiplex/multiplex.go:71.2,78.3 1 1
github.com/whyrusleeping/go-multiplex/multiplex.go:66.15,68.3 1 1
github.com/whyrusleeping/go-multiplex/multiplex.go:68.3,70.3 1 1
github.com/whyrusleeping/go-multiplex/multiplex.go:81.47,82.9 1 1
github.com/whyrusleeping/go-multiplex/multiplex.go:83.2,84.10 1 1
github.com/whyrusleeping/go-multiplex/multiplex.go:87.3,87.16 1 1
github.com/whyrusleeping/go-multiplex/multiplex.go:88.2,89.18 1 0
github.com/whyrusleeping/go-multiplex/multiplex.go:90.2,91.45 1 0
github.com/whyrusleeping/go-multiplex/multiplex.go:84.10,86.4 1 0
github.com/whyrusleeping/go-multiplex/multiplex.go:95.36,96.19 1 1
github.com/whyrusleeping/go-multiplex/multiplex.go:99.2,102.32 4 1
github.com/whyrusleeping/go-multiplex/multiplex.go:105.2,106.28 2 1
github.com/whyrusleeping/go-multiplex/multiplex.go:112.2,112.12 1 1
github.com/whyrusleeping/go-multiplex/multiplex.go:96.19,98.3 1 0
github.com/whyrusleeping/go-multiplex/multiplex.go:102.32,104.3 1 1
github.com/whyrusleeping/go-multiplex/multiplex.go:106.28,108.17 2 1
github.com/whyrusleeping/go-multiplex/multiplex.go:108.17,110.4 1 0
github.com/whyrusleeping/go-multiplex/multiplex.go:115.38,116.9 1 1
github.com/whyrusleeping/go-multiplex/multiplex.go:117.2,118.14 1 0
github.com/whyrusleeping/go-multiplex/multiplex.go:119.2,120.15 1 1
github.com/whyrusleeping/go-multiplex/multiplex.go:124.78,127.18 3 1
github.com/whyrusleeping/go-multiplex/multiplex.go:132.2,135.16 4 1
github.com/whyrusleeping/go-multiplex/multiplex.go:139.2,139.20 1 1
github.com/whyrusleeping/go-multiplex/multiplex.go:145.2,145.18 1 1
github.com/whyrusleeping/go-multiplex/multiplex.go:151.2,151.12 1 1
github.com/whyrusleeping/go-multiplex/multiplex.go:127.18,128.53 1 0
github.com/whyrusleeping/go-multiplex/multiplex.go:128.53,130.4 1 0
github.com/whyrusleeping/go-multiplex/multiplex.go:135.16,137.3 1 0
github.com/whyrusleeping/go-multiplex/multiplex.go:139.20,141.17 2 1
github.com/whyrusleeping/go-multiplex/multiplex.go:141.17,143.4 1 0
github.com/whyrusleeping/go-multiplex/multiplex.go:145.18,146.62 1 0
github.com/whyrusleeping/go-multiplex/multiplex.go:146.62,148.4 1 0
github.com/whyrusleeping/go-multiplex/multiplex.go:154.48,155.18 1 1
github.com/whyrusleeping/go-multiplex/multiplex.go:160.2,161.8 2 1
github.com/whyrusleeping/go-multiplex/multiplex.go:155.18,157.3 1 1
github.com/whyrusleeping/go-multiplex/multiplex.go:157.3,159.3 1 1
github.com/whyrusleeping/go-multiplex/multiplex.go:164.51,166.2 1 1
github.com/whyrusleeping/go-multiplex/multiplex.go:168.67,173.16 4 1
github.com/whyrusleeping/go-multiplex/multiplex.go:176.2,181.16 5 1
github.com/whyrusleeping/go-multiplex/multiplex.go:185.2,185.15 1 1
github.com/whyrusleeping/go-multiplex/multiplex.go:173.16,175.3 1 1
github.com/whyrusleeping/go-multiplex/multiplex.go:181.16,183.3 1 0
github.com/whyrusleeping/go-multiplex/multiplex.go:188.41,189.9 1 0
github.com/whyrusleeping/go-multiplex/multiplex.go:190.2,190.22 0 0
github.com/whyrusleeping/go-multiplex/multiplex.go:191.2,191.19 0 0
github.com/whyrusleeping/go-multiplex/multiplex.go:195.39,197.6 2 1
github.com/whyrusleeping/go-multiplex/multiplex.go:197.6,199.17 2 1
github.com/whyrusleeping/go-multiplex/multiplex.go:204.3,205.17 2 1
github.com/whyrusleeping/go-multiplex/multiplex.go:210.3,213.14 4 1
github.com/whyrusleeping/go-multiplex/multiplex.go:199.17,202.4 2 0
github.com/whyrusleeping/go-multiplex/multiplex.go:205.17,208.4 2 0
github.com/whyrusleeping/go-multiplex/multiplex.go:214.3,215.10 1 1
github.com/whyrusleeping/go-multiplex/multiplex.go:220.4,225.11 6 1
github.com/whyrusleeping/go-multiplex/multiplex.go:231.3,232.11 1 1
github.com/whyrusleeping/go-multiplex/multiplex.go:236.4,239.22 4 1
github.com/whyrusleeping/go-multiplex/multiplex.go:240.3,241.11 1 1
github.com/whyrusleeping/go-multiplex/multiplex.go:245.4,245.19 1 1
github.com/whyrusleeping/go-multiplex/multiplex.go:215.10,217.13 2 0
github.com/whyrusleeping/go-multiplex/multiplex.go:226.4,226.29 0 1
github.com/whyrusleeping/go-multiplex/multiplex.go:227.4,228.11 1 0
github.com/whyrusleeping/go-multiplex/multiplex.go:232.11,233.13 1 1
github.com/whyrusleeping/go-multiplex/multiplex.go:241.11,243.13 2 0
github.com/whyrusleeping/go-multiplex/multiplex.go:250.63,252.16 2 1
github.com/whyrusleeping/go-multiplex/multiplex.go:257.2,261.21 3 1
github.com/whyrusleeping/go-multiplex/multiplex.go:252.16,254.3 1 0
github.com/whyrusleeping/go-multiplex/multiplex.go:264.49,267.16 2 1
github.com/whyrusleeping/go-multiplex/multiplex.go:271.2,271.32 1 1
github.com/whyrusleeping/go-multiplex/multiplex.go:275.2,275.12 1 1
github.com/whyrusleeping/go-multiplex/multiplex.go:279.2,281.16 3 1
github.com/whyrusleeping/go-multiplex/multiplex.go:285.2,285.21 1 1
github.com/whyrusleeping/go-multiplex/multiplex.go:267.16,269.3 1 0
github.com/whyrusleeping/go-multiplex/multiplex.go:271.32,273.3 1 0
github.com/whyrusleeping/go-multiplex/multiplex.go:275.12,277.3 1 1
github.com/whyrusleeping/go-multiplex/multiplex.go:281.16,283.3 1 0
github.com/whyrusleeping/go-multiplex/stream.go:34.32,36.2 1 0
github.com/whyrusleeping/go-multiplex/stream.go:38.36,39.9 1 1
github.com/whyrusleeping/go-multiplex/stream.go:40.2,40.21 0 1
github.com/whyrusleeping/go-multiplex/stream.go:41.2,41.16 0 0
github.com/whyrusleeping/go-multiplex/stream.go:45.57,46.27 1 1
github.com/whyrusleeping/go-multiplex/stream.go:51.2,51.9 1 1
github.com/whyrusleeping/go-multiplex/stream.go:46.27,50.3 3 0
github.com/whyrusleeping/go-multiplex/stream.go:52.2,53.10 1 1
github.com/whyrusleeping/go-multiplex/stream.go:56.3,58.13 3 1
github.com/whyrusleeping/go-multiplex/stream.go:59.2,60.19 1 0
github.com/whyrusleeping/go-multiplex/stream.go:53.10,55.4 1 1
github.com/whyrusleeping/go-multiplex/stream.go:64.46,65.20 1 1
github.com/whyrusleeping/go-multiplex/stream.go:71.2,72.22 2 1
github.com/whyrusleeping/go-multiplex/stream.go:81.2,81.15 1 1
github.com/whyrusleeping/go-multiplex/stream.go:65.20,67.17 2 1
github.com/whyrusleeping/go-multiplex/stream.go:67.17,69.4 1 1
github.com/whyrusleeping/go-multiplex/stream.go:72.22,74.3 1 1
github.com/whyrusleeping/go-multiplex/stream.go:74.3,75.21 1 1
github.com/whyrusleeping/go-multiplex/stream.go:78.3,79.16 2 1
github.com/whyrusleeping/go-multiplex/stream.go:75.21,77.4 1 1
github.com/whyrusleeping/go-multiplex/stream.go:84.47,86.23 2 1
github.com/whyrusleeping/go-multiplex/stream.go:100.2,100.21 1 1
github.com/whyrusleeping/go-multiplex/stream.go:86.23,88.26 2 1
github.com/whyrusleeping/go-multiplex/stream.go:92.3,93.17 2 1
github.com/whyrusleeping/go-multiplex/stream.go:97.3,97.15 1 1
github.com/whyrusleeping/go-multiplex/stream.go:88.26,90.4 1 0
github.com/whyrusleeping/go-multiplex/stream.go:93.17,95.4 1 0
github.com/whyrusleeping/go-multiplex/stream.go:103.47,104.18 1 1
github.com/whyrusleeping/go-multiplex/stream.go:108.2,109.16 2 1
github.com/whyrusleeping/go-multiplex/stream.go:113.2,113.20 1 1
github.com/whyrusleeping/go-multiplex/stream.go:104.18,106.3 1 0
github.com/whyrusleeping/go-multiplex/stream.go:109.16,111.3 1 0
github.com/whyrusleeping/go-multiplex/stream.go:116.34,120.2 3 1
github.com/whyrusleeping/go-multiplex/stream.go:122.32,131.14 7 1
github.com/whyrusleeping/go-multiplex/stream.go:135.2,138.12 4 1
github.com/whyrusleeping/go-multiplex/stream.go:131.14,133.3 1 1
github.com/whyrusleeping/go-multiplex/stream.go:141.49,145.2 3 0
github.com/whyrusleeping/go-multiplex/stream.go:147.53,150.2 2 0
github.com/whyrusleeping/go-multiplex/stream.go:152.54,155.2 2 0
